<?xml version="1.0" encoding="utf-8"?>
<TestRun id="f3420f7d-63a4-4d8a-a052-ac27150b0397" name="@b8d927bdf806 2026-09-26 03:38:06" xmlns="http://microsoft.com/schemas/VisualStudio/TeamTest/2010">
  <Times creation="2026-09-26T03:38:06.7028846+00:00" queuing="2026-09-26T03:38:06.7028848+00:00" start="2026-09-26T03:38:05.4998539+00:00" finish="2026-09-26T03:38:07.8074704+00:00" />
  <TestSettings name="default" id="daa55f5a-b563-45f0-8a2a-3fa32e494d39">
    <Deployment runDeploymentRoot="_b8d927bdf806_2026-09-26_03_38_06" />
  </TestSettings>
  <Results>
    <UnitTestResult executionId="950f55b0-ca79-4f24-9a5a-a4cd5a3bc8cd" testId="decbf650-8eda-1efa-28f4-5a5355f89830" testName="Procurement.Tests.PurchasePostgresScenarios.Changed_quantity_conflicts_against_postgres_without_supplier_call" computerName="b8d927bdf806" duration="00:00:00.0429999" startTime="2026-09-26T03:38:07.1536478+00:00" endTime="2026-09-26T03:38:07.1967546+00:00" testType="13cdc9d9-ddb5-4fa4-a97d-d965ccfc6d4b" outcome="Passed" testListId="8c84fa94-04c1-424b-9868-57a2d4851a1d" relativeResultsDirectory="950f55b0-ca79-4f24-9a5a-a4cd5a3bc8cd" />
    <UnitTestResult executionId="8ccad385-4554-4232-bcdb-8cedf6aceaec" testId="67335bff-30fe-80ab-e17d-e666ecc59a3b" testName="Procurement.Tests.PurchaseScenarios.Malformed_provider_response_is_unknown" computerName="b8d927bdf806" duration="00:00:00.0020000" startTime="2026-09-26T03:38:06.7060587+00:00" endTime="2026-09-26T03:38:06.7091001+00:00" testType="13cdc9d9-ddb5-4fa4-a97d-d965ccfc6d4b" outcome="Passed" testListId="8c84fa94-04c1-424b-9868-57a2d4851a1d" relativeResultsDirectory="8ccad385-4554-4232-bcdb-8cedf6aceaec" />
    <UnitTestResult executionId="d4a0755d-92f9-4af9-841e-acc51ddb23b6" testId="db9bc673-626d-012c-ee01-a9f78f6594f2" testName="Procurement.Tests.PurchasePostgresScenarios.Concurrent_matching_creates_store_one_purchase" computerName="b8d927bdf806" duration="00:00:00.0509999" startTime="2026-09-26T03:38:07.0484407+00:00" endTime="2026-09-26T03:38:07.1000275+00:00" testType="13cdc9d9-ddb5-4fa4-a97d-d965ccfc6d4b" outcome="Passed" testListId="8c84fa94-04c1-424b-9868-57a2d4851a1d" relativeResultsDirectory="d4a0755d-92f9-4af9-841e-acc51ddb23b6" />
    <UnitTestResult executionId="dc6ed6a5-8bfe-45d8-bce1-3f3de4cb2f23" testId="81f2732e-1ea0-00eb-cd3f-9d39e79d8274" testName="Procurement.Tests.SupplierGatewayScenarios.Microcks_profile_keeps_service_prefix_and_supplier_route" computerName="b8d927bdf806" duration="00:00:00.0050000" startTime="2026-09-26T03:38:06.7599706+00:00" endTime="2026-09-26T03:38:06.7656226+00:00" testType="13cdc9d9-ddb5-4fa4-a97d-d965ccfc6d4b" outcome="Passed" testListId="8c84fa94-04c1-424b-9868-57a2d4851a1d" relativeResultsDirectory="dc6ed6a5-8bfe-45d8-bce1-3f3de4cb2f23" />
    <UnitTestResult executionId="dc8f301d-a990-4821-a285-af83dd9f79ff" testId="7755fd51-3b36-3418-6bb2-1f63701fd389" testName="Procurement.Tests.PurchaseScenarios.Reconcile_not_found_keeps_unknown_without_resubmission" computerName="b8d927bdf806" duration="00:00:00.1170000" startTime="2026-09-26T03:38:06.5800391+00:00" endTime="2026-09-26T03:38:06.7051265+00:00" testType="13cdc9d9-ddb5-4fa4-a97d-d965ccfc6d4b" outcome="Passed" testListId="8c84fa94-04c1-424b-9868-57a2d4851a1d" relativeResultsDirectory="dc8f301d-a990-4821-a285-af83dd9f79ff" />
    <UnitTestResult executionId="b6d470ad-16d0-45ae-8360-b08574daa682" testId="273f97b8-0a6e-5d61-18f9-df0e19fcc9b7" testName="Procurement.Tests.SupplierGatewayScenarios.Transport_failure_uses_portable_gateway_error(failure: &quot;network&quot;, expectedCode: &quot;supplier_unavailable&quot;)" computerName="b8d927bdf806" duration="00:00:00.0010000" startTime="2026-09-26T03:38:06.7700423+00:00" endTime="2026-09-26T03:38:06.7706187+00:00" testType="13cdc9d9-ddb5-4fa4-a97d-d965ccfc6d4b" outcome="Passed" testListId="8c84fa94-04c1-424b-9868-57a2d4851a1d" relativeResultsDirectory="b6d470ad-16d0-45ae-8360-b08574daa682" />
    <UnitTestResult executionId="afeace9d-d1bf-419c-8528-056cbb3741d5" testId="06f23880-26f3-8ea7-054f-26789a2e4db8" testName="Procurement.Tests.ReceiptScenarios.Two_partial_receipts_complete_the_order" computerName="b8d927bdf806" duration="00:00:00.0020000" startTime="2026-09-26T03:38:06.6408590+00:00" endTime="2026-09-26T03:38:06.6436993+00:00" testType="13cdc9d9-ddb5-4fa4-a97d-d965ccfc6d4b" outcome="Passed" testListId="8c84fa94-04c1-424b-9868-57a2d4851a1d" relativeResultsDirectory="afeace9d-d1bf-419c-8528-056cbb3741d5" />
    <UnitTestResult executionId="1c11be39-a097-453a-85e2-a803902cdb6b" testId="aa27e1e0-0279-1c8c-c0b6-1a944467be99" testName="Procurement.Tests.ReceiptScenarios.Invalid_second_receipt_preserves_prior_six(quantity: 0)" computerName="b8d927bdf806" duration="00:00:00.0010000" startTime="2026-09-26T03:38:06.6364934+00:00" endTime="2026-09-26T03:38:06.6373605+00:00" testType="13cdc9d9-ddb5-4fa4-a97d-d965ccfc6d4b" outcome="Passed" testListId="8c84fa94-04c1-424b-9868-57a2d4851a1d" relativeResultsDirectory="1c11be39-a097-453a-85e2-a803902cdb6b" />
    <UnitTestResult executionId="c73559dc-6da7-43b2-8830-2f17ad28ae2e" testId="93ca922a-1bd0-1cb7-4c44-02ef227074e8" testName="Procurement.Tests.SupplierGatewayScenarios.Transport_failure_uses_portable_gateway_error(failure: &quot;timeout&quot;, expectedCode: &quot;supplier_timeout&quot;)" computerName="b8d927bdf806" duration="00:00:00.0010000" startTime="2026-09-26T03:38:06.7689064+00:00" endTime="2026-09-26T03:38:06.7697998+00:00" testType="13cdc9d9-ddb5-4fa4-a97d-d965ccfc6d4b" outcome="Passed" testListId="8c84fa94-04c1-424b-9868-57a2d4851a1d" relativeResultsDirectory="c73559dc-6da7-43b2-8830-2f17ad28ae2e" />
    <UnitTestResult executionId="ce6a5795-969e-40da-a9b7-faadea86cb04" testId="4276df7c-5118-7af8-c59b-2ed856aa6ec2" testName="Procurement.Tests.ReceiptPostgresScenarios.Receipt_id_cannot_move_to_another_purchase_or_product" computerName="b8d927bdf806" duration="00:00:00.0840000" startTime="2026-09-26T03:38:07.0995476+00:00" endTime="2026-09-26T03:38:07.1842081+00:00" testType="13cdc9d9-ddb5-4fa4-a97d-d965ccfc6d4b" outcome="Passed" testListId="8c84fa94-04c1-424b-9868-57a2d4851a1d" relativeResultsDirectory="ce6a5795-969e-40da-a9b7-faadea86cb04" />
    <UnitTestResult executionId="df9523ec-7629-423c-b836-16ff2e7addaf" testId="35e4a1b8-bb81-1a64-1937-8500c2d56d3b" testName="Procurement.Tests.PurchaseScenarios.Matching_replay_returns_same_purchase_without_resubmission" computerName="b8d927bdf806" duration="00:00:00.0010000" startTime="2026-09-26T03:38:06.7227526+00:00" endTime="2026-09-26T03:38:06.7237594+00:00" testType="13cdc9d9-ddb5-4fa4-a97d-d965ccfc6d4b" outcome="Passed" testListId="8c84fa94-04c1-424b-9868-57a2d4851a1d" relativeResultsDirectory="df9523ec-7629-423c-b836-16ff2e7addaf" />
    <UnitTestResult executionId="f908950f-6cd1-4574-ac5c-89622a459efc" testId="8b87fae6-4ca6-43cf-dbbf-45cda56219e2" testName="Procurement.Tests.ReceiptPostgresScenarios.Replay_after_source_outbox_deletion_does_not_recreate_event" computerName="b8d927bdf806" duration="00:00:00.0670000" startTime="2026-09-26T03:38:07.1855980+00:00" endTime="2026-09-26T03:38:07.2528480+00:00" testType="13cdc9d9-ddb5-4fa4-a97d-d965ccfc6d4b" outcome="Passed" testListId="8c84fa94-04c1-424b-9868-57a2d4851a1d" relativeResultsDirectory="f908950f-6cd1-4574-ac5c-89622a459efc" />
    <UnitTestResult executionId="918f0f81-4f09-4d6d-853a-cdcdbc1b2e07" testId="986ae7dd-65cc-90a2-7d12-b6f8ce1ca4bb" testName="Procurement.Tests.ReceiptPostgresScenarios.Invalid_follow_up_receipts_leave_postgres_facts_unchanged" computerName="b8d927bdf806" duration="00:00:00.0690000" startTime="2026-09-26T03:38:07.3226801+00:00" endTime="2026-09-26T03:38:07.3927268+00:00" testType="13cdc9d9-ddb5-4fa4-a97d-d965ccfc6d4b" outcome="Passed" testListId="8c84fa94-04c1-424b-9868-57a2d4851a1d" relativeResultsDirectory="918f0f81-4f09-4d6d-853a-cdcdbc1b2e07" />
    <UnitTestResult executionId="99f65140-9a96-47f1-9de0-0b1ea2a0be1d" testId="2249934e-78f5-314a-1dbe-3e8726548dd1" testName="Procurement.Tests.ReceiptPostgresScenarios.Concurrent_receipts_never_expose_mixed_read_snapshot" computerName="b8d927bdf806" duration="00:00:00.3050000" startTime="2026-09-26T03:38:07.3934157+00:00" endTime="2026-09-26T03:38:07.6989755+00:00" testType="13cdc9d9-ddb5-4fa4-a97d-d965ccfc6d4b" outcome="Passed" testListId="8c84fa94-04c1-424b-9868-57a2d4851a1d" relativeResultsDirectory="99f65140-9a96-47f1-9de0-0b1ea2a0be1d" />
    <UnitTestResult executionId="b2f811e7-54f5-42a4-9766-4b03c8cb28fe" testId="0f349c79-f264-9e15-3c68-e2056634c2f1" testName="Procurement.Tests.ReceiptScenarios.Changed_receipt_replay_conflicts" computerName="b8d927bdf806" duration="00:00:00.0010000" startTime="2026-09-26T03:38:06.6452691+00:00" endTime="2026-09-26T03:38:06.6455615+00:00" testType="13cdc9d9-ddb5-4fa4-a97d-d965ccfc6d4b" outcome="Passed" testListId="8c84fa94-04c1-424b-9868-57a2d4851a1d" relativeResultsDirectory="b2f811e7-54f5-42a4-9766-4b03c8cb28fe" />
    <UnitTestResult executionId="5dc19bb0-98f9-413d-9d25-480a0ff3afbf" testId="7d1ab038-c250-fd37-d0f6-3840c9a52e90" testName="Procurement.Tests.SupplierGatewayScenarios.Caller_cancellation_is_not_reported_as_provider_timeout" computerName="b8d927bdf806" duration="00:00:00.0010000" startTime="2026-09-26T03:38:06.7662597+00:00" endTime="2026-09-26T03:38:06.7680438+00:00" testType="13cdc9d9-ddb5-4fa4-a97d-d965ccfc6d4b" outcome="Passed" testListId="8c84fa94-04c1-424b-9868-57a2d4851a1d" relativeResultsDirectory="5dc19bb0-98f9-413d-9d25-480a0ff3afbf" />
    <UnitTestResult executionId="aaafb7d1-7040-456d-ad8c-37f288eaa901" testId="1b202287-7938-dd82-a7aa-57f115b31f9d" testName="Procurement.Tests.PurchaseScenarios.Changed_payload_conflicts_before_supplier_call(field: &quot;provider&quot;)" computerName="b8d927bdf806" duration="00:00:00.0010000" startTime="2026-09-26T03:38:06.7304982+00:00" endTime="2026-09-26T03:38:06.7310899+00:00" testType="13cdc9d9-ddb5-4fa4-a97d-d965ccfc6d4b" outcome="Passed" testListId="8c84fa94-04c1-424b-9868-57a2d4851a1d" relativeResultsDirectory="aaafb7d1-7040-456d-ad8c-37f288eaa901" />
    <UnitTestResult executionId="2636fa41-4dba-4c4b-88db-3fc19d46cd40" testId="16da0901-e4be-2610-4db1-e4716f47ec2f" testName="Procurement.Tests.PurchaseScenarios.Invalid_purchase_fails_before_io(field: &quot;price&quot;)" computerName="b8d927bdf806" duration="00:00:00.0010000" startTime="2026-09-26T03:38:06.7132489+00:00" endTime="2026-09-26T03:38:06.7134705+00:00" testType="13cdc9d9-ddb5-4fa4-a97d-d965ccfc6d4b" outcome="Passed" testListId="8c84fa94-04c1-424b-9868-57a2d4851a1d" relativeResultsDirectory="2636fa41-4dba-4c4b-88db-3fc19d46cd40" />
    <UnitTestResult executionId="265e2ce9-8af4-4971-a89d-8a1a6dae2c2b" testId="90f73909-f012-844a-a924-4cbdae510be4" testName="Procurement.Tests.ReceiptPostgresScenarios.Concurrent_matching_receipt_has_one_commit" computerName="b8d927bdf806" duration="00:00:00.0680000" startTime="2026-09-26T03:38:07.2536837+00:00" endTime="2026-09-26T03:38:07.3218728+00:00" testType="13cdc9d9-ddb5-4fa4-a97d-d965ccfc6d4b" outcome="Passed" testListId="8c84fa94-04c1-424b-9868-57a2d4851a1d" relativeResultsDirectory="265e2ce9-8af4-4971-a89d-8a1a6dae2c2b" />
    <UnitTestResult executionId="791170bd-ffba-442f-bb20-67367d65834a" testId="72520b4b-ab82-3176-a4aa-2a049cc17fbb" testName="Procurement.Tests.PurchaseScenarios.Invalid_purchase_fails_before_io(field: &quot;quantity&quot;)" computerName="b8d927bdf806" duration="00:00:00.0020000" startTime="2026-09-26T03:38:06.7098159+00:00" endTime="2026-09-26T03:38:06.7121639+00:00" testType="13cdc9d9-ddb5-4fa4-a97d-d965ccfc6d4b" outcome="Passed" testListId="8c84fa94-04c1-424b-9868-57a2d4851a1d" relativeResultsDirectory="791170bd-ffba-442f-bb20-67367d65834a" />
    <UnitTestResult executionId="b1150a73-2342-429e-93b5-44b3d15fd5dc" testId="f26623b2-e357-7b22-9258-37d8b9603770" testName="Procurement.Tests.ReceiptScenarios.Invalid_second_receipt_preserves_prior_six(quantity: -1)" computerName="b8d927bdf806" duration="00:00:00.0330000" startTime="2026-09-26T03:38:06.5799887+00:00" endTime="2026-09-26T03:38:06.6295798+00:00" testType="13cdc9d9-ddb5-4fa4-a97d-d965ccfc6d4b" outcome="Passed" testListId="8c84fa94-04c1-424b-9868-57a2d4851a1d" relativeResultsDirectory="b1150a73-2342-429e-93b5-44b3d15fd5dc" />
    <UnitTestResult executionId="f9d768c4-d8c1-4bb1-9f60-dfc4a9404ea8" testId="af4dcd9e-ce58-4b5e-9857-8842d28e1093" testName="Procurement.Tests.PurchaseScenarios.Invalid_purchase_fails_before_io(field: &quot;sku&quot;)" computerName="b8d927bdf806" duration="00:00:00.0010000" startTime="2026-09-26T03:38:06.7140458+00:00" endTime="2026-09-26T03:38:06.7142183+00:00" testType="13cdc9d9-ddb5-4fa4-a97d-d965ccfc6d4b" outcome="Passed" testListId="8c84fa94-04c1-424b-9868-57a2d4851a1d" relativeResultsDirectory="f9d768c4-d8c1-4bb1-9f60-dfc4a9404ea8" />
    <UnitTestResult executionId="a9d3c890-774f-4e02-877f-f9471a2d3926" testId="ceddcdd8-9f2d-83b7-2951-4d5a78d54d4a" testName="Procurement.Tests.PurchasePostgresScenarios.Changed_product_conflicts_against_postgres_without_supplier_call" computerName="b8d927bdf806" duration="00:00:00.0500000" startTime="2026-09-26T03:38:07.1006152+00:00" endTime="2026-09-26T03:38:07.1516633+00:00" testType="13cdc9d9-ddb5-4fa4-a97d-d965ccfc6d4b" outcome="Passed" testListId="8c84fa94-04c1-424b-9868-57a2d4851a1d" relativeResultsDirectory="a9d3c890-774f-4e02-877f-f9471a2d3926" />
    <UnitTestResult executionId="2c93b85e-8e36-4ede-b704-8b35f0a84259" testId="bbf3968c-0002-9f32-595a-8b07024ba97e" testName="Procurement.Tests.PurchaseScenarios.Invalid_purchase_fails_before_io(field: &quot;guid&quot;)" computerName="b8d927bdf806" duration="00:00:00.0010000" startTime="2026-09-26T03:38:06.7136936+00:00" endTime="2026-09-26T03:38:06.7138582+00:00" testType="13cdc9d9-ddb5-4fa4-a97d-d965ccfc6d4b" outcome="Passed" testListId="8c84fa94-04c1-424b-9868-57a2d4851a1d" relativeResultsDirectory="2c93b85e-8e36-4ede-b704-8b35f0a84259" />
    <UnitTestResult executionId="72aaa97e-892d-4b14-91b7-40ffc80c2279" testId="fb3f0677-bb6a-2ead-1678-ee72e6f77973" testName="Procurement.Tests.PurchaseScenarios.New_receipt_timestamp_is_utc_millisecond_precision" computerName="b8d927bdf806" duration="00:00:00.0070000" startTime="2026-09-26T03:38:06.7147768+00:00" endTime="2026-09-26T03:38:06.7219584+00:00" testType="13cdc9d9-ddb5-4fa4-a97d-d965ccfc6d4b" outcome="Passed" testListId="8c84fa94-04c1-424b-9868-57a2d4851a1d" relativeResultsDirectory="72aaa97e-892d-4b14-91b7-40ffc80c2279" />
    <UnitTestResult executionId="7a402118-c19a-4912-adc3-f09b69d6f717" testId="9f0ef041-37df-aa4b-a08e-8f0c06887f30" testName="Procurement.Tests.SupplierGatewayScenarios.Invalid_http_result_never_claims_supplier_acceptance(rowId: &quot;P05-unknown-status&quot;)" computerName="b8d927bdf806" duration="00:00:00.1630000" startTime="2026-09-26T03:38:06.5799608+00:00" endTime="2026-09-26T03:38:06.7549481+00:00" testType="13cdc9d9-ddb5-4fa4-a97d-d965ccfc6d4b" outcome="Passed" testListId="8c84fa94-04c1-424b-9868-57a2d4851a1d" relativeResultsDirectory="7a402118-c19a-4912-adc3-f09b69d6f717" />
    <UnitTestResult executionId="c9b4622e-a344-4e12-8057-533679416c5a" testId="e1bd25a1-2370-edd4-21d6-36a560cf1e2d" testName="Procurement.Tests.PurchaseScenarios.Late_transport_failure_preserves_accepted_order" computerName="b8d927bdf806" duration="00:00:00.0010000" startTime="2026-09-26T03:38:06.7336022+00:00" endTime="2026-09-26T03:38:06.7353435+00:00" testType="13cdc9d9-ddb5-4fa4-a97d-d965ccfc6d4b" outcome="Passed" testListId="8c84fa94-04c1-424b-9868-57a2d4851a1d" relativeResultsDirectory="c9b4622e-a344-4e12-8057-533679416c5a" />
    <UnitTestResult executionId="0ba5619e-0699-4acf-938d-ac7a3eafbad4" testId="e222cec7-e471-72c2-1203-75993fbfa250" testName="Procurement.Tests.ReceiptPostgresScenarios.Receipt_transaction_is_durable_and_race_safe" computerName="b8d927bdf806" duration="00:00:00.5070000" startTime="2026-09-26T03:38:06.5799238+00:00" endTime="2026-09-26T03:38:07.0987414+00:00" testType="13cdc9d9-ddb5-4fa4-a97d-d965ccfc6d4b" outcome="Passed" testListId="8c84fa94-04c1-424b-9868-57a2d4851a1d" relativeResultsDirectory="0ba5619e-0699-4acf-938d-ac7a3eafbad4" />
    <UnitTestResult executionId="c2999356-7386-478a-b14b-6393617588e3" testId="dae406c4-4c7d-7fb7-5bad-6ed8098aebcd" testName="Procurement.Tests.ReceiptScenarios.Matching_terminal_replay_has_one_receipt" computerName="b8d927bdf806" duration="00:00:00.0010000" startTime="2026-09-26T03:38:06.6445536+00:00" endTime="2026-09-26T03:38:06.6448565+00:00" testType="13cdc9d9-ddb5-4fa4-a97d-d965ccfc6d4b" outcome="Passed" testListId="8c84fa94-04c1-424b-9868-57a2d4851a1d" relativeResultsDirectory="c2999356-7386-478a-b14b-6393617588e3" />
    <UnitTestResult executionId="79e23b34-8d73-43c2-b522-0a3fc439ef90" testId="ae5b2fd5-5d09-92d5-5557-5019963ce98b" testName="Procurement.Tests.SupplierGatewayScenarios.Invalid_http_result_never_claims_supplier_acceptance(rowId: &quot;P05-malformed-json&quot;)" computerName="b8d927bdf806" duration="00:00:00.0020000" startTime="2026-09-26T03:38:06.7553369+00:00" endTime="2026-09-26T03:38:06.7574214+00:00" testType="13cdc9d9-ddb5-4fa4-a97d-d965ccfc6d4b" outcome="Passed" testListId="8c84fa94-04c1-424b-9868-57a2d4851a1d" relativeResultsDirectory="79e23b34-8d73-43c2-b522-0a3fc439ef90" />
    <UnitTestResult executionId="c9f63ec0-74df-4668-a432-444b14cfb45e" testId="4b64ffac-1938-3d1e-e0b6-150faa0f74fc" testName="Procurement.Tests.SupplierGatewayScenarios.Invalid_http_result_never_claims_supplier_acceptance(rowId: &quot;P05-identity-mismatch&quot;)" computerName="b8d927bdf806" duration="00:00:00.0010000" startTime="2026-09-26T03:38:06.7577628+00:00" endTime="2026-09-26T03:38:06.7586607+00:00" testType="13cdc9d9-ddb5-4fa4-a97d-d965ccfc6d4b" outcome="Passed" testListId="8c84fa94-04c1-424b-9868-57a2d4851a1d" relativeResultsDirectory="c9f63ec0-74df-4668-a432-444b14cfb45e" />
    <UnitTestResult executionId="1131303c-4897-4981-b768-a185bb88e936" testId="117691dc-3040-82b5-4b98-930f8274fcb8" testName="Procurement.Tests.PurchaseScenarios.Changed_payload_conflicts_before_supplier_call(field: &quot;quantity&quot;)" computerName="b8d927bdf806" duration="00:00:00.0010000" startTime="2026-09-26T03:38:06.7279502+00:00" endTime="2026-09-26T03:38:06.7292297+00:00" testType="13cdc9d9-ddb5-4fa4-a97d-d965ccfc6d4b" outcome="Passed" testListId="8c84fa94-04c1-424b-9868-57a2d4851a1d" relativeResultsDirectory="1131303c-4897-4981-b768-a185bb88e936" />
    <UnitTestResult executionId="7c89d372-1f0f-4c68-ba23-286d0e5b9d3a" testId="b9580daa-7842-a5f5-f0d9-1b3abad3fbba" testName="Procurement.Tests.PurchaseScenarios.Accepted_purchase_uses_original_client_key" computerName="b8d927bdf806" duration="00:00:00.0020000" startTime="2026-09-26T03:38:06.7245647+00:00" endTime="2026-09-26T03:38:06.7271554+00:00" testType="13cdc9d9-ddb5-4fa4-a97d-d965ccfc6d4b" outcome="Passed" testListId="8c84fa94-04c1-424b-9868-57a2d4851a1d" relativeResultsDirectory="7c89d372-1f0f-4c68-ba23-286d0e5b9d3a" />
    <UnitTestResult executionId="e2c1db38-386c-418f-a3e7-f6f02d7e9694" testId="80df4f7e-1a9c-3de5-0c34-9e835cfa5c7b" testName="Procurement.Tests.SupplierGatewayScenarios.Invalid_http_result_never_claims_supplier_acceptance(rowId: &quot;P05-5xx&quot;)" computerName="b8d927bdf806" duration="00:00:00.0010000" startTime="2026-09-26T03:38:06.7589718+00:00" endTime="2026-09-26T03:38:06.7593592+00:00" testType="13cdc9d9-ddb5-4fa4-a97d-d965ccfc6d4b" outcome="Passed" testListId="8c84fa94-04c1-424b-9868-57a2d4851a1d" relativeResultsDirectory="e2c1db38-386c-418f-a3e7-f6f02d7e9694" />
    <UnitTestResult executionId="6919298c-db39-41bc-a077-724e481ef96c" testId="3f4914ef-b698-216b-494b-0283590cb490" testName="Procurement.Tests.PurchaseScenarios.Invalid_purchase_fails_before_io(field: &quot;currency&quot;)" computerName="b8d927bdf806" duration="00:00:00.0010000" startTime="2026-09-26T03:38:06.7125137+00:00" endTime="2026-09-26T03:38:06.7129710+00:00" testType="13cdc9d9-ddb5-4fa4-a97d-d965ccfc6d4b" outcome="Passed" testListId="8c84fa94-04c1-424b-9868-57a2d4851a1d" relativeResultsDirectory="6919298c-db39-41bc-a077-724e481ef96c" />
    <UnitTestResult executionId="0c8af2d0-ed3e-46a5-9ddb-2772566fd3e4" testId="063dbd89-fb17-7484-ffc6-f0b07d389f35" testName="Procurement.Tests.PurchaseScenarios.Changed_payload_conflicts_before_supplier_call(field: &quot;product&quot;)" computerName="b8d927bdf806" duration="00:00:00.0010000" startTime="2026-09-26T03:38:06.7295489+00:00" endTime="2026-09-26T03:38:06.7300943+00:00" testType="13cdc9d9-ddb5-4fa4-a97d-d965ccfc6d4b" outcome="Passed" testListId="8c84fa94-04c1-424b-9868-57a2d4851a1d" relativeResultsDirectory="0c8af2d0-ed3e-46a5-9ddb-2772566fd3e4" />
    <UnitTestResult executionId="010e3d82-67c3-42f4-b27b-93d4391ea08d" testId="2522febd-cb23-72cd-2ff7-2eb3e8665d6d" testName="Procurement.Tests.PurchaseScenarios.Rejected_purchase_forbids_receipt" computerName="b8d927bdf806" duration="00:00:00.0010000" startTime="2026-09-26T03:38:06.7316778+00:00" endTime="2026-09-26T03:38:06.7330362+00:00" testType="13cdc9d9-ddb5-4fa4-a97d-d965ccfc6d4b" outcome="Passed" testListId="8c84fa94-04c1-424b-9868-57a2d4851a1d" relativeResultsDirectory="010e3d82-67c3-42f4-b27b-93d4391ea08d" />
    <UnitTestResult executionId="1ee4494f-7b63-4150-9198-821585793336" testId="4dca77e6-890b-8852-f2b3-0789659a0897" testName="Procurement.Tests.ReceiptScenarios.Invalid_second_receipt_preserves_prior_six(quantity: 5)" computerName="b8d927bdf806" duration="00:00:00.0010000" startTime="2026-09-26T03:38:06.6376734+00:00" endTime="2026-09-26T03:38:06.6379019+00:00" testType="13cdc9d9-ddb5-4fa4-a97d-d965ccfc6d4b" outcome="Passed" testListId="8c84fa94-04c1-424b-9868-57a2d4851a1d" relativeResultsDirectory="1ee4494f-7b63-4150-9198-821585793336" />
    <UnitTestResult executionId="5dcadd66-038b-44f3-9a73-368b67f7c098" testId="be303788-24a2-d447-9975-15b8261ff843" testName="Procurement.Tests.PurchasePostgresScenarios.Changed_provider_conflicts_against_postgres_without_supplier_call" computerName="b8d927bdf806" duration="00:00:00.4490000" startTime="2026-09-26T03:38:06.5800239+00:00" endTime="2026-09-26T03:38:07.0424058+00:00" testType="13cdc9d9-ddb5-4fa4-a97d-d965ccfc6d4b" outcome="Passed" testListId="8c84fa94-04c1-424b-9868-57a2d4851a1d" relativeResultsDirectory="5dcadd66-038b-44f3-9a73-368b67f7c098" />
  </Results>
  <TestDefinitions>
    <UnitTest name="Procurement.Tests.ReceiptPostgresScenarios.Concurrent_matching_receipt_has_one_commit" storage="/workspace/tests/procurement.tests/bin/release/net10.0/procurement.tests.dll" id="90f73909-f012-844a-a924-4cbdae510be4">
      <Execution id="265e2ce9-8af4-4971-a89d-8a1a6dae2c2b" />
      <TestMethod codeBase="/workspace/tests/Procurement.Tests/bin/Release/net10.0/Procurement.Tests.dll" adapterTypeName="executor://xunit/VsTestRunner3/netcore/" className="Procurement.Tests.ReceiptPostgresScenarios" name="Concurrent_matching_receipt_has_one_commit" />
    </UnitTest>
    <UnitTest name="Procurement.Tests.ReceiptPostgresScenarios.Receipt_transaction_is_durable_and_race_safe" storage="/workspace/tests/procurement.tests/bin/release/net10.0/procurement.tests.dll" id="e222cec7-e471-72c2-1203-75993fbfa250">
      <Execution id="0ba5619e-0699-4acf-938d-ac7a3eafbad4" />
      <TestMethod codeBase="/workspace/tests/Procurement.Tests/bin/Release/net10.0/Procurement.Tests.dll" adapterTypeName="executor://xunit/VsTestRunner3/netcore/" className="Procurement.Tests.ReceiptPostgresScenarios" name="Receipt_transaction_is_durable_and_race_safe" />
    </UnitTest>
    <UnitTest name="Procurement.Tests.ReceiptScenarios.Matching_terminal_replay_has_one_receipt" storage="/workspace/tests/procurement.tests/bin/release/net10.0/procurement.tests.dll" id="dae406c4-4c7d-7fb7-5bad-6ed8098aebcd">
      <Execution id="c2999356-7386-478a-b14b-6393617588e3" />
      <TestMethod codeBase="/workspace/tests/Procurement.Tests/bin/Release/net10.0/Procurement.Tests.dll" adapterTypeName="executor://xunit/VsTestRunner3/netcore/" className="Procurement.Tests.ReceiptScenarios" name="Matching_terminal_replay_has_one_receipt" />
    </UnitTest>
    <UnitTest name="Procurement.Tests.PurchaseScenarios.Invalid_purchase_fails_before_io(field: &quot;quantity&quot;)" storage="/workspace/tests/procurement.tests/bin/release/net10.0/procurement.tests.dll" id="72520b4b-ab82-3176-a4aa-2a049cc17fbb">
      <Execution id="791170bd-ffba-442f-bb20-67367d65834a" />
      <TestMethod codeBase="/workspace/tests/Procurement.Tests/bin/Release/net10.0/Procurement.Tests.dll" adapterTypeName="executor://xunit/VsTestRunner3/netcore/" className="Procurement.Tests.PurchaseScenarios" name="Invalid_purchase_fails_before_io" />
    </UnitTest>
    <UnitTest name="Procurement.Tests.PurchaseScenarios.Rejected_purchase_forbids_receipt" storage="/workspace/tests/procurement.tests/bin/release/net10.0/procurement.tests.dll" id="2522febd-cb23-72cd-2ff7-2eb3e8665d6d">
      <Execution id="010e3d82-67c3-42f4-b27b-93d4391ea08d" />
      <TestMethod codeBase="/workspace/tests/Procurement.Tests/bin/Release/net10.0/Procurement.Tests.dll" adapterTypeName="executor://xunit/VsTestRunner3/netcore/" className="Procurement.Tests.PurchaseScenarios" name="Rejected_purchase_forbids_receipt" />
    </UnitTest>
    <UnitTest name="Procurement.Tests.ReceiptScenarios.Two_partial_receipts_complete_the_order" storage="/workspace/tests/procurement.tests/bin/release/net10.0/procurement.tests.dll" id="06f23880-26f3-8ea7-054f-26789a2e4db8">
      <Execution id="afeace9d-d1bf-419c-8528-056cbb3741d5" />
      <TestMethod codeBase="/workspace/tests/Procurement.Tests/bin/Release/net10.0/Procurement.Tests.dll" adapterTypeName="executor://xunit/VsTestRunner3/netcore/" className="Procurement.Tests.ReceiptScenarios" name="Two_partial_receipts_complete_the_order" />
    </UnitTest>
    <UnitTest name="Procurement.Tests.PurchaseScenarios.Malformed_provider_response_is_unknown" storage="/workspace/tests/procurement.tests/bin/release/net10.0/procurement.tests.dll" id="67335bff-30fe-80ab-e17d-e666ecc59a3b">
      <Execution id="8ccad385-4554-4232-bcdb-8cedf6aceaec" />
      <TestMethod codeBase="/workspace/tests/Procurement.Tests/bin/Release/net10.0/Procurement.Tests.dll" adapterTypeName="executor://xunit/VsTestRunner3/netcore/" className="Procurement.Tests.PurchaseScenarios" name="Malformed_provider_response_is_unknown" />
    </UnitTest>
    <UnitTest name="Procurement.Tests.SupplierGatewayScenarios.Invalid_http_result_never_claims_supplier_acceptance(rowId: &quot;P05-unknown-status&quot;)" storage="/workspace/tests/procurement.tests/bin/release/net10.0/procurement.tests.dll" id="9f0ef041-37df-aa4b-a08e-8f0c06887f30">
      <Execution id="7a402118-c19a-4912-adc3-f09b69d6f717" />
      <TestMethod codeBase="/workspace/tests/Procurement.Tests/bin/Release/net10.0/Procurement.Tests.dll" adapterTypeName="executor://xunit/VsTestRunner3/netcore/" className="Procurement.Tests.SupplierGatewayScenarios" name="Invalid_http_result_never_claims_supplier_acceptance" />
    </UnitTest>
    <UnitTest name="Procurement.Tests.PurchaseScenarios.Invalid_purchase_fails_before_io(field: &quot;guid&quot;)" storage="/workspace/tests/procurement.tests/bin/release/net10.0/procurement.tests.dll" id="bbf3968c-0002-9f32-595a-8b07024ba97e">
      <Execution id="2c93b85e-8e36-4ede-b704-8b35f0a84259" />
      <TestMethod codeBase="/workspace/tests/Procurement.Tests/bin/Release/net10.0/Procurement.Tests.dll" adapterTypeName="executor://xunit/VsTestRunner3/netcore/" className="Procurement.Tests.PurchaseScenarios" name="Invalid_purchase_fails_before_io" />
    </UnitTest>
    <UnitTest name="Procurement.Tests.PurchaseScenarios.Reconcile_not_found_keeps_unknown_without_resubmission" storage="/workspace/tests/procurement.tests/bin/release/net10.0/procurement.tests.dll" id="7755fd51-3b36-3418-6bb2-1f63701fd389">
      <Execution id="dc8f301d-a990-4821-a285-af83dd9f79ff" />
      <TestMethod codeBase="/workspace/tests/Procurement.Tests/bin/Release/net10.0/Procurement.Tests.dll" adapterTypeName="executor://xunit/VsTestRunner3/netcore/" className="Procurement.Tests.PurchaseScenarios" name="Reconcile_not_found_keeps_unknown_without_resubmission" />
    </UnitTest>
    <UnitTest name="Procurement.Tests.PurchaseScenarios.Invalid_purchase_fails_before_io(field: &quot;currency&quot;)" storage="/workspace/tests/procurement.tests/bin/release/net10.0/procurement.tests.dll" id="3f4914ef-b698-216b-494b-0283590cb490">
      <Execution id="6919298c-db39-41bc-a077-724e481ef96c" />
      <TestMethod codeBase="/workspace/tests/Procurement.Tests/bin/Release/net10.0/Procurement.Tests.dll" adapterTypeName="executor://xunit/VsTestRunner3/netcore/" className="Procurement.Tests.PurchaseScenarios" name="Invalid_purchase_fails_before_io" />
    </UnitTest>
    <UnitTest name="Procurement.Tests.SupplierGatewayScenarios.Transport_failure_uses_portable_gateway_error(failure: &quot;timeout&quot;, expectedCode: &quot;supplier_timeout&quot;)" storage="/workspace/tests/procurement.tests/bin/release/net10.0/procurement.tests.dll" id="93ca922a-1bd0-1cb7-4c44-02ef227074e8">
      <Execution id="c73559dc-6da7-43b2-8830-2f17ad28ae2e" />
      <TestMethod codeBase="/workspace/tests/Procurement.Tests/bin/Release/net10.0/Procurement.Tests.dll" adapterTypeName="executor://xunit/VsTestRunner3/netcore/" className="Procurement.Tests.SupplierGatewayScenarios" name="Transport_failure_uses_portable_gateway_error" />
    </UnitTest>
    <UnitTest name="Procurement.Tests.PurchaseScenarios.Changed_payload_conflicts_before_supplier_call(field: &quot;provider&quot;)" storage="/workspace/tests/procurement.tests/bin/release/net10.0/procurement.tests.dll" id="1b202287-7938-dd82-a7aa-57f115b31f9d">
      <Execution id="aaafb7d1-7040-456d-ad8c-37f288eaa901" />
      <TestMethod codeBase="/workspace/tests/Procurement.Tests/bin/Release/net10.0/Procurement.Tests.dll" adapterTypeName="executor://xunit/VsTestRunner3/netcore/" className="Procurement.Tests.PurchaseScenarios" name="Changed_payload_conflicts_before_supplier_call" />
    </UnitTest>
    <UnitTest name="Procurement.Tests.SupplierGatewayScenarios.Invalid_http_result_never_claims_supplier_acceptance(rowId: &quot;P05-malformed-json&quot;)" storage="/workspace/tests/procurement.tests/bin/release/net10.0/procurement.tests.dll" id="ae5b2fd5-5d09-92d5-5557-5019963ce98b">
      <Execution id="79e23b34-8d73-43c2-b522-0a3fc439ef90" />
      <TestMethod codeBase="/workspace/tests/Procurement.Tests/bin/Release/net10.0/Procurement.Tests.dll" adapterTypeName="executor://xunit/VsTestRunner3/netcore/" className="Procurement.Tests.SupplierGatewayScenarios" name="Invalid_http_result_never_claims_supplier_acceptance" />
    </UnitTest>
    <UnitTest name="Procurement.Tests.SupplierGatewayScenarios.Invalid_http_result_never_claims_supplier_acceptance(rowId: &quot;P05-5xx&quot;)" storage="/workspace/tests/procurement.tests/bin/release/net10.0/procurement.tests.dll" id="80df4f7e-1a9c-3de5-0c34-9e835cfa5c7b">
      <Execution id="e2c1db38-386c-418f-a3e7-f6f02d7e9694" />
      <TestMethod codeBase="/workspace/tests/Procurement.Tests/bin/Release/net10.0/Procurement.Tests.dll" adapterTypeName="executor://xunit/VsTestRunner3/netcore/" className="Procurement.Tests.SupplierGatewayScenarios" name="Invalid_http_result_never_claims_supplier_acceptance" />
    </UnitTest>
    <UnitTest name="Procurement.Tests.PurchaseScenarios.Changed_payload_conflicts_before_supplier_call(field: &quot;product&quot;)" storage="/workspace/tests/procurement.tests/bin/release/net10.0/procurement.tests.dll" id="063dbd89-fb17-7484-ffc6-f0b07d389f35">
      <Execution id="0c8af2d0-ed3e-46a5-9ddb-2772566fd3e4" />
      <TestMethod codeBase="/workspace/tests/Procurement.Tests/bin/Release/net10.0/Procurement.Tests.dll" adapterTypeName="executor://xunit/VsTestRunner3/netcore/" className="Procurement.Tests.PurchaseScenarios" name="Changed_payload_conflicts_before_supplier_call" />
    </UnitTest>
    <UnitTest name="Procurement.Tests.PurchaseScenarios.Invalid_purchase_fails_before_io(field: &quot;sku&quot;)" storage="/workspace/tests/procurement.tests/bin/release/net10.0/procurement.tests.dll" id="af4dcd9e-ce58-4b5e-9857-8842d28e1093">
      <Execution id="f9d768c4-d8c1-4bb1-9f60-dfc4a9404ea8" />
      <TestMethod codeBase="/workspace/tests/Procurement.Tests/bin/Release/net10.0/Procurement.Tests.dll" adapterTypeName="executor://xunit/VsTestRunner3/netcore/" className="Procurement.Tests.PurchaseScenarios" name="Invalid_purchase_fails_before_io" />
    </UnitTest>
    <UnitTest name="Procurement.Tests.PurchasePostgresScenarios.Changed_provider_conflicts_against_postgres_without_supplier_call" storage="/workspace/tests/procurement.tests/bin/release/net10.0/procurement.tests.dll" id="be303788-24a2-d447-9975-15b8261ff843">
      <Execution id="5dcadd66-038b-44f3-9a73-368b67f7c098" />
      <TestMethod codeBase="/workspace/tests/Procurement.Tests/bin/Release/net10.0/Procurement.Tests.dll" adapterTypeName="executor://xunit/VsTestRunner3/netcore/" className="Procurement.Tests.PurchasePostgresScenarios" name="Changed_provider_conflicts_against_postgres_without_supplier_call" />
    </UnitTest>
    <UnitTest name="Procurement.Tests.PurchasePostgresScenarios.Concurrent_matching_creates_store_one_purchase" storage="/workspace/tests/procurement.tests/bin/release/net10.0/procurement.tests.dll" id="db9bc673-626d-012c-ee01-a9f78f6594f2">
      <Execution id="d4a0755d-92f9-4af9-841e-acc51ddb23b6" />
      <TestMethod codeBase="/workspace/tests/Procurement.Tests/bin/Release/net10.0/Procurement.Tests.dll" adapterTypeName="executor://xunit/VsTestRunner3/netcore/" className="Procurement.Tests.PurchasePostgresScenarios" name="Concurrent_matching_creates_store_one_purchase" />
    </UnitTest>
    <UnitTest name="Procurement.Tests.ReceiptScenarios.Invalid_second_receipt_preserves_prior_six(quantity: -1)" storage="/workspace/tests/procurement.tests/bin/release/net10.0/procurement.tests.dll" id="f26623b2-e357-7b22-9258-37d8b9603770">
      <Execution id="b1150a73-2342-429e-93b5-44b3d15fd5dc" />
      <TestMethod codeBase="/workspace/tests/Procurement.Tests/bin/Release/net10.0/Procurement.Tests.dll" adapterTypeName="executor://xunit/VsTestRunner3/netcore/" className="Procurement.Tests.ReceiptScenarios" name="Invalid_second_receipt_preserves_prior_six" />
    </UnitTest>
    <UnitTest name="Procurement.Tests.PurchaseScenarios.Invalid_purchase_fails_before_io(field: &quot;price&quot;)" storage="/workspace/tests/procurement.tests/bin/release/net10.0/procurement.tests.dll" id="16da0901-e4be-2610-4db1-e4716f47ec2f">
      <Execution id="2636fa41-4dba-4c4b-88db-3fc19d46cd40" />
      <TestMethod codeBase="/workspace/tests/Procurement.Tests/bin/Release/net10.0/Procurement.Tests.dll" adapterTypeName="executor://xunit/VsTestRunner3/netcore/" className="Procurement.Tests.PurchaseScenarios" name="Invalid_purchase_fails_before_io" />
    </UnitTest>
    <UnitTest name="Procurement.Tests.PurchasePostgresScenarios.Changed_product_conflicts_against_postgres_without_supplier_call" storage="/workspace/tests/procurement.tests/bin/release/net10.0/procurement.tests.dll" id="ceddcdd8-9f2d-83b7-2951-4d5a78d54d4a">
      <Execution id="a9d3c890-774f-4e02-877f-f9471a2d3926" />
      <TestMethod codeBase="/workspace/tests/Procurement.Tests/bin/Release/net10.0/Procurement.Tests.dll" adapterTypeName="executor://xunit/VsTestRunner3/netcore/" className="Procurement.Tests.PurchasePostgresScenarios" name="Changed_product_conflicts_against_postgres_without_supplier_call" />
    </UnitTest>
    <UnitTest name="Procurement.Tests.PurchaseScenarios.New_receipt_timestamp_is_utc_millisecond_precision" storage="/workspace/tests/procurement.tests/bin/release/net10.0/procurement.tests.dll" id="fb3f0677-bb6a-2ead-1678-ee72e6f77973">
      <Execution id="72aaa97e-892d-4b14-91b7-40ffc80c2279" />
      <TestMethod codeBase="/workspace/tests/Procurement.Tests/bin/Release/net10.0/Procurement.Tests.dll" adapterTypeName="executor://xunit/VsTestRunner3/netcore/" className="Procurement.Tests.PurchaseScenarios" name="New_receipt_timestamp_is_utc_millisecond_precision" />
    </UnitTest>
    <UnitTest name="Procurement.Tests.SupplierGatewayScenarios.Invalid_http_result_never_claims_supplier_acceptance(rowId: &quot;P05-identity-mismatch&quot;)" storage="/workspace/tests/procurement.tests/bin/release/net10.0/procurement.tests.dll" id="4b64ffac-1938-3d1e-e0b6-150faa0f74fc">
      <Execution id="c9f63ec0-74df-4668-a432-444b14cfb45e" />
      <TestMethod codeBase="/workspace/tests/Procurement.Tests/bin/Release/net10.0/Procurement.Tests.dll" adapterTypeName="executor://xunit/VsTestRunner3/netcore/" className="Procurement.Tests.SupplierGatewayScenarios" name="Invalid_http_result_never_claims_supplier_acceptance" />
    </UnitTest>
    <UnitTest name="Procurement.Tests.SupplierGatewayScenarios.Microcks_profile_keeps_service_prefix_and_supplier_route" storage="/workspace/tests/procurement.tests/bin/release/net10.0/procurement.tests.dll" id="81f2732e-1ea0-00eb-cd3f-9d39e79d8274">
      <Execution id="dc6ed6a5-8bfe-45d8-bce1-3f3de4cb2f23" />
      <TestMethod codeBase="/workspace/tests/Procurement.Tests/bin/Release/net10.0/Procurement.Tests.dll" adapterTypeName="executor://xunit/VsTestRunner3/netcore/" className="Procurement.Tests.SupplierGatewayScenarios" name="Microcks_profile_keeps_service_prefix_and_supplier_route" />
    </UnitTest>
    <UnitTest name="Procurement.Tests.PurchaseScenarios.Accepted_purchase_uses_original_client_key" storage="/workspace/tests/procurement.tests/bin/release/net10.0/procurement.tests.dll" id="b9580daa-7842-a5f5-f0d9-1b3abad3fbba">
      <Execution id="7c89d372-1f0f-4c68-ba23-286d0e5b9d3a" />
      <TestMethod codeBase="/workspace/tests/Procurement.Tests/bin/Release/net10.0/Procurement.Tests.dll" adapterTypeName="executor://xunit/VsTestRunner3/netcore/" className="Procurement.Tests.PurchaseScenarios" name="Accepted_purchase_uses_original_client_key" />
    </UnitTest>
    <UnitTest name="Procurement.Tests.ReceiptPostgresScenarios.Receipt_id_cannot_move_to_another_purchase_or_product" storage="/workspace/tests/procurement.tests/bin/release/net10.0/procurement.tests.dll" id="4276df7c-5118-7af8-c59b-2ed856aa6ec2">
      <Execution id="ce6a5795-969e-40da-a9b7-faadea86cb04" />
      <TestMethod codeBase="/workspace/tests/Procurement.Tests/bin/Release/net10.0/Procurement.Tests.dll" adapterTypeName="executor://xunit/VsTestRunner3/netcore/" className="Procurement.Tests.ReceiptPostgresScenarios" name="Receipt_id_cannot_move_to_another_purchase_or_product" />
    </UnitTest>
    <UnitTest name="Procurement.Tests.SupplierGatewayScenarios.Caller_cancellation_is_not_reported_as_provider_timeout" storage="/workspace/tests/procurement.tests/bin/release/net10.0/procurement.tests.dll" id="7d1ab038-c250-fd37-d0f6-3840c9a52e90">
      <Execution id="5dc19bb0-98f9-413d-9d25-480a0ff3afbf" />
      <TestMethod codeBase="/workspace/tests/Procurement.Tests/bin/Release/net10.0/Procurement.Tests.dll" adapterTypeName="executor://xunit/VsTestRunner3/netcore/" className="Procurement.Tests.SupplierGatewayScenarios" name="Caller_cancellation_is_not_reported_as_provider_timeout" />
    </UnitTest>
    <UnitTest name="Procurement.Tests.ReceiptPostgresScenarios.Concurrent_receipts_never_expose_mixed_read_snapshot" storage="/workspace/tests/procurement.tests/bin/release/net10.0/procurement.tests.dll" id="2249934e-78f5-314a-1dbe-3e8726548dd1">
      <Execution id="99f65140-9a96-47f1-9de0-0b1ea2a0be1d" />
      <TestMethod codeBase="/workspace/tests/Procurement.Tests/bin/Release/net10.0/Procurement.Tests.dll" adapterTypeName="executor://xunit/VsTestRunner3/netcore/" className="Procurement.Tests.ReceiptPostgresScenarios" name="Concurrent_receipts_never_expose_mixed_read_snapshot" />
    </UnitTest>
    <UnitTest name="Procurement.Tests.PurchasePostgresScenarios.Changed_quantity_conflicts_against_postgres_without_supplier_call" storage="/workspace/tests/procurement.tests/bin/release/net10.0/procurement.tests.dll" id="decbf650-8eda-1efa-28f4-5a5355f89830">
      <Execution id="950f55b0-ca79-4f24-9a5a-a4cd5a3bc8cd" />
      <TestMethod codeBase="/workspace/tests/Procurement.Tests/bin/Release/net10.0/Procurement.Tests.dll" adapterTypeName="executor://xunit/VsTestRunner3/netcore/" className="Procurement.Tests.PurchasePostgresScenarios" name="Changed_quantity_conflicts_against_postgres_without_supplier_call" />
    </UnitTest>
    <UnitTest name="Procurement.Tests.PurchaseScenarios.Matching_replay_returns_same_purchase_without_resubmission" storage="/workspace/tests/procurement.tests/bin/release/net10.0/procurement.tests.dll" id="35e4a1b8-bb81-1a64-1937-8500c2d56d3b">
      <Execution id="df9523ec-7629-423c-b836-16ff2e7addaf" />
      <TestMethod codeBase="/workspace/tests/Procurement.Tests/bin/Release/net10.0/Procurement.Tests.dll" adapterTypeName="executor://xunit/VsTestRunner3/netcore/" className="Procurement.Tests.PurchaseScenarios" name="Matching_replay_returns_same_purchase_without_resubmission" />
    </UnitTest>
    <UnitTest name="Procurement.Tests.SupplierGatewayScenarios.Transport_failure_uses_portable_gateway_error(failure: &quot;network&quot;, expectedCode: &quot;supplier_unavailable&quot;)" storage="/workspace/tests/procurement.tests/bin/release/net10.0/procurement.tests.dll" id="273f97b8-0a6e-5d61-18f9-df0e19fcc9b7">
      <Execution id="b6d470ad-16d0-45ae-8360-b08574daa682" />
      <TestMethod codeBase="/workspace/tests/Procurement.Tests/bin/Release/net10.0/Procurement.Tests.dll" adapterTypeName="executor://xunit/VsTestRunner3/netcore/" className="Procurement.Tests.SupplierGatewayScenarios" name="Transport_failure_uses_portable_gateway_error" />
    </UnitTest>
    <UnitTest name="Procurement.Tests.ReceiptPostgresScenarios.Invalid_follow_up_receipts_leave_postgres_facts_unchanged" storage="/workspace/tests/procurement.tests/bin/release/net10.0/procurement.tests.dll" id="986ae7dd-65cc-90a2-7d12-b6f8ce1ca4bb">
      <Execution id="918f0f81-4f09-4d6d-853a-cdcdbc1b2e07" />
      <TestMethod codeBase="/workspace/tests/Procurement.Tests/bin/Release/net10.0/Procurement.Tests.dll" adapterTypeName="executor://xunit/VsTestRunner3/netcore/" className="Procurement.Tests.ReceiptPostgresScenarios" name="Invalid_follow_up_receipts_leave_postgres_facts_unchanged" />
    </UnitTest>
    <UnitTest name="Procurement.Tests.ReceiptScenarios.Changed_receipt_replay_conflicts" storage="/workspace/tests/procurement.tests/bin/release/net10.0/procurement.tests.dll" id="0f349c79-f264-9e15-3c68-e2056634c2f1">
      <Execution id="b2f811e7-54f5-42a4-9766-4b03c8cb28fe" />
      <TestMethod codeBase="/workspace/tests/Procurement.Tests/bin/Release/net10.0/Procurement.Tests.dll" adapterTypeName="executor://xunit/VsTestRunner3/netcore/" className="Procurement.Tests.ReceiptScenarios" name="Changed_receipt_replay_conflicts" />
    </UnitTest>
    <UnitTest name="Procurement.Tests.ReceiptScenarios.Invalid_second_receipt_preserves_prior_six(quantity: 0)" storage="/workspace/tests/procurement.tests/bin/release/net10.0/procurement.tests.dll" id="aa27e1e0-0279-1c8c-c0b6-1a944467be99">
      <Execution id="1c11be39-a097-453a-85e2-a803902cdb6b" />
      <TestMethod codeBase="/workspace/tests/Procurement.Tests/bin/Release/net10.0/Procurement.Tests.dll" adapterTypeName="executor://xunit/VsTestRunner3/netcore/" className="Procurement.Tests.ReceiptScenarios" name="Invalid_second_receipt_preserves_prior_six" />
    </UnitTest>
    <UnitTest name="Procurement.Tests.ReceiptPostgresScenarios.Replay_after_source_outbox_deletion_does_not_recreate_event" storage="/workspace/tests/procurement.tests/bin/release/net10.0/procurement.tests.dll" id="8b87fae6-4ca6-43cf-dbbf-45cda56219e2">
      <Execution id="f908950f-6cd1-4574-ac5c-89622a459efc" />
      <TestMethod codeBase="/workspace/tests/Procurement.Tests/bin/Release/net10.0/Procurement.Tests.dll" adapterTypeName="executor://xunit/VsTestRunner3/netcore/" className="Procurement.Tests.ReceiptPostgresScenarios" name="Replay_after_source_outbox_deletion_does_not_recreate_event" />
    </UnitTest>
    <UnitTest name="Procurement.Tests.ReceiptScenarios.Invalid_second_receipt_preserves_prior_six(quantity: 5)" storage="/workspace/tests/procurement.tests/bin/release/net10.0/procurement.tests.dll" id="4dca77e6-890b-8852-f2b3-0789659a0897">
      <Execution id="1ee4494f-7b63-4150-9198-821585793336" />
      <TestMethod codeBase="/workspace/tests/Procurement.Tests/bin/Release/net10.0/Procurement.Tests.dll" adapterTypeName="executor://xunit/VsTestRunner3/netcore/" className="Procurement.Tests.ReceiptScenarios" name="Invalid_second_receipt_preserves_prior_six" />
    </UnitTest>
    <UnitTest name="Procurement.Tests.PurchaseScenarios.Late_transport_failure_preserves_accepted_order" storage="/workspace/tests/procurement.tests/bin/release/net10.0/procurement.tests.dll" id="e1bd25a1-2370-edd4-21d6-36a560cf1e2d">
      <Execution id="c9b4622e-a344-4e12-8057-533679416c5a" />
      <TestMethod codeBase="/workspace/tests/Procurement.Tests/bin/Release/net10.0/Procurement.Tests.dll" adapterTypeName="executor://xunit/VsTestRunner3/netcore/" className="Procurement.Tests.PurchaseScenarios" name="Late_transport_failure_preserves_accepted_order" />
    </UnitTest>
    <UnitTest name="Procurement.Tests.PurchaseScenarios.Changed_payload_conflicts_before_supplier_call(field: &quot;quantity&quot;)" storage="/workspace/tests/procurement.tests/bin/release/net10.0/procurement.tests.dll" id="117691dc-3040-82b5-4b98-930f8274fcb8">
      <Execution id="1131303c-4897-4981-b768-a185bb88e936" />
      <TestMethod codeBase="/workspace/tests/Procurement.Tests/bin/Release/net10.0/Procurement.Tests.dll" adapterTypeName="executor://xunit/VsTestRunner3/netcore/" className="Procurement.Tests.PurchaseScenarios" name="Changed_payload_conflicts_before_supplier_call" />
    </UnitTest>
  </TestDefinitions>
  <TestEntries>
    <TestEntry testId="decbf650-8eda-1efa-28f4-5a5355f89830" executionId="950f55b0-ca79-4f24-9a5a-a4cd5a3bc8cd" testListId="8c84fa94-04c1-424b-9868-57a2d4851a1d" />
    <TestEntry testId="67335bff-30fe-80ab-e17d-e666ecc59a3b" executionId="8ccad385-4554-4232-bcdb-8cedf6aceaec" testListId="8c84fa94-04c1-424b-9868-57a2d4851a1d" />
    <TestEntry testId="db9bc673-626d-012c-ee01-a9f78f6594f2" executionId="d4a0755d-92f9-4af9-841e-acc51ddb23b6" testListId="8c84fa94-04c1-424b-9868-57a2d4851a1d" />
    <TestEntry testId="81f2732e-1ea0-00eb-cd3f-9d39e79d8274" executionId="dc6ed6a5-8bfe-45d8-bce1-3f3de4cb2f23" testListId="8c84fa94-04c1-424b-9868-57a2d4851a1d" />
    <TestEntry testId="7755fd51-3b36-3418-6bb2-1f63701fd389" executionId="dc8f301d-a990-4821-a285-af83dd9f79ff" testListId="8c84fa94-04c1-424b-9868-57a2d4851a1d" />
    <TestEntry testId="273f97b8-0a6e-5d61-18f9-df0e19fcc9b7" executionId="b6d470ad-16d0-45ae-8360-b08574daa682" testListId="8c84fa94-04c1-424b-9868-57a2d4851a1d" />
    <TestEntry testId="06f23880-26f3-8ea7-054f-26789a2e4db8" executionId="afeace9d-d1bf-419c-8528-056cbb3741d5" testListId="8c84fa94-04c1-424b-9868-57a2d4851a1d" />
    <TestEntry testId="aa27e1e0-0279-1c8c-c0b6-1a944467be99" executionId="1c11be39-a097-453a-85e2-a803902cdb6b" testListId="8c84fa94-04c1-424b-9868-57a2d4851a1d" />
    <TestEntry testId="93ca922a-1bd0-1cb7-4c44-02ef227074e8" executionId="c73559dc-6da7-43b2-8830-2f17ad28ae2e" testListId="8c84fa94-04c1-424b-9868-57a2d4851a1d" />
    <TestEntry testId="4276df7c-5118-7af8-c59b-2ed856aa6ec2" executionId="ce6a5795-969e-40da-a9b7-faadea86cb04" testListId="8c84fa94-04c1-424b-9868-57a2d4851a1d" />
    <TestEntry testId="35e4a1b8-bb81-1a64-1937-8500c2d56d3b" executionId="df9523ec-7629-423c-b836-16ff2e7addaf" testListId="8c84fa94-04c1-424b-9868-57a2d4851a1d" />
    <TestEntry testId="8b87fae6-4ca6-43cf-dbbf-45cda56219e2" executionId="f908950f-6cd1-4574-ac5c-89622a459efc" testListId="8c84fa94-04c1-424b-9868-57a2d4851a1d" />
    <TestEntry testId="986ae7dd-65cc-90a2-7d12-b6f8ce1ca4bb" executionId="918f0f81-4f09-4d6d-853a-cdcdbc1b2e07" testListId="8c84fa94-04c1-424b-9868-57a2d4851a1d" />
    <TestEntry testId="2249934e-78f5-314a-1dbe-3e8726548dd1" executionId="99f65140-9a96-47f1-9de0-0b1ea2a0be1d" testListId="8c84fa94-04c1-424b-9868-57a2d4851a1d" />
    <TestEntry testId="0f349c79-f264-9e15-3c68-e2056634c2f1" executionId="b2f811e7-54f5-42a4-9766-4b03c8cb28fe" testListId="8c84fa94-04c1-424b-9868-57a2d4851a1d" />
    <TestEntry testId="7d1ab038-c250-fd37-d0f6-3840c9a52e90" executionId="5dc19bb0-98f9-413d-9d25-480a0ff3afbf" testListId="8c84fa94-04c1-424b-9868-57a2d4851a1d" />
    <TestEntry testId="1b202287-7938-dd82-a7aa-57f115b31f9d" executionId="aaafb7d1-7040-456d-ad8c-37f288eaa901" testListId="8c84fa94-04c1-424b-9868-57a2d4851a1d" />
    <TestEntry testId="16da0901-e4be-2610-4db1-e4716f47ec2f" executionId="2636fa41-4dba-4c4b-88db-3fc19d46cd40" testListId="8c84fa94-04c1-424b-9868-57a2d4851a1d" />
    <TestEntry testId="90f73909-f012-844a-a924-4cbdae510be4" executionId="265e2ce9-8af4-4971-a89d-8a1a6dae2c2b" testListId="8c84fa94-04c1-424b-9868-57a2d4851a1d" />
    <TestEntry testId="72520b4b-ab82-3176-a4aa-2a049cc17fbb" executionId="791170bd-ffba-442f-bb20-67367d65834a" testListId="8c84fa94-04c1-424b-9868-57a2d4851a1d" />
    <TestEntry testId="f26623b2-e357-7b22-9258-37d8b9603770" executionId="b1150a73-2342-429e-93b5-44b3d15fd5dc" testListId="8c84fa94-04c1-424b-9868-57a2d4851a1d" />
    <TestEntry testId="af4dcd9e-ce58-4b5e-9857-8842d28e1093" executionId="f9d768c4-d8c1-4bb1-9f60-dfc4a9404ea8" testListId="8c84fa94-04c1-424b-9868-57a2d4851a1d" />
    <TestEntry testId="ceddcdd8-9f2d-83b7-2951-4d5a78d54d4a" executionId="a9d3c890-774f-4e02-877f-f9471a2d3926" testListId="8c84fa94-04c1-424b-9868-57a2d4851a1d" />
    <TestEntry testId="bbf3968c-0002-9f32-595a-8b07024ba97e" executionId="2c93b85e-8e36-4ede-b704-8b35f0a84259" testListId="8c84fa94-04c1-424b-9868-57a2d4851a1d" />
    <TestEntry testId="fb3f0677-bb6a-2ead-1678-ee72e6f77973" executionId="72aaa97e-892d-4b14-91b7-40ffc80c2279" testListId="8c84fa94-04c1-424b-9868-57a2d4851a1d" />
    <TestEntry testId="9f0ef041-37df-aa4b-a08e-8f0c06887f30" executionId="7a402118-c19a-4912-adc3-f09b69d6f717" testListId="8c84fa94-04c1-424b-9868-57a2d4851a1d" />
    <TestEntry testId="e1bd25a1-2370-edd4-21d6-36a560cf1e2d" executionId="c9b4622e-a344-4e12-8057-533679416c5a" testListId="8c84fa94-04c1-424b-9868-57a2d4851a1d" />
    <TestEntry testId="e222cec7-e471-72c2-1203-75993fbfa250" executionId="0ba5619e-0699-4acf-938d-ac7a3eafbad4" testListId="8c84fa94-04c1-424b-9868-57a2d4851a1d" />
    <TestEntry testId="dae406c4-4c7d-7fb7-5bad-6ed8098aebcd" executionId="c2999356-7386-478a-b14b-6393617588e3" testListId="8c84fa94-04c1-424b-9868-57a2d4851a1d" />
    <TestEntry testId="ae5b2fd5-5d09-92d5-5557-5019963ce98b" executionId="79e23b34-8d73-43c2-b522-0a3fc439ef90" testListId="8c84fa94-04c1-424b-9868-57a2d4851a1d" />
    <TestEntry testId="4b64ffac-1938-3d1e-e0b6-150faa0f74fc" executionId="c9f63ec0-74df-4668-a432-444b14cfb45e" testListId="8c84fa94-04c1-424b-9868-57a2d4851a1d" />
    <TestEntry testId="117691dc-3040-82b5-4b98-930f8274fcb8" executionId="1131303c-4897-4981-b768-a185bb88e936" testListId="8c84fa94-04c1-424b-9868-57a2d4851a1d" />
    <TestEntry testId="b9580daa-7842-a5f5-f0d9-1b3abad3fbba" executionId="7c89d372-1f0f-4c68-ba23-286d0e5b9d3a" testListId="8c84fa94-04c1-424b-9868-57a2d4851a1d" />
    <TestEntry testId="80df4f7e-1a9c-3de5-0c34-9e835cfa5c7b" executionId="e2c1db38-386c-418f-a3e7-f6f02d7e9694" testListId="8c84fa94-04c1-424b-9868-57a2d4851a1d" />
    <TestEntry testId="3f4914ef-b698-216b-494b-0283590cb490" executionId="6919298c-db39-41bc-a077-724e481ef96c" testListId="8c84fa94-04c1-424b-9868-57a2d4851a1d" />
    <TestEntry testId="063dbd89-fb17-7484-ffc6-f0b07d389f35" executionId="0c8af2d0-ed3e-46a5-9ddb-2772566fd3e4" testListId="8c84fa94-04c1-424b-9868-57a2d4851a1d" />
    <TestEntry testId="2522febd-cb23-72cd-2ff7-2eb3e8665d6d" executionId="010e3d82-67c3-42f4-b27b-93d4391ea08d" testListId="8c84fa94-04c1-424b-9868-57a2d4851a1d" />
    <TestEntry testId="4dca77e6-890b-8852-f2b3-0789659a0897" executionId="1ee4494f-7b63-4150-9198-821585793336" testListId="8c84fa94-04c1-424b-9868-57a2d4851a1d" />
    <TestEntry testId="be303788-24a2-d447-9975-15b8261ff843" executionId="5dcadd66-038b-44f3-9a73-368b67f7c098" testListId="8c84fa94-04c1-424b-9868-57a2d4851a1d" />
  </TestEntries>
  <TestLists>
    <TestList name="Results Not in a List" id="8c84fa94-04c1-424b-9868-57a2d4851a1d" />
    <TestList name="All Loaded Results" id="19431567-8539-422a-85d7-44ee4e166bda" />
  </TestLists>
  <ResultSummary outcome="Completed">
    <Counters total="39" executed="39" passed="39" failed="0" error="0" timeout="0" aborted="0" inconclusive="0" passedButRunAborted="0" notRunnable="0" notExecuted="0" disconnected="0" warning="0" completed="0" inProgress="0" pending="0" />
    <Output>
      <StdOut>[xUnit.net 00:00:00.00] xUnit.net VSTest Adapter v4.0.0+05679a7ab5 (64-bit .NET 10.0.12)
[xUnit.net 00:00:00.17]   Discovering: Procurement.Tests
[xUnit.net 00:00:00.42]   Discovered:  Procurement.Tests
[xUnit.net 00:00:00.60]   Starting:    Procurement.Tests
[xUnit.net 00:00:01.88]   Finished:    Procurement.Tests (ID = '91336ede3cee21bf78b1a9fe329d74acb076cf2a7592bcb160bac6c324d087a5')
</StdOut>
    </Output>
  </ResultSummary>
</TestRun>