<?xml version="1.0" encoding="utf-8"?>
<TestRun id="dc2d104c-97ef-4e16-8aa3-1f0a7bb729c4" name="@e55d1e0c1fa9 2026-09-26 03:38:15" xmlns="http://microsoft.com/schemas/VisualStudio/TeamTest/2010">
  <Times creation="2026-09-26T03:38:15.2347200+00:00" queuing="2026-09-26T03:38:15.2347201+00:00" start="2026-09-26T03:38:13.0217189+00:00" finish="2026-09-26T03:38:15.2403579+00:00" />
  <TestSettings name="default" id="91aeb8b2-acd8-411d-bd7a-926167e30da7">
    <Deployment runDeploymentRoot="_e55d1e0c1fa9_2026-09-26_03_38_15" />
  </TestSettings>
  <Results>
    <UnitTestResult executionId="56a708dc-5531-44c2-b63d-0b8d4cd0e8e4" testId="b3698119-91d4-3b5f-3fbc-f37774d28ec8" testName="SupplierMockTests.M07_Given_concurrent_mode_resets_When_native_http_is_used_Then_selected_mode_matches_a_complete_mapping_set" computerName="e55d1e0c1fa9" duration="00:00:00.2450000" startTime="2026-09-26T03:38:14.8825217+00:00" endTime="2026-09-26T03:38:15.1287541+00:00" testType="13cdc9d9-ddb5-4fa4-a97d-d965ccfc6d4b" outcome="Passed" testListId="8c84fa94-04c1-424b-9868-57a2d4851a1d" relativeResultsDirectory="56a708dc-5531-44c2-b63d-0b8d4cd0e8e4" />
    <UnitTestResult executionId="f09c797c-512a-4cb5-8910-a2ebd95c5bc1" testId="28116237-4562-7dca-1aaf-986ffb787e16" testName="SupplierMockTests.M01_M02_Given_a_real_local_upstream_When_modes_select_fixtures_proxy_or_mock_miss_Then_native_wiremock_forwards_only_the_selected_requests" computerName="e55d1e0c1fa9" duration="00:00:00.8390000" startTime="2026-09-26T03:38:14.0190449+00:00" endTime="2026-09-26T03:38:14.8708538+00:00" testType="13cdc9d9-ddb5-4fa4-a97d-d965ccfc6d4b" outcome="Passed" testListId="8c84fa94-04c1-424b-9868-57a2d4851a1d" relativeResultsDirectory="f09c797c-512a-4cb5-8910-a2ebd95c5bc1" />
  </Results>
  <TestDefinitions>
    <UnitTest name="SupplierMockTests.M01_M02_Given_a_real_local_upstream_When_modes_select_fixtures_proxy_or_mock_miss_Then_native_wiremock_forwards_only_the_selected_requests" storage="/workspace/tests/suppliermock.tests/bin/release/net10.0/suppliermock.tests.dll" id="28116237-4562-7dca-1aaf-986ffb787e16">
      <Execution id="f09c797c-512a-4cb5-8910-a2ebd95c5bc1" />
      <TestMethod codeBase="/workspace/tests/SupplierMock.Tests/bin/Release/net10.0/SupplierMock.Tests.dll" adapterTypeName="executor://xunit/VsTestRunner3/netcore/" className="SupplierMockTests" name="M01_M02_Given_a_real_local_upstream_When_modes_select_fixtures_proxy_or_mock_miss_Then_native_wiremock_forwards_only_the_selected_requests" />
    </UnitTest>
    <UnitTest name="SupplierMockTests.M07_Given_concurrent_mode_resets_When_native_http_is_used_Then_selected_mode_matches_a_complete_mapping_set" storage="/workspace/tests/suppliermock.tests/bin/release/net10.0/suppliermock.tests.dll" id="b3698119-91d4-3b5f-3fbc-f37774d28ec8">
      <Execution id="56a708dc-5531-44c2-b63d-0b8d4cd0e8e4" />
      <TestMethod codeBase="/workspace/tests/SupplierMock.Tests/bin/Release/net10.0/SupplierMock.Tests.dll" adapterTypeName="executor://xunit/VsTestRunner3/netcore/" className="SupplierMockTests" name="M07_Given_concurrent_mode_resets_When_native_http_is_used_Then_selected_mode_matches_a_complete_mapping_set" />
    </UnitTest>
  </TestDefinitions>
  <TestEntries>
    <TestEntry testId="b3698119-91d4-3b5f-3fbc-f37774d28ec8" executionId="56a708dc-5531-44c2-b63d-0b8d4cd0e8e4" testListId="8c84fa94-04c1-424b-9868-57a2d4851a1d" />
    <TestEntry testId="28116237-4562-7dca-1aaf-986ffb787e16" executionId="f09c797c-512a-4cb5-8910-a2ebd95c5bc1" testListId="8c84fa94-04c1-424b-9868-57a2d4851a1d" />
  </TestEntries>
  <TestLists>
    <TestList name="Results Not in a List" id="8c84fa94-04c1-424b-9868-57a2d4851a1d" />
    <TestList name="All Loaded Results" id="19431567-8539-422a-85d7-44ee4e166bda" />
  </TestLists>
  <ResultSummary outcome="Completed">
    <Counters total="2" executed="2" passed="2" failed="0" error="0" timeout="0" aborted="0" inconclusive="0" passedButRunAborted="0" notRunnable="0" notExecuted="0" disconnected="0" warning="0" completed="0" inProgress="0" pending="0" />
    <Output>
      <StdOut>[xUnit.net 00:00:00.00] xUnit.net VSTest Adapter v4.0.0+05679a7ab5 (64-bit .NET 10.0.12)
[xUnit.net 00:00:00.18]   Discovering: SupplierMock.Tests
[xUnit.net 00:00:00.38]   Discovered:  SupplierMock.Tests
[xUnit.net 00:00:00.57]   Starting:    SupplierMock.Tests
[xUnit.net 00:00:01.82]   Finished:    SupplierMock.Tests (ID = 'cd516992c4052bf51e4861a301cb61763e02646d4dbb19f1fb04628784b57260')
</StdOut>
    </Output>
  </ResultSummary>
</TestRun>