<?xml version="1.0" encoding="utf-8"?>
<TestRun id="5dcfa518-1530-4a4c-828a-66846053c28c" name="@0c140fbf1ac6 2026-09-26 03:32:06" xmlns="http://microsoft.com/schemas/VisualStudio/TeamTest/2010">
  <Times creation="2026-09-26T03:32:06.0140455+00:00" queuing="2026-09-26T03:32:06.0140455+00:00" start="2026-09-26T03:32:04.3754482+00:00" finish="2026-09-26T03:32:06.0202458+00:00" />
  <TestSettings name="default" id="30260e49-c3e7-41f9-8231-de632f732653">
    <Deployment runDeploymentRoot="_0c140fbf1ac6_2026-09-26_03_32_06" />
  </TestSettings>
  <Results>
    <UnitTestResult executionId="a5a8eacb-81ef-4437-83ec-d37af4d2b966" testId="c33c906e-79ca-3e52-0bb5-084b6aa3089b" testName="SupplierSandboxTests.S01_Given_a_dedicated_postgres_store_When_the_same_supplier_key_is_replayed_Then_one_stable_order_is_returned_and_changed_payload_conflicts" computerName="0c140fbf1ac6" duration="00:00:00.3160000" startTime="2026-09-26T03:32:05.5429845+00:00" endTime="2026-09-26T03:32:05.8609258+00:00" testType="13cdc9d9-ddb5-4fa4-a97d-d965ccfc6d4b" outcome="Passed" testListId="8c84fa94-04c1-424b-9868-57a2d4851a1d" relativeResultsDirectory="a5a8eacb-81ef-4437-83ec-d37af4d2b966" />
    <UnitTestResult executionId="d88717bc-0219-45aa-be0b-7b242a5cda35" testId="169deb37-4498-6bda-f378-09b9598f4a40" testName="SupplierSandboxTests.S07_Given_the_supplier_SKU_rule_When_values_are_checked_Then_only_bounded_vendor_SKUs_are_accepted" computerName="0c140fbf1ac6" duration="00:00:00.0540000" startTime="2026-09-26T03:32:05.4686844+00:00" endTime="2026-09-26T03:32:05.5350382+00:00" testType="13cdc9d9-ddb5-4fa4-a97d-d965ccfc6d4b" outcome="Passed" testListId="8c84fa94-04c1-424b-9868-57a2d4851a1d" relativeResultsDirectory="d88717bc-0219-45aa-be0b-7b242a5cda35" />
  </Results>
  <TestDefinitions>
    <UnitTest name="SupplierSandboxTests.S01_Given_a_dedicated_postgres_store_When_the_same_supplier_key_is_replayed_Then_one_stable_order_is_returned_and_changed_payload_conflicts" storage="/workspace/tests/suppliersandbox.tests/bin/release/net10.0/suppliersandbox.tests.dll" id="c33c906e-79ca-3e52-0bb5-084b6aa3089b">
      <Execution id="a5a8eacb-81ef-4437-83ec-d37af4d2b966" />
      <TestMethod codeBase="/workspace/tests/SupplierSandbox.Tests/bin/Release/net10.0/SupplierSandbox.Tests.dll" adapterTypeName="executor://xunit/VsTestRunner3/netcore/" className="SupplierSandboxTests" name="S01_Given_a_dedicated_postgres_store_When_the_same_supplier_key_is_replayed_Then_one_stable_order_is_returned_and_changed_payload_conflicts" />
    </UnitTest>
    <UnitTest name="SupplierSandboxTests.S07_Given_the_supplier_SKU_rule_When_values_are_checked_Then_only_bounded_vendor_SKUs_are_accepted" storage="/workspace/tests/suppliersandbox.tests/bin/release/net10.0/suppliersandbox.tests.dll" id="169deb37-4498-6bda-f378-09b9598f4a40">
      <Execution id="d88717bc-0219-45aa-be0b-7b242a5cda35" />
      <TestMethod codeBase="/workspace/tests/SupplierSandbox.Tests/bin/Release/net10.0/SupplierSandbox.Tests.dll" adapterTypeName="executor://xunit/VsTestRunner3/netcore/" className="SupplierSandboxTests" name="S07_Given_the_supplier_SKU_rule_When_values_are_checked_Then_only_bounded_vendor_SKUs_are_accepted" />
    </UnitTest>
  </TestDefinitions>
  <TestEntries>
    <TestEntry testId="c33c906e-79ca-3e52-0bb5-084b6aa3089b" executionId="a5a8eacb-81ef-4437-83ec-d37af4d2b966" testListId="8c84fa94-04c1-424b-9868-57a2d4851a1d" />
    <TestEntry testId="169deb37-4498-6bda-f378-09b9598f4a40" executionId="d88717bc-0219-45aa-be0b-7b242a5cda35" testListId="8c84fa94-04c1-424b-9868-57a2d4851a1d" />
  </TestEntries>
  <TestLists>
    <TestList name="Results Not in a List" id="8c84fa94-04c1-424b-9868-57a2d4851a1d" />
    <TestList name="All Loaded Results" id="19431567-8539-422a-85d7-44ee4e166bda" />
  </TestLists>
  <ResultSummary outcome="Completed">
    <Counters total="2" executed="2" passed="2" failed="0" error="0" timeout="0" aborted="0" inconclusive="0" passedButRunAborted="0" notRunnable="0" notExecuted="0" disconnected="0" warning="0" completed="0" inProgress="0" pending="0" />
    <Output>
      <StdOut>[xUnit.net 00:00:00.00] xUnit.net VSTest Adapter v4.0.0+05679a7ab5 (64-bit .NET 10.0.12)
[xUnit.net 00:00:00.19]   Discovering: SupplierSandbox.Tests
[xUnit.net 00:00:00.42]   Discovered:  SupplierSandbox.Tests
[xUnit.net 00:00:00.63]   Starting:    SupplierSandbox.Tests
[xUnit.net 00:00:01.16]   Finished:    SupplierSandbox.Tests (ID = '9b55b41cbf89872b4c146bb694dc9ea60fa8ecd7fb8eb9d7c9cb2710ad7d70d6')
</StdOut>
    </Output>
  </ResultSummary>
</TestRun>