<?xml version="1.0" encoding="utf-8"?>
<TestRun id="af70df91-4810-4f0c-b240-47d15ec636aa" name="@0c140fbf1ac6 2026-09-26 03:31:54" xmlns="http://microsoft.com/schemas/VisualStudio/TeamTest/2010">
  <Times creation="2026-09-26T03:31:54.7376180+00:00" queuing="2026-09-26T03:31:54.7376181+00:00" start="2026-09-26T03:31:53.4255327+00:00" finish="2026-09-26T03:32:01.8569674+00:00" />
  <TestSettings name="default" id="9af52704-47dc-41c5-9ad7-609885eec331">
    <Deployment runDeploymentRoot="_0c140fbf1ac6_2026-09-26_03_31_54" />
  </TestSettings>
  <Results>
    <UnitTestResult executionId="ba35f819-715b-4027-855f-1c9d61d3cecb" testId="0b6ac124-ccab-0591-d303-d8a201a38130" testName="SaleProducts.Tests.TriggerParallelWorkProbeTests.Given_cancelled_request_When_triggered_Then_no_event_is_published" computerName="0c140fbf1ac6" duration="00:00:00.0020000" startTime="2026-09-26T03:31:54.8121299+00:00" endTime="2026-09-26T03:31:54.8151997+00:00" testType="13cdc9d9-ddb5-4fa4-a97d-d965ccfc6d4b" outcome="Passed" testListId="8c84fa94-04c1-424b-9868-57a2d4851a1d" relativeResultsDirectory="ba35f819-715b-4027-855f-1c9d61d3cecb" />
    <UnitTestResult executionId="d86c60c2-f5e8-4b00-8c34-ae6c551c6745" testId="23c1aaeb-6deb-5086-343e-fd386457a552" testName="SaleProducts.Tests.TriggerParallelWorkProbeTests.Given_enabled_publication_When_requested_Then_the_selected_external_event_preserves_the_replay_identifier(mode: IndependentHandlers)" computerName="0c140fbf1ac6" duration="00:00:00.0010000" startTime="2026-09-26T03:31:54.8095877+00:00" endTime="2026-09-26T03:31:54.8115236+00:00" testType="13cdc9d9-ddb5-4fa4-a97d-d965ccfc6d4b" outcome="Passed" testListId="8c84fa94-04c1-424b-9868-57a2d4851a1d" relativeResultsDirectory="d86c60c2-f5e8-4b00-8c34-ae6c551c6745" />
    <UnitTestResult executionId="e026d7b2-bbba-4544-be9b-166c5ebcbdc5" testId="4695a65a-10b8-e52c-5432-cef43247b0ba" testName="SaleProducts.Tests.TriggerParallelWorkProbeTests.Given_enabled_publication_When_requested_Then_the_selected_external_event_preserves_the_replay_identifier(mode: WhenAll)" computerName="0c140fbf1ac6" duration="00:00:00.2120000" startTime="2026-09-26T03:31:54.5779151+00:00" endTime="2026-09-26T03:31:54.8090359+00:00" testType="13cdc9d9-ddb5-4fa4-a97d-d965ccfc6d4b" outcome="Passed" testListId="8c84fa94-04c1-424b-9868-57a2d4851a1d" relativeResultsDirectory="e026d7b2-bbba-4544-be9b-166c5ebcbdc5" />
    <UnitTestResult executionId="d5310793-e26f-4a42-a309-4e3033ec1644" testId="cf70ae2b-1574-e4b8-5460-b7398809f4e4" testName="SaleProducts.Tests.KafkaParallelWorkTests.Given_statistics_fails_once_When_external_event_handlers_retry_Then_successful_audit_does_not_run_again" computerName="0c140fbf1ac6" duration="00:00:00.6919999" startTime="2026-09-26T03:32:00.5263621+00:00" endTime="2026-09-26T03:32:01.2190091+00:00" testType="13cdc9d9-ddb5-4fa4-a97d-d965ccfc6d4b" outcome="Passed" testListId="8c84fa94-04c1-424b-9868-57a2d4851a1d" relativeResultsDirectory="d5310793-e26f-4a42-a309-4e3033ec1644" />
    <UnitTestResult executionId="26a2fc86-57d9-4367-9c19-25c4e8822d69" testId="6d20bc8b-8e44-f210-39ff-e38d53afab45" testName="SaleProducts.Tests.ConsumerFailurePolicyTests.given_the_orders_consumer_policy_when_configured_then_retries_are_bounded_before_dead_lettering" computerName="0c140fbf1ac6" duration="00:00:00.0200000" startTime="2026-09-26T03:31:54.7177126+00:00" endTime="2026-09-26T03:31:54.7385705+00:00" testType="13cdc9d9-ddb5-4fa4-a97d-d965ccfc6d4b" outcome="Passed" testListId="8c84fa94-04c1-424b-9868-57a2d4851a1d" relativeResultsDirectory="26a2fc86-57d9-4367-9c19-25c4e8822d69" />
    <UnitTestResult executionId="f234b66b-7e81-4f7f-8167-f4b197de9d51" testId="962f7fdd-44a6-054b-e198-a3326283b844" testName="SaleProducts.Tests.ConsumerFailurePolicyTests.given_the_inventory_consumer_policy_when_configured_then_retries_are_bounded_before_dead_lettering" computerName="0c140fbf1ac6" duration="00:00:00.1190000" startTime="2026-09-26T03:31:54.5778853+00:00" endTime="2026-09-26T03:31:54.7163162+00:00" testType="13cdc9d9-ddb5-4fa4-a97d-d965ccfc6d4b" outcome="Passed" testListId="8c84fa94-04c1-424b-9868-57a2d4851a1d" relativeResultsDirectory="f234b66b-7e81-4f7f-8167-f4b197de9d51" />
    <UnitTestResult executionId="f281b630-27ca-4967-8aee-2ea1f407a5a6" testId="71d14196-1068-efaf-2b3f-0c3802c36ba1" testName="SaleProducts.Tests.KafkaParallelWorkTests.Given_duplicate_external_events_When_both_handlers_receive_each_delivery_Then_each_effect_is_applied_once" computerName="0c140fbf1ac6" duration="00:00:00.0390000" startTime="2026-09-26T03:32:01.2344967+00:00" endTime="2026-09-26T03:32:01.2739568+00:00" testType="13cdc9d9-ddb5-4fa4-a97d-d965ccfc6d4b" outcome="Passed" testListId="8c84fa94-04c1-424b-9868-57a2d4851a1d" relativeResultsDirectory="f281b630-27ca-4967-8aee-2ea1f407a5a6" />
    <UnitTestResult executionId="b2ceef15-837d-4edc-a4ca-189309413854" testId="f8b7e5c9-6854-01ac-0ff5-02f6c014e071" testName="SaleProducts.Tests.ProductUseCasesTests.DeleteUseCase_UsesAggregateDelete_AndSave" computerName="0c140fbf1ac6" duration="00:00:00.0080000" startTime="2026-09-26T03:31:54.6627024+00:00" endTime="2026-09-26T03:31:54.6708695+00:00" testType="13cdc9d9-ddb5-4fa4-a97d-d965ccfc6d4b" outcome="Passed" testListId="8c84fa94-04c1-424b-9868-57a2d4851a1d" relativeResultsDirectory="b2ceef15-837d-4edc-a4ca-189309413854" />
    <UnitTestResult executionId="418a015d-577d-45d2-981b-d93b550e8376" testId="965eb9b1-2c32-3c6e-b251-de02bf1440a3" testName="SaleProducts.Tests.ConsumerExceptionPolicyDiagnosticsEndpointTests.given_an_unknown_failure_kind_when_triggered_then_the_endpoint_returns_bad_request" computerName="0c140fbf1ac6" duration="00:00:00.0530000" startTime="2026-09-26T03:31:55.3949492+00:00" endTime="2026-09-26T03:31:55.4489342+00:00" testType="13cdc9d9-ddb5-4fa4-a97d-d965ccfc6d4b" outcome="Passed" testListId="8c84fa94-04c1-424b-9868-57a2d4851a1d" relativeResultsDirectory="418a015d-577d-45d2-981b-d93b550e8376" />
    <UnitTestResult executionId="43b28cfe-163f-4eb6-9ef5-b9385fc8e5cb" testId="2d4a09f4-8bea-cd41-c254-4eafe3abde5b" testName="SaleProducts.Tests.WhenAllWorkHandlerTests.Given_inflight_branches_When_cancelled_Then_both_stop_and_all_scopes_are_disposed" computerName="0c140fbf1ac6" duration="00:00:00.0030000" startTime="2026-09-26T03:31:54.7753920+00:00" endTime="2026-09-26T03:31:54.7794762+00:00" testType="13cdc9d9-ddb5-4fa4-a97d-d965ccfc6d4b" outcome="Passed" testListId="8c84fa94-04c1-424b-9868-57a2d4851a1d" relativeResultsDirectory="43b28cfe-163f-4eb6-9ef5-b9385fc8e5cb" />
    <UnitTestResult executionId="abbf5129-d097-4fce-b259-19f2ebf0014d" testId="189556c5-73b6-84da-23a9-55b3a0dbfa89" testName="SaleProducts.Tests.KafkaParallelWorkTests.Given_WhenAll_event_from_Kafka_When_statistics_fails_Then_whole_delivery_retries_both_branches" computerName="0c140fbf1ac6" duration="00:00:04.8590000" startTime="2026-09-26T03:31:55.6649559+00:00" endTime="2026-09-26T03:32:00.5242292+00:00" testType="13cdc9d9-ddb5-4fa4-a97d-d965ccfc6d4b" outcome="Passed" testListId="8c84fa94-04c1-424b-9868-57a2d4851a1d" relativeResultsDirectory="abbf5129-d097-4fce-b259-19f2ebf0014d" />
    <UnitTestResult executionId="e5a39c84-a7d4-43de-b579-d7e9726b128d" testId="f32ef731-afc5-3170-cb12-45f3dd75c376" testName="SaleProducts.Tests.ConsumerFailurePolicyTests.given_the_products_consumer_policy_when_configured_then_retries_are_bounded_before_dead_lettering" computerName="0c140fbf1ac6" duration="00:00:00.0060000" startTime="2026-09-26T03:31:54.7400669+00:00" endTime="2026-09-26T03:31:54.7470451+00:00" testType="13cdc9d9-ddb5-4fa4-a97d-d965ccfc6d4b" outcome="Passed" testListId="8c84fa94-04c1-424b-9868-57a2d4851a1d" relativeResultsDirectory="e5a39c84-a7d4-43de-b579-d7e9726b128d" />
    <UnitTestResult executionId="406dc2c9-5c9e-479c-8f67-6f1f1104de57" testId="76d09cc8-d73d-5bfb-2d95-d7602712b8b1" testName="SaleProducts.Tests.TriggerConsumerExceptionPolicyProbeUseCaseTests.given_the_probe_is_disabled_when_triggered_then_no_message_is_published" computerName="0c140fbf1ac6" duration="00:00:00.1960000" startTime="2026-09-26T03:31:54.5776973+00:00" endTime="2026-09-26T03:31:54.7934713+00:00" testType="13cdc9d9-ddb5-4fa4-a97d-d965ccfc6d4b" outcome="Passed" testListId="8c84fa94-04c1-424b-9868-57a2d4851a1d" relativeResultsDirectory="406dc2c9-5c9e-479c-8f67-6f1f1104de57" />
    <UnitTestResult executionId="8f25e03d-10a4-46ae-a411-1948181094bf" testId="f8681678-cf08-82f6-75be-cb92b1cc5ecd" testName="SaleProducts.Tests.TriggerConsumerExceptionPolicyProbeUseCaseTests.given_the_probe_is_enabled_when_triggered_then_a_correlatable_message_is_published(failureKind: Timeout)" computerName="0c140fbf1ac6" duration="00:00:00.0140000" startTime="2026-09-26T03:31:54.7950636+00:00" endTime="2026-09-26T03:31:54.8094433+00:00" testType="13cdc9d9-ddb5-4fa4-a97d-d965ccfc6d4b" outcome="Passed" testListId="8c84fa94-04c1-424b-9868-57a2d4851a1d" relativeResultsDirectory="8f25e03d-10a4-46ae-a411-1948181094bf" />
    <UnitTestResult executionId="56a27476-7743-4b0a-81a0-7e27915d7935" testId="0f5eb9cf-bf90-6b5a-1d9e-0d4aa1850412" testName="SaleProducts.Tests.ProductUseCasesTests.GetProductByIdUseCase_Throws_WhenByIdNotFound" computerName="0c140fbf1ac6" duration="00:00:00.0250000" startTime="2026-09-26T03:31:54.5777649+00:00" endTime="2026-09-26T03:31:54.6299801+00:00" testType="13cdc9d9-ddb5-4fa4-a97d-d965ccfc6d4b" outcome="Passed" testListId="8c84fa94-04c1-424b-9868-57a2d4851a1d" relativeResultsDirectory="56a27476-7743-4b0a-81a0-7e27915d7935" />
    <UnitTestResult executionId="49fdb5c8-7793-47c5-99cb-3709af9065ca" testId="28e5cff6-e15d-3da8-327b-49c835462ad6" testName="SaleProducts.Tests.WhenAllWorkHandlerTests.Given_a_synchronous_branch_failure_When_handling_Then_the_other_branch_is_awaited_and_scopes_are_disposed" computerName="0c140fbf1ac6" duration="00:00:00.0050000" startTime="2026-09-26T03:31:54.7690494+00:00" endTime="2026-09-26T03:31:54.7744227+00:00" testType="13cdc9d9-ddb5-4fa4-a97d-d965ccfc6d4b" outcome="Passed" testListId="8c84fa94-04c1-424b-9868-57a2d4851a1d" relativeResultsDirectory="49fdb5c8-7793-47c5-99cb-3709af9065ca" />
    <UnitTestResult executionId="cc3664c6-71f3-498c-9858-2b150649209d" testId="f4a2c6a4-bd92-ee58-2cfd-688d90e0a1ad" testName="SaleProducts.Tests.ConsumerExceptionPolicyDiagnosticsEndpointTests.given_a_disabled_probe_when_triggered_then_the_endpoint_returns_not_found" computerName="0c140fbf1ac6" duration="00:00:00.7070000" startTime="2026-09-26T03:31:54.5776678+00:00" endTime="2026-09-26T03:31:55.3047411+00:00" testType="13cdc9d9-ddb5-4fa4-a97d-d965ccfc6d4b" outcome="Passed" testListId="8c84fa94-04c1-424b-9868-57a2d4851a1d" relativeResultsDirectory="cc3664c6-71f3-498c-9858-2b150649209d" />
    <UnitTestResult executionId="ce5bdfc9-54d8-431d-9e82-aa1eb38bf3d2" testId="6bd8800d-8f89-d635-581b-0486961959dd" testName="SaleProducts.Tests.ConsumerExceptionPolicyDiagnosticsEndpointTests.given_an_enabled_probe_when_timeout_is_requested_then_the_endpoint_returns_accepted" computerName="0c140fbf1ac6" duration="00:00:00.0869999" startTime="2026-09-26T03:31:55.3059696+00:00" endTime="2026-09-26T03:31:55.3936191+00:00" testType="13cdc9d9-ddb5-4fa4-a97d-d965ccfc6d4b" outcome="Passed" testListId="8c84fa94-04c1-424b-9868-57a2d4851a1d" relativeResultsDirectory="ce5bdfc9-54d8-431d-9e82-aa1eb38bf3d2" />
    <UnitTestResult executionId="a8ef6157-d25f-43dc-ab13-d6a9aa165550" testId="81486cbd-2cc6-f4e1-052e-ddc6772038e1" testName="SaleProducts.Tests.ProductUseCasesTests.GetAllProductsUseCase_UsesQueryService" computerName="0c140fbf1ac6" duration="00:00:00.0190000" startTime="2026-09-26T03:31:54.6422316+00:00" endTime="2026-09-26T03:31:54.6614867+00:00" testType="13cdc9d9-ddb5-4fa4-a97d-d965ccfc6d4b" outcome="Passed" testListId="8c84fa94-04c1-424b-9868-57a2d4851a1d" relativeResultsDirectory="a8ef6157-d25f-43dc-ab13-d6a9aa165550" />
    <UnitTestResult executionId="8a905db4-fecf-430b-8e8b-457bff78eefa" testId="437eebc4-2f80-136f-54fb-95e1000580d9" testName="SaleProducts.Tests.TriggerConsumerExceptionPolicyProbeUseCaseTests.given_the_probe_is_enabled_when_triggered_then_a_correlatable_message_is_published(failureKind: Unhandled)" computerName="0c140fbf1ac6" duration="00:00:00.0010000" startTime="2026-09-26T03:31:54.8096973+00:00" endTime="2026-09-26T03:31:54.8115572+00:00" testType="13cdc9d9-ddb5-4fa4-a97d-d965ccfc6d4b" outcome="Passed" testListId="8c84fa94-04c1-424b-9868-57a2d4851a1d" relativeResultsDirectory="8a905db4-fecf-430b-8e8b-457bff78eefa" />
    <UnitTestResult executionId="5e4d2c46-963f-4b87-a800-be17fce4d3f3" testId="21e82f4a-51a1-140e-78db-f1178e380a40" testName="SaleProducts.Tests.ConsumerExceptionPolicyProbeHandlerTests.given_an_unhandled_probe_when_handled_then_an_invalid_operation_exception_contains_the_probe_id" computerName="0c140fbf1ac6" duration="00:00:00.0250000" startTime="2026-09-26T03:31:54.5776379+00:00" endTime="2026-09-26T03:31:54.6299649+00:00" testType="13cdc9d9-ddb5-4fa4-a97d-d965ccfc6d4b" outcome="Passed" testListId="8c84fa94-04c1-424b-9868-57a2d4851a1d" relativeResultsDirectory="5e4d2c46-963f-4b87-a800-be17fce4d3f3" />
    <UnitTestResult executionId="f88d6d0c-091b-4d89-8eba-1fc11ee6853f" testId="ad4440d8-5796-986d-ae38-62a0e4d999f6" testName="SaleProducts.Tests.WhenAllWorkHandlerTests.Given_a_partially_successful_delivery_When_retried_Then_both_run_again_but_effects_are_idempotent" computerName="0c140fbf1ac6" duration="00:00:00.1370000" startTime="2026-09-26T03:31:54.5778928+00:00" endTime="2026-09-26T03:31:54.7425718+00:00" testType="13cdc9d9-ddb5-4fa4-a97d-d965ccfc6d4b" outcome="Passed" testListId="8c84fa94-04c1-424b-9868-57a2d4851a1d" relativeResultsDirectory="f88d6d0c-091b-4d89-8eba-1fc11ee6853f" />
    <UnitTestResult executionId="0d385ec5-2ab1-4c35-aaad-940260b866de" testId="7a6d3a78-216d-8e66-a3d3-60eb216c0efa" testName="SaleProducts.Tests.WhenAllWorkHandlerTests.Given_two_gated_work_items_When_handling_Then_both_start_in_distinct_scopes_and_completion_waits_for_both" computerName="0c140fbf1ac6" duration="00:00:00.0110000" startTime="2026-09-26T03:31:54.7556494+00:00" endTime="2026-09-26T03:31:54.7673550+00:00" testType="13cdc9d9-ddb5-4fa4-a97d-d965ccfc6d4b" outcome="Passed" testListId="8c84fa94-04c1-424b-9868-57a2d4851a1d" relativeResultsDirectory="0d385ec5-2ab1-4c35-aaad-940260b866de" />
    <UnitTestResult executionId="ed6fe585-0227-4635-8069-a13adea836ca" testId="1412bf91-5f33-589a-d820-9150dd54f29e" testName="SaleProducts.Tests.KafkaParallelWorkTests.Given_one_external_event_When_Kafka_delivers_Then_two_original_event_handlers_overlap_in_independent_scopes" computerName="0c140fbf1ac6" duration="00:00:00.0110000" startTime="2026-09-26T03:32:01.2213664+00:00" endTime="2026-09-26T03:32:01.2331285+00:00" testType="13cdc9d9-ddb5-4fa4-a97d-d965ccfc6d4b" outcome="Passed" testListId="8c84fa94-04c1-424b-9868-57a2d4851a1d" relativeResultsDirectory="ed6fe585-0227-4635-8069-a13adea836ca" />
    <UnitTestResult executionId="f7d901c2-926a-44fd-a9e5-c0e3c54b8ca2" testId="6e6aac07-37c6-6eaf-395d-57da4e25cc61" testName="SaleProducts.Tests.TriggerParallelWorkProbeTests.Given_disabled_publication_When_requested_Then_no_event_is_published" computerName="0c140fbf1ac6" duration="00:00:00.0010000" startTime="2026-09-26T03:31:54.8160486+00:00" endTime="2026-09-26T03:31:54.8171870+00:00" testType="13cdc9d9-ddb5-4fa4-a97d-d965ccfc6d4b" outcome="Passed" testListId="8c84fa94-04c1-424b-9868-57a2d4851a1d" relativeResultsDirectory="f7d901c2-926a-44fd-a9e5-c0e3c54b8ca2" />
    <UnitTestResult executionId="5b578b0a-9437-46cd-b273-448813b9e5e2" testId="581f387e-8747-66f6-bc68-101fff18f24d" testName="SaleProducts.Tests.ConsumerExceptionPolicyProbeHandlerTests.given_a_timeout_probe_when_handled_then_a_timeout_exception_contains_the_probe_id" computerName="0c140fbf1ac6" duration="00:00:00.0010000" startTime="2026-09-26T03:31:54.6488905+00:00" endTime="2026-09-26T03:31:54.6496963+00:00" testType="13cdc9d9-ddb5-4fa4-a97d-d965ccfc6d4b" outcome="Passed" testListId="8c84fa94-04c1-424b-9868-57a2d4851a1d" relativeResultsDirectory="5b578b0a-9437-46cd-b273-448813b9e5e2" />
  </Results>
  <TestDefinitions>
    <UnitTest name="SaleProducts.Tests.WhenAllWorkHandlerTests.Given_two_gated_work_items_When_handling_Then_both_start_in_distinct_scopes_and_completion_waits_for_both" storage="/workspace/tests/saleproducts.tests/bin/release/net10.0/saleproducts.tests.dll" id="7a6d3a78-216d-8e66-a3d3-60eb216c0efa">
      <Execution id="0d385ec5-2ab1-4c35-aaad-940260b866de" />
      <TestMethod codeBase="/workspace/tests/SaleProducts.Tests/bin/Release/net10.0/SaleProducts.Tests.dll" adapterTypeName="executor://xunit/VsTestRunner3/netcore/" className="SaleProducts.Tests.WhenAllWorkHandlerTests" name="Given_two_gated_work_items_When_handling_Then_both_start_in_distinct_scopes_and_completion_waits_for_both" />
    </UnitTest>
    <UnitTest name="SaleProducts.Tests.TriggerConsumerExceptionPolicyProbeUseCaseTests.given_the_probe_is_enabled_when_triggered_then_a_correlatable_message_is_published(failureKind: Unhandled)" storage="/workspace/tests/saleproducts.tests/bin/release/net10.0/saleproducts.tests.dll" id="437eebc4-2f80-136f-54fb-95e1000580d9">
      <Execution id="8a905db4-fecf-430b-8e8b-457bff78eefa" />
      <TestMethod codeBase="/workspace/tests/SaleProducts.Tests/bin/Release/net10.0/SaleProducts.Tests.dll" adapterTypeName="executor://xunit/VsTestRunner3/netcore/" className="SaleProducts.Tests.TriggerConsumerExceptionPolicyProbeUseCaseTests" name="given_the_probe_is_enabled_when_triggered_then_a_correlatable_message_is_published" />
    </UnitTest>
    <UnitTest name="SaleProducts.Tests.TriggerParallelWorkProbeTests.Given_disabled_publication_When_requested_Then_no_event_is_published" storage="/workspace/tests/saleproducts.tests/bin/release/net10.0/saleproducts.tests.dll" id="6e6aac07-37c6-6eaf-395d-57da4e25cc61">
      <Execution id="f7d901c2-926a-44fd-a9e5-c0e3c54b8ca2" />
      <TestMethod codeBase="/workspace/tests/SaleProducts.Tests/bin/Release/net10.0/SaleProducts.Tests.dll" adapterTypeName="executor://xunit/VsTestRunner3/netcore/" className="SaleProducts.Tests.TriggerParallelWorkProbeTests" name="Given_disabled_publication_When_requested_Then_no_event_is_published" />
    </UnitTest>
    <UnitTest name="SaleProducts.Tests.KafkaParallelWorkTests.Given_duplicate_external_events_When_both_handlers_receive_each_delivery_Then_each_effect_is_applied_once" storage="/workspace/tests/saleproducts.tests/bin/release/net10.0/saleproducts.tests.dll" id="71d14196-1068-efaf-2b3f-0c3802c36ba1">
      <Execution id="f281b630-27ca-4967-8aee-2ea1f407a5a6" />
      <TestMethod codeBase="/workspace/tests/SaleProducts.Tests/bin/Release/net10.0/SaleProducts.Tests.dll" adapterTypeName="executor://xunit/VsTestRunner3/netcore/" className="SaleProducts.Tests.KafkaParallelWorkTests" name="Given_duplicate_external_events_When_both_handlers_receive_each_delivery_Then_each_effect_is_applied_once" />
    </UnitTest>
    <UnitTest name="SaleProducts.Tests.ProductUseCasesTests.GetProductByIdUseCase_Throws_WhenByIdNotFound" storage="/workspace/tests/saleproducts.tests/bin/release/net10.0/saleproducts.tests.dll" id="0f5eb9cf-bf90-6b5a-1d9e-0d4aa1850412">
      <Execution id="56a27476-7743-4b0a-81a0-7e27915d7935" />
      <TestMethod codeBase="/workspace/tests/SaleProducts.Tests/bin/Release/net10.0/SaleProducts.Tests.dll" adapterTypeName="executor://xunit/VsTestRunner3/netcore/" className="SaleProducts.Tests.ProductUseCasesTests" name="GetProductByIdUseCase_Throws_WhenByIdNotFound" />
    </UnitTest>
    <UnitTest name="SaleProducts.Tests.TriggerConsumerExceptionPolicyProbeUseCaseTests.given_the_probe_is_disabled_when_triggered_then_no_message_is_published" storage="/workspace/tests/saleproducts.tests/bin/release/net10.0/saleproducts.tests.dll" id="76d09cc8-d73d-5bfb-2d95-d7602712b8b1">
      <Execution id="406dc2c9-5c9e-479c-8f67-6f1f1104de57" />
      <TestMethod codeBase="/workspace/tests/SaleProducts.Tests/bin/Release/net10.0/SaleProducts.Tests.dll" adapterTypeName="executor://xunit/VsTestRunner3/netcore/" className="SaleProducts.Tests.TriggerConsumerExceptionPolicyProbeUseCaseTests" name="given_the_probe_is_disabled_when_triggered_then_no_message_is_published" />
    </UnitTest>
    <UnitTest name="SaleProducts.Tests.ProductUseCasesTests.GetAllProductsUseCase_UsesQueryService" storage="/workspace/tests/saleproducts.tests/bin/release/net10.0/saleproducts.tests.dll" id="81486cbd-2cc6-f4e1-052e-ddc6772038e1">
      <Execution id="a8ef6157-d25f-43dc-ab13-d6a9aa165550" />
      <TestMethod codeBase="/workspace/tests/SaleProducts.Tests/bin/Release/net10.0/SaleProducts.Tests.dll" adapterTypeName="executor://xunit/VsTestRunner3/netcore/" className="SaleProducts.Tests.ProductUseCasesTests" name="GetAllProductsUseCase_UsesQueryService" />
    </UnitTest>
    <UnitTest name="SaleProducts.Tests.TriggerConsumerExceptionPolicyProbeUseCaseTests.given_the_probe_is_enabled_when_triggered_then_a_correlatable_message_is_published(failureKind: Timeout)" storage="/workspace/tests/saleproducts.tests/bin/release/net10.0/saleproducts.tests.dll" id="f8681678-cf08-82f6-75be-cb92b1cc5ecd">
      <Execution id="8f25e03d-10a4-46ae-a411-1948181094bf" />
      <TestMethod codeBase="/workspace/tests/SaleProducts.Tests/bin/Release/net10.0/SaleProducts.Tests.dll" adapterTypeName="executor://xunit/VsTestRunner3/netcore/" className="SaleProducts.Tests.TriggerConsumerExceptionPolicyProbeUseCaseTests" name="given_the_probe_is_enabled_when_triggered_then_a_correlatable_message_is_published" />
    </UnitTest>
    <UnitTest name="SaleProducts.Tests.KafkaParallelWorkTests.Given_statistics_fails_once_When_external_event_handlers_retry_Then_successful_audit_does_not_run_again" storage="/workspace/tests/saleproducts.tests/bin/release/net10.0/saleproducts.tests.dll" id="cf70ae2b-1574-e4b8-5460-b7398809f4e4">
      <Execution id="d5310793-e26f-4a42-a309-4e3033ec1644" />
      <TestMethod codeBase="/workspace/tests/SaleProducts.Tests/bin/Release/net10.0/SaleProducts.Tests.dll" adapterTypeName="executor://xunit/VsTestRunner3/netcore/" className="SaleProducts.Tests.KafkaParallelWorkTests" name="Given_statistics_fails_once_When_external_event_handlers_retry_Then_successful_audit_does_not_run_again" />
    </UnitTest>
    <UnitTest name="SaleProducts.Tests.TriggerParallelWorkProbeTests.Given_enabled_publication_When_requested_Then_the_selected_external_event_preserves_the_replay_identifier(mode: WhenAll)" storage="/workspace/tests/saleproducts.tests/bin/release/net10.0/saleproducts.tests.dll" id="4695a65a-10b8-e52c-5432-cef43247b0ba">
      <Execution id="e026d7b2-bbba-4544-be9b-166c5ebcbdc5" />
      <TestMethod codeBase="/workspace/tests/SaleProducts.Tests/bin/Release/net10.0/SaleProducts.Tests.dll" adapterTypeName="executor://xunit/VsTestRunner3/netcore/" className="SaleProducts.Tests.TriggerParallelWorkProbeTests" name="Given_enabled_publication_When_requested_Then_the_selected_external_event_preserves_the_replay_identifier" />
    </UnitTest>
    <UnitTest name="SaleProducts.Tests.ConsumerExceptionPolicyProbeHandlerTests.given_a_timeout_probe_when_handled_then_a_timeout_exception_contains_the_probe_id" storage="/workspace/tests/saleproducts.tests/bin/release/net10.0/saleproducts.tests.dll" id="581f387e-8747-66f6-bc68-101fff18f24d">
      <Execution id="5b578b0a-9437-46cd-b273-448813b9e5e2" />
      <TestMethod codeBase="/workspace/tests/SaleProducts.Tests/bin/Release/net10.0/SaleProducts.Tests.dll" adapterTypeName="executor://xunit/VsTestRunner3/netcore/" className="SaleProducts.Tests.ConsumerExceptionPolicyProbeHandlerTests" name="given_a_timeout_probe_when_handled_then_a_timeout_exception_contains_the_probe_id" />
    </UnitTest>
    <UnitTest name="SaleProducts.Tests.WhenAllWorkHandlerTests.Given_a_partially_successful_delivery_When_retried_Then_both_run_again_but_effects_are_idempotent" storage="/workspace/tests/saleproducts.tests/bin/release/net10.0/saleproducts.tests.dll" id="ad4440d8-5796-986d-ae38-62a0e4d999f6">
      <Execution id="f88d6d0c-091b-4d89-8eba-1fc11ee6853f" />
      <TestMethod codeBase="/workspace/tests/SaleProducts.Tests/bin/Release/net10.0/SaleProducts.Tests.dll" adapterTypeName="executor://xunit/VsTestRunner3/netcore/" className="SaleProducts.Tests.WhenAllWorkHandlerTests" name="Given_a_partially_successful_delivery_When_retried_Then_both_run_again_but_effects_are_idempotent" />
    </UnitTest>
    <UnitTest name="SaleProducts.Tests.ConsumerFailurePolicyTests.given_the_products_consumer_policy_when_configured_then_retries_are_bounded_before_dead_lettering" storage="/workspace/tests/saleproducts.tests/bin/release/net10.0/saleproducts.tests.dll" id="f32ef731-afc5-3170-cb12-45f3dd75c376">
      <Execution id="e5a39c84-a7d4-43de-b579-d7e9726b128d" />
      <TestMethod codeBase="/workspace/tests/SaleProducts.Tests/bin/Release/net10.0/SaleProducts.Tests.dll" adapterTypeName="executor://xunit/VsTestRunner3/netcore/" className="SaleProducts.Tests.ConsumerFailurePolicyTests" name="given_the_products_consumer_policy_when_configured_then_retries_are_bounded_before_dead_lettering" />
    </UnitTest>
    <UnitTest name="SaleProducts.Tests.WhenAllWorkHandlerTests.Given_a_synchronous_branch_failure_When_handling_Then_the_other_branch_is_awaited_and_scopes_are_disposed" storage="/workspace/tests/saleproducts.tests/bin/release/net10.0/saleproducts.tests.dll" id="28e5cff6-e15d-3da8-327b-49c835462ad6">
      <Execution id="49fdb5c8-7793-47c5-99cb-3709af9065ca" />
      <TestMethod codeBase="/workspace/tests/SaleProducts.Tests/bin/Release/net10.0/SaleProducts.Tests.dll" adapterTypeName="executor://xunit/VsTestRunner3/netcore/" className="SaleProducts.Tests.WhenAllWorkHandlerTests" name="Given_a_synchronous_branch_failure_When_handling_Then_the_other_branch_is_awaited_and_scopes_are_disposed" />
    </UnitTest>
    <UnitTest name="SaleProducts.Tests.TriggerParallelWorkProbeTests.Given_enabled_publication_When_requested_Then_the_selected_external_event_preserves_the_replay_identifier(mode: IndependentHandlers)" storage="/workspace/tests/saleproducts.tests/bin/release/net10.0/saleproducts.tests.dll" id="23c1aaeb-6deb-5086-343e-fd386457a552">
      <Execution id="d86c60c2-f5e8-4b00-8c34-ae6c551c6745" />
      <TestMethod codeBase="/workspace/tests/SaleProducts.Tests/bin/Release/net10.0/SaleProducts.Tests.dll" adapterTypeName="executor://xunit/VsTestRunner3/netcore/" className="SaleProducts.Tests.TriggerParallelWorkProbeTests" name="Given_enabled_publication_When_requested_Then_the_selected_external_event_preserves_the_replay_identifier" />
    </UnitTest>
    <UnitTest name="SaleProducts.Tests.ConsumerExceptionPolicyProbeHandlerTests.given_an_unhandled_probe_when_handled_then_an_invalid_operation_exception_contains_the_probe_id" storage="/workspace/tests/saleproducts.tests/bin/release/net10.0/saleproducts.tests.dll" id="21e82f4a-51a1-140e-78db-f1178e380a40">
      <Execution id="5e4d2c46-963f-4b87-a800-be17fce4d3f3" />
      <TestMethod codeBase="/workspace/tests/SaleProducts.Tests/bin/Release/net10.0/SaleProducts.Tests.dll" adapterTypeName="executor://xunit/VsTestRunner3/netcore/" className="SaleProducts.Tests.ConsumerExceptionPolicyProbeHandlerTests" name="given_an_unhandled_probe_when_handled_then_an_invalid_operation_exception_contains_the_probe_id" />
    </UnitTest>
    <UnitTest name="SaleProducts.Tests.ProductUseCasesTests.DeleteUseCase_UsesAggregateDelete_AndSave" storage="/workspace/tests/saleproducts.tests/bin/release/net10.0/saleproducts.tests.dll" id="f8b7e5c9-6854-01ac-0ff5-02f6c014e071">
      <Execution id="b2ceef15-837d-4edc-a4ca-189309413854" />
      <TestMethod codeBase="/workspace/tests/SaleProducts.Tests/bin/Release/net10.0/SaleProducts.Tests.dll" adapterTypeName="executor://xunit/VsTestRunner3/netcore/" className="SaleProducts.Tests.ProductUseCasesTests" name="DeleteUseCase_UsesAggregateDelete_AndSave" />
    </UnitTest>
    <UnitTest name="SaleProducts.Tests.ConsumerFailurePolicyTests.given_the_inventory_consumer_policy_when_configured_then_retries_are_bounded_before_dead_lettering" storage="/workspace/tests/saleproducts.tests/bin/release/net10.0/saleproducts.tests.dll" id="962f7fdd-44a6-054b-e198-a3326283b844">
      <Execution id="f234b66b-7e81-4f7f-8167-f4b197de9d51" />
      <TestMethod codeBase="/workspace/tests/SaleProducts.Tests/bin/Release/net10.0/SaleProducts.Tests.dll" adapterTypeName="executor://xunit/VsTestRunner3/netcore/" className="SaleProducts.Tests.ConsumerFailurePolicyTests" name="given_the_inventory_consumer_policy_when_configured_then_retries_are_bounded_before_dead_lettering" />
    </UnitTest>
    <UnitTest name="SaleProducts.Tests.ConsumerFailurePolicyTests.given_the_orders_consumer_policy_when_configured_then_retries_are_bounded_before_dead_lettering" storage="/workspace/tests/saleproducts.tests/bin/release/net10.0/saleproducts.tests.dll" id="6d20bc8b-8e44-f210-39ff-e38d53afab45">
      <Execution id="26a2fc86-57d9-4367-9c19-25c4e8822d69" />
      <TestMethod codeBase="/workspace/tests/SaleProducts.Tests/bin/Release/net10.0/SaleProducts.Tests.dll" adapterTypeName="executor://xunit/VsTestRunner3/netcore/" className="SaleProducts.Tests.ConsumerFailurePolicyTests" name="given_the_orders_consumer_policy_when_configured_then_retries_are_bounded_before_dead_lettering" />
    </UnitTest>
    <UnitTest name="SaleProducts.Tests.ConsumerExceptionPolicyDiagnosticsEndpointTests.given_an_enabled_probe_when_timeout_is_requested_then_the_endpoint_returns_accepted" storage="/workspace/tests/saleproducts.tests/bin/release/net10.0/saleproducts.tests.dll" id="6bd8800d-8f89-d635-581b-0486961959dd">
      <Execution id="ce5bdfc9-54d8-431d-9e82-aa1eb38bf3d2" />
      <TestMethod codeBase="/workspace/tests/SaleProducts.Tests/bin/Release/net10.0/SaleProducts.Tests.dll" adapterTypeName="executor://xunit/VsTestRunner3/netcore/" className="SaleProducts.Tests.ConsumerExceptionPolicyDiagnosticsEndpointTests" name="given_an_enabled_probe_when_timeout_is_requested_then_the_endpoint_returns_accepted" />
    </UnitTest>
    <UnitTest name="SaleProducts.Tests.ConsumerExceptionPolicyDiagnosticsEndpointTests.given_a_disabled_probe_when_triggered_then_the_endpoint_returns_not_found" storage="/workspace/tests/saleproducts.tests/bin/release/net10.0/saleproducts.tests.dll" id="f4a2c6a4-bd92-ee58-2cfd-688d90e0a1ad">
      <Execution id="cc3664c6-71f3-498c-9858-2b150649209d" />
      <TestMethod codeBase="/workspace/tests/SaleProducts.Tests/bin/Release/net10.0/SaleProducts.Tests.dll" adapterTypeName="executor://xunit/VsTestRunner3/netcore/" className="SaleProducts.Tests.ConsumerExceptionPolicyDiagnosticsEndpointTests" name="given_a_disabled_probe_when_triggered_then_the_endpoint_returns_not_found" />
    </UnitTest>
    <UnitTest name="SaleProducts.Tests.WhenAllWorkHandlerTests.Given_inflight_branches_When_cancelled_Then_both_stop_and_all_scopes_are_disposed" storage="/workspace/tests/saleproducts.tests/bin/release/net10.0/saleproducts.tests.dll" id="2d4a09f4-8bea-cd41-c254-4eafe3abde5b">
      <Execution id="43b28cfe-163f-4eb6-9ef5-b9385fc8e5cb" />
      <TestMethod codeBase="/workspace/tests/SaleProducts.Tests/bin/Release/net10.0/SaleProducts.Tests.dll" adapterTypeName="executor://xunit/VsTestRunner3/netcore/" className="SaleProducts.Tests.WhenAllWorkHandlerTests" name="Given_inflight_branches_When_cancelled_Then_both_stop_and_all_scopes_are_disposed" />
    </UnitTest>
    <UnitTest name="SaleProducts.Tests.KafkaParallelWorkTests.Given_one_external_event_When_Kafka_delivers_Then_two_original_event_handlers_overlap_in_independent_scopes" storage="/workspace/tests/saleproducts.tests/bin/release/net10.0/saleproducts.tests.dll" id="1412bf91-5f33-589a-d820-9150dd54f29e">
      <Execution id="ed6fe585-0227-4635-8069-a13adea836ca" />
      <TestMethod codeBase="/workspace/tests/SaleProducts.Tests/bin/Release/net10.0/SaleProducts.Tests.dll" adapterTypeName="executor://xunit/VsTestRunner3/netcore/" className="SaleProducts.Tests.KafkaParallelWorkTests" name="Given_one_external_event_When_Kafka_delivers_Then_two_original_event_handlers_overlap_in_independent_scopes" />
    </UnitTest>
    <UnitTest name="SaleProducts.Tests.TriggerParallelWorkProbeTests.Given_cancelled_request_When_triggered_Then_no_event_is_published" storage="/workspace/tests/saleproducts.tests/bin/release/net10.0/saleproducts.tests.dll" id="0b6ac124-ccab-0591-d303-d8a201a38130">
      <Execution id="ba35f819-715b-4027-855f-1c9d61d3cecb" />
      <TestMethod codeBase="/workspace/tests/SaleProducts.Tests/bin/Release/net10.0/SaleProducts.Tests.dll" adapterTypeName="executor://xunit/VsTestRunner3/netcore/" className="SaleProducts.Tests.TriggerParallelWorkProbeTests" name="Given_cancelled_request_When_triggered_Then_no_event_is_published" />
    </UnitTest>
    <UnitTest name="SaleProducts.Tests.KafkaParallelWorkTests.Given_WhenAll_event_from_Kafka_When_statistics_fails_Then_whole_delivery_retries_both_branches" storage="/workspace/tests/saleproducts.tests/bin/release/net10.0/saleproducts.tests.dll" id="189556c5-73b6-84da-23a9-55b3a0dbfa89">
      <Execution id="abbf5129-d097-4fce-b259-19f2ebf0014d" />
      <TestMethod codeBase="/workspace/tests/SaleProducts.Tests/bin/Release/net10.0/SaleProducts.Tests.dll" adapterTypeName="executor://xunit/VsTestRunner3/netcore/" className="SaleProducts.Tests.KafkaParallelWorkTests" name="Given_WhenAll_event_from_Kafka_When_statistics_fails_Then_whole_delivery_retries_both_branches" />
    </UnitTest>
    <UnitTest name="SaleProducts.Tests.ConsumerExceptionPolicyDiagnosticsEndpointTests.given_an_unknown_failure_kind_when_triggered_then_the_endpoint_returns_bad_request" storage="/workspace/tests/saleproducts.tests/bin/release/net10.0/saleproducts.tests.dll" id="965eb9b1-2c32-3c6e-b251-de02bf1440a3">
      <Execution id="418a015d-577d-45d2-981b-d93b550e8376" />
      <TestMethod codeBase="/workspace/tests/SaleProducts.Tests/bin/Release/net10.0/SaleProducts.Tests.dll" adapterTypeName="executor://xunit/VsTestRunner3/netcore/" className="SaleProducts.Tests.ConsumerExceptionPolicyDiagnosticsEndpointTests" name="given_an_unknown_failure_kind_when_triggered_then_the_endpoint_returns_bad_request" />
    </UnitTest>
  </TestDefinitions>
  <TestEntries>
    <TestEntry testId="0b6ac124-ccab-0591-d303-d8a201a38130" executionId="ba35f819-715b-4027-855f-1c9d61d3cecb" testListId="8c84fa94-04c1-424b-9868-57a2d4851a1d" />
    <TestEntry testId="23c1aaeb-6deb-5086-343e-fd386457a552" executionId="d86c60c2-f5e8-4b00-8c34-ae6c551c6745" testListId="8c84fa94-04c1-424b-9868-57a2d4851a1d" />
    <TestEntry testId="4695a65a-10b8-e52c-5432-cef43247b0ba" executionId="e026d7b2-bbba-4544-be9b-166c5ebcbdc5" testListId="8c84fa94-04c1-424b-9868-57a2d4851a1d" />
    <TestEntry testId="cf70ae2b-1574-e4b8-5460-b7398809f4e4" executionId="d5310793-e26f-4a42-a309-4e3033ec1644" testListId="8c84fa94-04c1-424b-9868-57a2d4851a1d" />
    <TestEntry testId="6d20bc8b-8e44-f210-39ff-e38d53afab45" executionId="26a2fc86-57d9-4367-9c19-25c4e8822d69" testListId="8c84fa94-04c1-424b-9868-57a2d4851a1d" />
    <TestEntry testId="962f7fdd-44a6-054b-e198-a3326283b844" executionId="f234b66b-7e81-4f7f-8167-f4b197de9d51" testListId="8c84fa94-04c1-424b-9868-57a2d4851a1d" />
    <TestEntry testId="71d14196-1068-efaf-2b3f-0c3802c36ba1" executionId="f281b630-27ca-4967-8aee-2ea1f407a5a6" testListId="8c84fa94-04c1-424b-9868-57a2d4851a1d" />
    <TestEntry testId="f8b7e5c9-6854-01ac-0ff5-02f6c014e071" executionId="b2ceef15-837d-4edc-a4ca-189309413854" testListId="8c84fa94-04c1-424b-9868-57a2d4851a1d" />
    <TestEntry testId="965eb9b1-2c32-3c6e-b251-de02bf1440a3" executionId="418a015d-577d-45d2-981b-d93b550e8376" testListId="8c84fa94-04c1-424b-9868-57a2d4851a1d" />
    <TestEntry testId="2d4a09f4-8bea-cd41-c254-4eafe3abde5b" executionId="43b28cfe-163f-4eb6-9ef5-b9385fc8e5cb" testListId="8c84fa94-04c1-424b-9868-57a2d4851a1d" />
    <TestEntry testId="189556c5-73b6-84da-23a9-55b3a0dbfa89" executionId="abbf5129-d097-4fce-b259-19f2ebf0014d" testListId="8c84fa94-04c1-424b-9868-57a2d4851a1d" />
    <TestEntry testId="f32ef731-afc5-3170-cb12-45f3dd75c376" executionId="e5a39c84-a7d4-43de-b579-d7e9726b128d" testListId="8c84fa94-04c1-424b-9868-57a2d4851a1d" />
    <TestEntry testId="76d09cc8-d73d-5bfb-2d95-d7602712b8b1" executionId="406dc2c9-5c9e-479c-8f67-6f1f1104de57" testListId="8c84fa94-04c1-424b-9868-57a2d4851a1d" />
    <TestEntry testId="f8681678-cf08-82f6-75be-cb92b1cc5ecd" executionId="8f25e03d-10a4-46ae-a411-1948181094bf" testListId="8c84fa94-04c1-424b-9868-57a2d4851a1d" />
    <TestEntry testId="0f5eb9cf-bf90-6b5a-1d9e-0d4aa1850412" executionId="56a27476-7743-4b0a-81a0-7e27915d7935" testListId="8c84fa94-04c1-424b-9868-57a2d4851a1d" />
    <TestEntry testId="28e5cff6-e15d-3da8-327b-49c835462ad6" executionId="49fdb5c8-7793-47c5-99cb-3709af9065ca" testListId="8c84fa94-04c1-424b-9868-57a2d4851a1d" />
    <TestEntry testId="f4a2c6a4-bd92-ee58-2cfd-688d90e0a1ad" executionId="cc3664c6-71f3-498c-9858-2b150649209d" testListId="8c84fa94-04c1-424b-9868-57a2d4851a1d" />
    <TestEntry testId="6bd8800d-8f89-d635-581b-0486961959dd" executionId="ce5bdfc9-54d8-431d-9e82-aa1eb38bf3d2" testListId="8c84fa94-04c1-424b-9868-57a2d4851a1d" />
    <TestEntry testId="81486cbd-2cc6-f4e1-052e-ddc6772038e1" executionId="a8ef6157-d25f-43dc-ab13-d6a9aa165550" testListId="8c84fa94-04c1-424b-9868-57a2d4851a1d" />
    <TestEntry testId="437eebc4-2f80-136f-54fb-95e1000580d9" executionId="8a905db4-fecf-430b-8e8b-457bff78eefa" testListId="8c84fa94-04c1-424b-9868-57a2d4851a1d" />
    <TestEntry testId="21e82f4a-51a1-140e-78db-f1178e380a40" executionId="5e4d2c46-963f-4b87-a800-be17fce4d3f3" testListId="8c84fa94-04c1-424b-9868-57a2d4851a1d" />
    <TestEntry testId="ad4440d8-5796-986d-ae38-62a0e4d999f6" executionId="f88d6d0c-091b-4d89-8eba-1fc11ee6853f" testListId="8c84fa94-04c1-424b-9868-57a2d4851a1d" />
    <TestEntry testId="7a6d3a78-216d-8e66-a3d3-60eb216c0efa" executionId="0d385ec5-2ab1-4c35-aaad-940260b866de" testListId="8c84fa94-04c1-424b-9868-57a2d4851a1d" />
    <TestEntry testId="1412bf91-5f33-589a-d820-9150dd54f29e" executionId="ed6fe585-0227-4635-8069-a13adea836ca" testListId="8c84fa94-04c1-424b-9868-57a2d4851a1d" />
    <TestEntry testId="6e6aac07-37c6-6eaf-395d-57da4e25cc61" executionId="f7d901c2-926a-44fd-a9e5-c0e3c54b8ca2" testListId="8c84fa94-04c1-424b-9868-57a2d4851a1d" />
    <TestEntry testId="581f387e-8747-66f6-bc68-101fff18f24d" executionId="5b578b0a-9437-46cd-b273-448813b9e5e2" testListId="8c84fa94-04c1-424b-9868-57a2d4851a1d" />
  </TestEntries>
  <TestLists>
    <TestList name="Results Not in a List" id="8c84fa94-04c1-424b-9868-57a2d4851a1d" />
    <TestList name="All Loaded Results" id="19431567-8539-422a-85d7-44ee4e166bda" />
  </TestLists>
  <ResultSummary outcome="Completed">
    <Counters total="26" executed="26" passed="26" failed="0" error="0" timeout="0" aborted="0" inconclusive="0" passedButRunAborted="0" notRunnable="0" notExecuted="0" disconnected="0" warning="0" completed="0" inProgress="0" pending="0" />
    <Output>
      <StdOut>[xUnit.net 00:00:00.00] xUnit.net VSTest Adapter v4.0.0+05679a7ab5 (64-bit .NET 10.0.12)
[xUnit.net 00:00:00.20]   Discovering: SaleProducts.Tests
[xUnit.net 00:00:00.45]   Discovered:  SaleProducts.Tests
[xUnit.net 00:00:00.63]   Starting:    SaleProducts.Tests
[xUnit.net 00:00:07.98]   Finished:    SaleProducts.Tests (ID = 'd4de6d944768dcb1bded83a9623c15dfc23699c1b3f3d53692c8e4bc1961b4c3')
</StdOut>
    </Output>
  </ResultSummary>
</TestRun>