<?xml version="1.0" encoding="utf-8"?>
<TestRun id="2df90804-e4ac-46a3-a0d3-af4c1f28913a" name="@0c140fbf1ac6 2026-09-26 03:31:41" xmlns="http://microsoft.com/schemas/VisualStudio/TeamTest/2010">
  <Times creation="2026-09-26T03:31:41.7045844+00:00" queuing="2026-09-26T03:31:41.7045845+00:00" start="2026-09-26T03:31:40.3858658+00:00" finish="2026-09-26T03:31:45.4887498+00:00" />
  <TestSettings name="default" id="817a766f-6c7a-4ac0-a165-f5dfbc878ac9">
    <Deployment runDeploymentRoot="_0c140fbf1ac6_2026-09-26_03_31_41" />
  </TestSettings>
  <Results>
    <UnitTestResult executionId="21ed89da-0168-4c30-8262-45e23fb1a107" testId="ee2311f3-0b6d-dece-2842-a7d008c713ef" testName="InventoryControl.Tests.InventoryReservationIdempotencyTests.given_a_successful_replay_when_the_event_is_staged_then_delivery_identity_is_stable" computerName="0c140fbf1ac6" duration="00:00:00.0010000" startTime="2026-09-26T03:31:41.7723850+00:00" endTime="2026-09-26T03:31:41.7740146+00:00" testType="13cdc9d9-ddb5-4fa4-a97d-d965ccfc6d4b" outcome="Passed" testListId="8c84fa94-04c1-424b-9868-57a2d4851a1d" relativeResultsDirectory="21ed89da-0168-4c30-8262-45e23fb1a107" />
    <UnitTestResult executionId="f295d96f-4241-4c8b-a43d-4eccfa3ddfdf" testId="74e9b3f9-f961-5911-6804-31cb32ad8787" testName="InventoryControl.Tests.InventoryIntegrationOutboxRelayTests.given_a_published_reservation_was_purged_when_replayed_then_no_new_publication_is_staged" computerName="0c140fbf1ac6" duration="00:00:00.3960000" startTime="2026-09-26T03:31:44.6366059+00:00" endTime="2026-09-26T03:31:45.0331008+00:00" testType="13cdc9d9-ddb5-4fa4-a97d-d965ccfc6d4b" outcome="Passed" testListId="8c84fa94-04c1-424b-9868-57a2d4851a1d" relativeResultsDirectory="f295d96f-4241-4c8b-a43d-4eccfa3ddfdf" />
    <UnitTestResult executionId="f4102018-2090-4382-bdf0-c15bd1b8fea4" testId="0c0a0dee-9122-5132-9465-70b18bdc5340" testName="InventoryControl.Tests.InventoryStockUseCaseTests.given_inventory_item_exists_when_stock_is_increased_then_state_and_event_are_staged" computerName="0c140fbf1ac6" duration="00:00:00.1990000" startTime="2026-09-26T03:31:41.5582911+00:00" endTime="2026-09-26T03:31:41.7694663+00:00" testType="13cdc9d9-ddb5-4fa4-a97d-d965ccfc6d4b" outcome="Passed" testListId="8c84fa94-04c1-424b-9868-57a2d4851a1d" relativeResultsDirectory="f4102018-2090-4382-bdf0-c15bd1b8fea4" />
    <UnitTestResult executionId="7e8be39f-5a27-4b10-84d5-7d9be1c12e34" testId="7c7390cc-379c-c1f2-b1a7-0d73cb44d032" testName="InventoryControl.Tests.PostgresInventoryGoodsReceiptStoreTests.R04_given_a_completed_receipt_when_any_immutable_payload_field_changes_then_identity_conflicts_without_mutation" computerName="0c140fbf1ac6" duration="00:00:00.2210000" startTime="2026-09-26T03:31:44.2494204+00:00" endTime="2026-09-26T03:31:44.4706728+00:00" testType="13cdc9d9-ddb5-4fa4-a97d-d965ccfc6d4b" outcome="Passed" testListId="8c84fa94-04c1-424b-9868-57a2d4851a1d" relativeResultsDirectory="7e8be39f-5a27-4b10-84d5-7d9be1c12e34" />
    <UnitTestResult executionId="5c646c6f-3c23-4cc6-8885-9f3321f1ba62" testId="553b4493-8932-2af4-c62c-89f0d15c912b" testName="InventoryControl.Tests.PostgresInventoryReservationRepositoryTests.given_invalid_outbox_metadata_when_reservation_staging_fails_then_stock_operation_and_message_roll_back" computerName="0c140fbf1ac6" duration="00:00:01.3080000" startTime="2026-09-26T03:31:41.5582138+00:00" endTime="2026-09-26T03:31:42.8789194+00:00" testType="13cdc9d9-ddb5-4fa4-a97d-d965ccfc6d4b" outcome="Passed" testListId="8c84fa94-04c1-424b-9868-57a2d4851a1d" relativeResultsDirectory="5c646c6f-3c23-4cc6-8885-9f3321f1ba62" />
    <UnitTestResult executionId="23ab647a-4e05-4db2-bde3-636873d645f1" testId="d03d7b99-690c-22ec-2837-eb3749bd59b3" testName="InventoryControl.Tests.InventoryStockUseCaseTests.given_insufficient_stock_when_stock_is_decreased_then_state_and_side_effects_are_unchanged" computerName="0c140fbf1ac6" duration="00:00:00.0030000" startTime="2026-09-26T03:31:41.7759524+00:00" endTime="2026-09-26T03:31:41.7798641+00:00" testType="13cdc9d9-ddb5-4fa4-a97d-d965ccfc6d4b" outcome="Passed" testListId="8c84fa94-04c1-424b-9868-57a2d4851a1d" relativeResultsDirectory="23ab647a-4e05-4db2-bde3-636873d645f1" />
    <UnitTestResult executionId="5b2c890b-da63-4307-a231-dcc2b46ef2d4" testId="c54e4af9-9634-b65d-518e-41f83ad25f3d" testName="InventoryControl.Tests.InventoryStockUseCaseTests.given_inventory_item_exists_when_stock_is_restocked_then_state_and_event_are_staged" computerName="0c140fbf1ac6" duration="00:00:00.0050000" startTime="2026-09-26T03:31:41.7701821+00:00" endTime="2026-09-26T03:31:41.7752532+00:00" testType="13cdc9d9-ddb5-4fa4-a97d-d965ccfc6d4b" outcome="Passed" testListId="8c84fa94-04c1-424b-9868-57a2d4851a1d" relativeResultsDirectory="5b2c890b-da63-4307-a231-dcc2b46ef2d4" />
    <UnitTestResult executionId="5ffe0d09-a687-45e6-81c1-fa5bb9f6b388" testId="93eb783a-f5d6-606e-2042-a8ced005e946" testName="InventoryControl.Tests.ReserveInventoryUseCaseTests.given_insufficient_stock_when_reserving_then_failure_is_committed_without_an_outbox_message" computerName="0c140fbf1ac6" duration="00:00:00.0010000" startTime="2026-09-26T03:31:41.7562807+00:00" endTime="2026-09-26T03:31:41.7570619+00:00" testType="13cdc9d9-ddb5-4fa4-a97d-d965ccfc6d4b" outcome="Passed" testListId="8c84fa94-04c1-424b-9868-57a2d4851a1d" relativeResultsDirectory="5ffe0d09-a687-45e6-81c1-fa5bb9f6b388" />
    <UnitTestResult executionId="8bf4137a-52f2-4bdd-b68e-21b889a2789a" testId="cd525e34-7276-827b-ee05-1bb4681e6315" testName="InventoryControl.Tests.PostgresInventoryGoodsReceiptStoreTests.R07_given_stock_near_integer_limit_when_receipt_overflows_then_no_effect_is_committed" computerName="0c140fbf1ac6" duration="00:00:00.2630000" startTime="2026-09-26T03:31:43.1443610+00:00" endTime="2026-09-26T03:31:43.4081279+00:00" testType="13cdc9d9-ddb5-4fa4-a97d-d965ccfc6d4b" outcome="Passed" testListId="8c84fa94-04c1-424b-9868-57a2d4851a1d" relativeResultsDirectory="8bf4137a-52f2-4bdd-b68e-21b889a2789a" />
    <UnitTestResult executionId="f6e6b554-f31c-49d6-8664-f3ac6533baf6" testId="15b08716-c42d-6e2d-1425-f3d20bdda25c" testName="InventoryControl.Tests.InventoryOutboxRelayOptionsTests.given_finite_retention_without_positive_days_when_configuration_is_parsed_then_startup_fails" computerName="0c140fbf1ac6" duration="00:00:00.0420000" startTime="2026-09-26T03:31:41.5583045+00:00" endTime="2026-09-26T03:31:41.6204186+00:00" testType="13cdc9d9-ddb5-4fa4-a97d-d965ccfc6d4b" outcome="Passed" testListId="8c84fa94-04c1-424b-9868-57a2d4851a1d" relativeResultsDirectory="f6e6b554-f31c-49d6-8664-f3ac6533baf6" />
    <UnitTestResult executionId="8e072d47-0354-4a46-a8c2-f0232ae3d721" testId="53f3dce4-4e31-b30d-c97d-fdb5a6d3bc76" testName="InventoryControl.Tests.PostgresInventoryStockOutboxTests.given_a_stock_change_when_outbox_commit_succeeds_then_state_and_event_are_durable_together" computerName="0c140fbf1ac6" duration="00:00:00.2049999" startTime="2026-09-26T03:31:42.8800807+00:00" endTime="2026-09-26T03:31:43.0854738+00:00" testType="13cdc9d9-ddb5-4fa4-a97d-d965ccfc6d4b" outcome="Passed" testListId="8c84fa94-04c1-424b-9868-57a2d4851a1d" relativeResultsDirectory="8e072d47-0354-4a46-a8c2-f0232ae3d721" />
    <UnitTestResult executionId="2becd85c-5993-4f63-ba76-2a558555415f" testId="db8cc4f6-ff1e-ac13-be5f-6254ba8c28af" testName="InventoryControl.Tests.GoodsReceivedHandlerTests.R04_given_a_receipt_identity_conflict_when_consumed_then_exception_reaches_the_failure_policy" computerName="0c140fbf1ac6" duration="00:00:00.1760000" startTime="2026-09-26T03:31:41.5582453+00:00" endTime="2026-09-26T03:31:41.7465990+00:00" testType="13cdc9d9-ddb5-4fa4-a97d-d965ccfc6d4b" outcome="Passed" testListId="8c84fa94-04c1-424b-9868-57a2d4851a1d" relativeResultsDirectory="2becd85c-5993-4f63-ba76-2a558555415f" />
    <UnitTestResult executionId="a5ac7a31-c7f1-4e2f-9d29-cf1901a514d2" testId="73363928-73b6-16a6-440f-85ad694e8d13" testName="InventoryControl.Tests.ReserveInventoryUseCaseTests.given_empty_product_id_when_reserving_then_request_is_rejected_before_side_effects" computerName="0c140fbf1ac6" duration="00:00:00.0010000" startTime="2026-09-26T03:31:41.7467311+00:00" endTime="2026-09-26T03:31:41.7470605+00:00" testType="13cdc9d9-ddb5-4fa4-a97d-d965ccfc6d4b" outcome="Passed" testListId="8c84fa94-04c1-424b-9868-57a2d4851a1d" relativeResultsDirectory="a5ac7a31-c7f1-4e2f-9d29-cf1901a514d2" />
    <UnitTestResult executionId="669ebf79-765a-43b3-87be-cfe85ba44de1" testId="5546368b-2249-0845-4283-1d96516b8070" testName="InventoryControl.Tests.ReserveInventoryUseCaseTests.given_non_positive_quantity_when_reserving_then_request_is_rejected_before_side_effects(quantity: -1)" computerName="0c140fbf1ac6" duration="00:00:00.0010000" startTime="2026-09-26T03:31:41.7274207+00:00" endTime="2026-09-26T03:31:41.7276863+00:00" testType="13cdc9d9-ddb5-4fa4-a97d-d965ccfc6d4b" outcome="Passed" testListId="8c84fa94-04c1-424b-9868-57a2d4851a1d" relativeResultsDirectory="669ebf79-765a-43b3-87be-cfe85ba44de1" />
    <UnitTestResult executionId="3187b3a0-52f5-43eb-8bad-94c267c9a786" testId="bc1e7a39-9320-6a09-c7ee-29209f8b9fdc" testName="InventoryControl.Tests.PostgresInventoryReservationRepositoryTests.given_a_failed_operation_when_stock_changes_then_replay_preserves_the_terminal_outcome" computerName="0c140fbf1ac6" duration="00:00:00.3580000" startTime="2026-09-26T03:31:43.4313849+00:00" endTime="2026-09-26T03:31:43.7899804+00:00" testType="13cdc9d9-ddb5-4fa4-a97d-d965ccfc6d4b" outcome="Passed" testListId="8c84fa94-04c1-424b-9868-57a2d4851a1d" relativeResultsDirectory="3187b3a0-52f5-43eb-8bad-94c267c9a786" />
    <UnitTestResult executionId="45a2da5d-10ea-4efd-91da-21c058a19595" testId="ae7e4ce0-8759-48a3-8f8f-8f10de60351c" testName="InventoryControl.Tests.InventoryReservationIdempotencyTests.reservation_failure_policy_has_bounded_cooldowns_and_terminal_routing_configuration" computerName="0c140fbf1ac6" duration="00:00:00.0790000" startTime="2026-09-26T03:31:41.6903528+00:00" endTime="2026-09-26T03:31:41.7701763+00:00" testType="13cdc9d9-ddb5-4fa4-a97d-d965ccfc6d4b" outcome="Passed" testListId="8c84fa94-04c1-424b-9868-57a2d4851a1d" relativeResultsDirectory="45a2da5d-10ea-4efd-91da-21c058a19595" />
    <UnitTestResult executionId="7484615e-cd13-4f4e-9bb8-da92a52ef1e5" testId="8f5e8bb9-e96d-1fd9-6eee-cf70384349e8" testName="InventoryControl.Tests.PostgresInventoryReservationRepositoryTests.given_a_completed_operation_when_payload_changes_then_the_conflict_preserves_the_original_state" computerName="0c140fbf1ac6" duration="00:00:00.2460000" startTime="2026-09-26T03:31:44.0089166+00:00" endTime="2026-09-26T03:31:44.2551441+00:00" testType="13cdc9d9-ddb5-4fa4-a97d-d965ccfc6d4b" outcome="Passed" testListId="8c84fa94-04c1-424b-9868-57a2d4851a1d" relativeResultsDirectory="7484615e-cd13-4f4e-9bb8-da92a52ef1e5" />
    <UnitTestResult executionId="9cb04db6-efc9-44cf-ae1b-f9f1205f7351" testId="ee2b1223-801d-0842-2c63-44334463d49b" testName="InventoryControl.Tests.InventoryReservationIdempotencyTests.given_an_operation_identity_when_payload_changes_then_the_conflict_is_terminal" computerName="0c140fbf1ac6" duration="00:00:00.0190000" startTime="2026-09-26T03:31:41.6686623+00:00" endTime="2026-09-26T03:31:41.6878835+00:00" testType="13cdc9d9-ddb5-4fa4-a97d-d965ccfc6d4b" outcome="Passed" testListId="8c84fa94-04c1-424b-9868-57a2d4851a1d" relativeResultsDirectory="9cb04db6-efc9-44cf-ae1b-f9f1205f7351" />
    <UnitTestResult executionId="2ce13d4b-d643-4367-b586-f3a3d3781aa7" testId="36ee13b2-10fd-7c8f-033c-961be87879e4" testName="InventoryControl.Tests.PostgresInventoryReservationRepositoryTests.given_a_rolled_back_scope_when_the_operation_is_retried_then_only_the_retry_commits" computerName="0c140fbf1ac6" duration="00:00:00.2470000" startTime="2026-09-26T03:31:42.8798347+00:00" endTime="2026-09-26T03:31:43.1272697+00:00" testType="13cdc9d9-ddb5-4fa4-a97d-d965ccfc6d4b" outcome="Passed" testListId="8c84fa94-04c1-424b-9868-57a2d4851a1d" relativeResultsDirectory="2ce13d4b-d643-4367-b586-f3a3d3781aa7" />
    <UnitTestResult executionId="3c8cf73b-7ad2-4384-8ea9-b0e82d14dccc" testId="474c635d-34a1-691d-a807-71db66dd65a0" testName="InventoryControl.Tests.InventoryReservationIdempotencyTests.given_a_terminal_failure_when_stock_changes_then_replay_preserves_the_original_outcome" computerName="0c140fbf1ac6" duration="00:00:00.0010000" startTime="2026-09-26T03:31:41.7706739+00:00" endTime="2026-09-26T03:31:41.7716997+00:00" testType="13cdc9d9-ddb5-4fa4-a97d-d965ccfc6d4b" outcome="Passed" testListId="8c84fa94-04c1-424b-9868-57a2d4851a1d" relativeResultsDirectory="3c8cf73b-7ad2-4384-8ea9-b0e82d14dccc" />
    <UnitTestResult executionId="335777ee-c94d-4597-a3b5-554a1578b95e" testId="d4d8d3d3-c24c-24a2-2005-baf73a252c2b" testName="InventoryControl.Tests.InventoryIntegrationEventContractTests.given_an_increase_event_when_serialized_then_the_quantity_name_matches_its_business_meaning" computerName="0c140fbf1ac6" duration="00:00:00.0859999" startTime="2026-09-26T03:31:41.5583872+00:00" endTime="2026-09-26T03:31:41.6566513+00:00" testType="13cdc9d9-ddb5-4fa4-a97d-d965ccfc6d4b" outcome="Passed" testListId="8c84fa94-04c1-424b-9868-57a2d4851a1d" relativeResultsDirectory="335777ee-c94d-4597-a3b5-554a1578b95e" />
    <UnitTestResult executionId="5cc5d079-1360-42c9-9de2-b4edda853e65" testId="e8eb40db-1b7e-709a-6a67-2f6c38e47a9f" testName="InventoryControl.Tests.InventoryIntegrationOutboxRelayTests.given_one_pending_row_when_two_relays_claim_concurrently_then_only_one_lease_publishes_it" computerName="0c140fbf1ac6" duration="00:00:00.1880000" startTime="2026-09-26T03:31:45.2023157+00:00" endTime="2026-09-26T03:31:45.3904765+00:00" testType="13cdc9d9-ddb5-4fa4-a97d-d965ccfc6d4b" outcome="Passed" testListId="8c84fa94-04c1-424b-9868-57a2d4851a1d" relativeResultsDirectory="5cc5d079-1360-42c9-9de2-b4edda853e65" />
    <UnitTestResult executionId="204af9e4-b8f7-457b-a87b-943bba3fcf2a" testId="f767a1e0-a8d1-aea9-fc3f-a26182ffb2b6" testName="InventoryControl.Tests.PostgresInventoryReservationRepositoryTests.given_stock_for_only_one_request_when_two_reservations_run_concurrently_then_stock_and_outcomes_are_atomic" computerName="0c140fbf1ac6" duration="00:00:00.3010000" startTime="2026-09-26T03:31:43.1282492+00:00" endTime="2026-09-26T03:31:43.4300523+00:00" testType="13cdc9d9-ddb5-4fa4-a97d-d965ccfc6d4b" outcome="Passed" testListId="8c84fa94-04c1-424b-9868-57a2d4851a1d" relativeResultsDirectory="204af9e4-b8f7-457b-a87b-943bba3fcf2a" />
    <UnitTestResult executionId="32b64695-86dd-4089-a59f-afe3e4d2076e" testId="7d8e6901-efcd-98bc-6b56-6e62bba55e0f" testName="InventoryControl.Tests.PostgresInventoryGoodsReceiptStoreTests.R07_given_missing_stock_when_receipt_is_retried_after_initialization_then_only_later_attempt_commits" computerName="0c140fbf1ac6" duration="00:00:00.2630000" startTime="2026-09-26T03:31:42.8798781+00:00" endTime="2026-09-26T03:31:43.1436771+00:00" testType="13cdc9d9-ddb5-4fa4-a97d-d965ccfc6d4b" outcome="Passed" testListId="8c84fa94-04c1-424b-9868-57a2d4851a1d" relativeResultsDirectory="32b64695-86dd-4089-a59f-afe3e4d2076e" />
    <UnitTestResult executionId="badcb581-30f1-4440-8a80-227b8ec77018" testId="038fa5f9-d9bb-8525-069c-1ab498209125" testName="InventoryControl.Tests.PostgresInventoryGoodsReceiptStoreTests.R07_given_outbox_staging_failure_when_same_receipt_is_retried_then_claim_and_stock_roll_back_before_success" computerName="0c140fbf1ac6" duration="00:00:00.2570000" startTime="2026-09-26T03:31:43.7369425+00:00" endTime="2026-09-26T03:31:43.9944110+00:00" testType="13cdc9d9-ddb5-4fa4-a97d-d965ccfc6d4b" outcome="Passed" testListId="8c84fa94-04c1-424b-9868-57a2d4851a1d" relativeResultsDirectory="badcb581-30f1-4440-8a80-227b8ec77018" />
    <UnitTestResult executionId="4a9ab7b0-cbd7-4001-8222-3a1dc3421ff3" testId="4af1cc07-8970-5776-858e-e723bccb79e2" testName="InventoryControl.Tests.PostgresInventoryStockOutboxTests.given_a_tracked_stock_item_when_a_set_based_commit_succeeds_then_later_reads_see_current_state" computerName="0c140fbf1ac6" duration="00:00:00.2380000" startTime="2026-09-26T03:31:43.3391200+00:00" endTime="2026-09-26T03:31:43.5777497+00:00" testType="13cdc9d9-ddb5-4fa4-a97d-d965ccfc6d4b" outcome="Passed" testListId="8c84fa94-04c1-424b-9868-57a2d4851a1d" relativeResultsDirectory="4a9ab7b0-cbd7-4001-8222-3a1dc3421ff3" />
    <UnitTestResult executionId="fbb475c4-546d-4602-ac55-939e78b8e9c0" testId="cb51bf81-b227-ecc9-d250-e5a47f3f3527" testName="InventoryControl.Tests.PostgresInventoryStockOutboxTests.given_invalid_outbox_metadata_when_staging_fails_then_stock_rolls_back_and_the_scope_can_reload" computerName="0c140fbf1ac6" duration="00:00:01.3080000" startTime="2026-09-26T03:31:41.5582781+00:00" endTime="2026-09-26T03:31:42.8792423+00:00" testType="13cdc9d9-ddb5-4fa4-a97d-d965ccfc6d4b" outcome="Passed" testListId="8c84fa94-04c1-424b-9868-57a2d4851a1d" relativeResultsDirectory="fbb475c4-546d-4602-ac55-939e78b8e9c0" />
    <UnitTestResult executionId="23ff9769-2d68-4d93-ab13-e92dec94199f" testId="6bdd8976-4742-de1f-8457-1d7319c85f14" testName="InventoryControl.Tests.InventoryEfPersistenceTests.given_inventory_registration_when_scopes_are_resolved_then_repository_ports_share_the_scoped_context_boundary" computerName="0c140fbf1ac6" duration="00:00:00.0280000" startTime="2026-09-26T03:31:42.1491630+00:00" endTime="2026-09-26T03:31:42.1774293+00:00" testType="13cdc9d9-ddb5-4fa4-a97d-d965ccfc6d4b" outcome="Passed" testListId="8c84fa94-04c1-424b-9868-57a2d4851a1d" relativeResultsDirectory="23ff9769-2d68-4d93-ab13-e92dec94199f" />
    <UnitTestResult executionId="57aa1502-5379-4146-89d7-f24d09074a89" testId="3b7cb539-1d8f-0979-a048-57e5371a24b3" testName="InventoryControl.Tests.ReserveInventoryUseCaseTests.given_a_successful_replay_when_committed_then_stock_and_outbox_are_not_duplicated" computerName="0c140fbf1ac6" duration="00:00:00.0010000" startTime="2026-09-26T03:31:41.7399103+00:00" endTime="2026-09-26T03:31:41.7407471+00:00" testType="13cdc9d9-ddb5-4fa4-a97d-d965ccfc6d4b" outcome="Passed" testListId="8c84fa94-04c1-424b-9868-57a2d4851a1d" relativeResultsDirectory="57aa1502-5379-4146-89d7-f24d09074a89" />
    <UnitTestResult executionId="39fef07b-50ff-4e0f-b10a-d11c7b7597f0" testId="deb63ec4-37df-f822-d566-60be36ec5d2a" testName="InventoryControl.Tests.InventoryIntegrationEventContractTests.given_a_return_event_when_serialized_then_the_quantity_name_matches_its_business_meaning" computerName="0c140fbf1ac6" duration="00:00:00.0010000" startTime="2026-09-26T03:31:41.6718615+00:00" endTime="2026-09-26T03:31:41.6735699+00:00" testType="13cdc9d9-ddb5-4fa4-a97d-d965ccfc6d4b" outcome="Passed" testListId="8c84fa94-04c1-424b-9868-57a2d4851a1d" relativeResultsDirectory="39fef07b-50ff-4e0f-b10a-d11c7b7597f0" />
    <UnitTestResult executionId="d396eb7a-23c2-405d-b6e6-e59aeb80f799" testId="28143cea-7654-1359-159b-0264a016fc2c" testName="InventoryControl.Tests.InventoryIntegrationOutboxRelayTests.given_a_cancelled_batch_when_relay_runs_then_no_message_is_claimed_or_published" computerName="0c140fbf1ac6" duration="00:00:00.1500000" startTime="2026-09-26T03:31:45.0343616+00:00" endTime="2026-09-26T03:31:45.1845206+00:00" testType="13cdc9d9-ddb5-4fa4-a97d-d965ccfc6d4b" outcome="Passed" testListId="8c84fa94-04c1-424b-9868-57a2d4851a1d" relativeResultsDirectory="d396eb7a-23c2-405d-b6e6-e59aeb80f799" />
    <UnitTestResult executionId="ee9a7ed6-fdc5-4a18-9601-918ae55a3069" testId="0a25e6a0-dead-5915-b203-4f6dbf40fcc7" testName="InventoryControl.Tests.InventoryStockUseCaseTests.given_inventory_item_is_missing_when_stock_is_decreased_then_failure_has_no_side_effects" computerName="0c140fbf1ac6" duration="00:00:00.0010000" startTime="2026-09-26T03:31:41.7846405+00:00" endTime="2026-09-26T03:31:41.7854749+00:00" testType="13cdc9d9-ddb5-4fa4-a97d-d965ccfc6d4b" outcome="Passed" testListId="8c84fa94-04c1-424b-9868-57a2d4851a1d" relativeResultsDirectory="ee9a7ed6-fdc5-4a18-9601-918ae55a3069" />
    <UnitTestResult executionId="a6f43a00-b5b0-46c4-91c7-a79423656202" testId="cc7c580a-0ebc-1d35-8325-0094be293f74" testName="InventoryControl.Tests.ReserveInventoryUseCaseTests.given_empty_operation_id_when_reserving_then_request_is_rejected_before_side_effects" computerName="0c140fbf1ac6" duration="00:00:00.1530000" startTime="2026-09-26T03:31:41.5584470+00:00" endTime="2026-09-26T03:31:41.7235967+00:00" testType="13cdc9d9-ddb5-4fa4-a97d-d965ccfc6d4b" outcome="Passed" testListId="8c84fa94-04c1-424b-9868-57a2d4851a1d" relativeResultsDirectory="a6f43a00-b5b0-46c4-91c7-a79423656202" />
    <UnitTestResult executionId="9e7ab47b-a0b2-4f1a-a9a1-4bca96c95f42" testId="9b511cb1-26ad-fafe-12a5-22d527ca6f8a" testName="InventoryControl.Tests.InventoryIntegrationOutboxRelayTests.given_an_expired_lease_when_relay_recovers_then_original_delivery_identity_is_preserved" computerName="0c140fbf1ac6" duration="00:00:00.2030000" startTime="2026-09-26T03:31:44.4322523+00:00" endTime="2026-09-26T03:31:44.6357796+00:00" testType="13cdc9d9-ddb5-4fa4-a97d-d965ccfc6d4b" outcome="Passed" testListId="8c84fa94-04c1-424b-9868-57a2d4851a1d" relativeResultsDirectory="9e7ab47b-a0b2-4f1a-a9a1-4bca96c95f42" />
    <UnitTestResult executionId="ac0a7279-7e91-4533-a708-1912dda8948b" testId="f9f5ee6b-cc85-2b82-c9e0-f5aa687b41ec" testName="InventoryControl.Tests.InventoryIntegrationOutboxRelayTests.given_five_transport_failures_when_relay_runs_again_then_the_row_is_parked_and_not_republished" computerName="0c140fbf1ac6" duration="00:00:00.4960000" startTime="2026-09-26T03:31:43.9351151+00:00" endTime="2026-09-26T03:31:44.4314434+00:00" testType="13cdc9d9-ddb5-4fa4-a97d-d965ccfc6d4b" outcome="Passed" testListId="8c84fa94-04c1-424b-9868-57a2d4851a1d" relativeResultsDirectory="ac0a7279-7e91-4533-a708-1912dda8948b" />
    <UnitTestResult executionId="da615f30-553a-4c27-9dad-928766d369c5" testId="db630fe5-7620-6049-4bfb-21a2c73b0e96" testName="InventoryControl.Tests.ApplyGoodsReceiptUseCaseTests.given_invalid_receipt_identity_or_quantity_when_applied_then_store_is_not_called(invalidField: 1, quantity: 0)" computerName="0c140fbf1ac6" duration="00:00:00.0020000" startTime="2026-09-26T03:31:41.7240008+00:00" endTime="2026-09-26T03:31:41.7268684+00:00" testType="13cdc9d9-ddb5-4fa4-a97d-d965ccfc6d4b" outcome="Passed" testListId="8c84fa94-04c1-424b-9868-57a2d4851a1d" relativeResultsDirectory="da615f30-553a-4c27-9dad-928766d369c5" />
    <UnitTestResult executionId="b94eb08c-7719-4065-bc30-5ef8d4544833" testId="c6e3fa23-a81b-65ac-e9d9-1184da43a091" testName="InventoryControl.Tests.InventoryOutboxRelayOptionsTests.given_no_retention_settings_when_configuration_is_parsed_then_rows_are_retained_without_limit" computerName="0c140fbf1ac6" duration="00:00:00.0040000" startTime="2026-09-26T03:31:41.6337870+00:00" endTime="2026-09-26T03:31:41.6384616+00:00" testType="13cdc9d9-ddb5-4fa4-a97d-d965ccfc6d4b" outcome="Passed" testListId="8c84fa94-04c1-424b-9868-57a2d4851a1d" relativeResultsDirectory="b94eb08c-7719-4065-bc30-5ef8d4544833" />
    <UnitTestResult executionId="1676c546-33e0-4630-9023-8875e6c636dc" testId="fd27966b-3d49-ec39-7118-c5d3ff3e6e6e" testName="InventoryControl.Tests.InventoryIntegrationOutboxRelayTests.given_finite_published_retention_when_relay_runs_then_only_expired_published_rows_are_pruned" computerName="0c140fbf1ac6" duration="00:00:00.4560000" startTime="2026-09-26T03:31:43.0219457+00:00" endTime="2026-09-26T03:31:43.4785774+00:00" testType="13cdc9d9-ddb5-4fa4-a97d-d965ccfc6d4b" outcome="Passed" testListId="8c84fa94-04c1-424b-9868-57a2d4851a1d" relativeResultsDirectory="1676c546-33e0-4630-9023-8875e6c636dc" />
    <UnitTestResult executionId="dbf8e7df-6ae2-4787-a997-652052a7eda3" testId="07577a2a-0728-7f6a-3a17-1648c264c216" testName="InventoryControl.Tests.InventoryReservationIdempotencyTests.given_a_successful_reservation_when_replayed_then_the_message_factory_is_not_called" computerName="0c140fbf1ac6" duration="00:00:00.0170000" startTime="2026-09-26T03:31:41.6505467+00:00" endTime="2026-09-26T03:31:41.6679058+00:00" testType="13cdc9d9-ddb5-4fa4-a97d-d965ccfc6d4b" outcome="Passed" testListId="8c84fa94-04c1-424b-9868-57a2d4851a1d" relativeResultsDirectory="dbf8e7df-6ae2-4787-a997-652052a7eda3" />
    <UnitTestResult executionId="4e441f64-98c6-451b-a43b-a29fa292aa0b" testId="cb71e4b1-477f-65ab-e000-fcc3e808dc05" testName="InventoryControl.Tests.InventoryIntegrationOutboxRelayTests.given_a_completed_reservation_has_no_outbox_row_when_replayed_then_no_recovery_publication_is_staged" computerName="0c140fbf1ac6" duration="00:00:01.4500000" startTime="2026-09-26T03:31:41.5582205+00:00" endTime="2026-09-26T03:31:43.0209577+00:00" testType="13cdc9d9-ddb5-4fa4-a97d-d965ccfc6d4b" outcome="Passed" testListId="8c84fa94-04c1-424b-9868-57a2d4851a1d" relativeResultsDirectory="4e441f64-98c6-451b-a43b-a29fa292aa0b" />
    <UnitTestResult executionId="ef036079-e6c5-48aa-8fc2-2234c1c7ff40" testId="05b566b0-211d-b65b-287b-b7286b0e1950" testName="InventoryControl.Tests.InventoryEfPersistenceTests.given_a_row_created_with_existing_sql_when_queried_then_the_no_tracking_projection_preserves_its_values" computerName="0c140fbf1ac6" duration="00:00:00.2300000" startTime="2026-09-26T03:31:42.6873447+00:00" endTime="2026-09-26T03:31:42.9181960+00:00" testType="13cdc9d9-ddb5-4fa4-a97d-d965ccfc6d4b" outcome="Passed" testListId="8c84fa94-04c1-424b-9868-57a2d4851a1d" relativeResultsDirectory="ef036079-e6c5-48aa-8fc2-2234c1c7ff40" />
    <UnitTestResult executionId="e9d077e5-ae36-4e9f-b797-da460146e94d" testId="26034882-897c-695b-1022-51c47619d60e" testName="InventoryControl.Tests.ReserveInventoryUseCaseTests.given_sufficient_stock_when_reserving_then_state_and_outbox_commit_with_stable_delivery_identity" computerName="0c140fbf1ac6" duration="00:00:00.0020000" startTime="2026-09-26T03:31:41.7371936+00:00" endTime="2026-09-26T03:31:41.7392932+00:00" testType="13cdc9d9-ddb5-4fa4-a97d-d965ccfc6d4b" outcome="Passed" testListId="8c84fa94-04c1-424b-9868-57a2d4851a1d" relativeResultsDirectory="e9d077e5-ae36-4e9f-b797-da460146e94d" />
    <UnitTestResult executionId="5ebbc661-06e0-422f-b3f3-234c7c57ff0e" testId="015f402e-753d-a427-9df1-b1876ca7f5bc" testName="InventoryControl.Tests.ReserveInventoryUseCaseTests.given_an_operation_identity_conflict_when_reserving_then_only_the_original_outbox_message_remains" computerName="0c140fbf1ac6" duration="00:00:00.0010000" startTime="2026-09-26T03:31:41.7543771+00:00" endTime="2026-09-26T03:31:41.7555950+00:00" testType="13cdc9d9-ddb5-4fa4-a97d-d965ccfc6d4b" outcome="Passed" testListId="8c84fa94-04c1-424b-9868-57a2d4851a1d" relativeResultsDirectory="5ebbc661-06e0-422f-b3f3-234c7c57ff0e" />
    <UnitTestResult executionId="53e02ffa-cd49-422b-94bf-5bfe62dc14e7" testId="80b736b3-55a1-7b18-8702-c3c2a4b80b4b" testName="InventoryControl.Tests.ReserveInventoryUseCaseTests.given_a_transient_store_failure_when_reserving_then_exception_propagates_without_commit" computerName="0c140fbf1ac6" duration="00:00:00.0050000" startTime="2026-09-26T03:31:41.7476214+00:00" endTime="2026-09-26T03:31:41.7535743+00:00" testType="13cdc9d9-ddb5-4fa4-a97d-d965ccfc6d4b" outcome="Passed" testListId="8c84fa94-04c1-424b-9868-57a2d4851a1d" relativeResultsDirectory="53e02ffa-cd49-422b-94bf-5bfe62dc14e7" />
    <UnitTestResult executionId="ce7682fd-03c8-4e63-8b86-4075b5f11cab" testId="cb54dc95-e423-443b-d4d4-89d045417413" testName="InventoryControl.Tests.PostgresInventoryStockOutboxTests.given_a_concurrent_stock_change_when_outbox_commit_runs_then_it_fails_without_an_event_row" computerName="0c140fbf1ac6" duration="00:00:00.2510000" startTime="2026-09-26T03:31:43.0866218+00:00" endTime="2026-09-26T03:31:43.3381849+00:00" testType="13cdc9d9-ddb5-4fa4-a97d-d965ccfc6d4b" outcome="Passed" testListId="8c84fa94-04c1-424b-9868-57a2d4851a1d" relativeResultsDirectory="ce7682fd-03c8-4e63-8b86-4075b5f11cab" />
    <UnitTestResult executionId="448991fa-c3df-4880-8efa-fa8afa7becd1" testId="289ce3d2-ab3d-c903-a952-df42d076f4ed" testName="InventoryControl.Tests.ApplyGoodsReceiptUseCaseTests.given_invalid_receipt_identity_or_quantity_when_applied_then_store_is_not_called(invalidField: 2, quantity: 0)" computerName="0c140fbf1ac6" duration="00:00:00.0090000" startTime="2026-09-26T03:31:41.7272865+00:00" endTime="2026-09-26T03:31:41.7364593+00:00" testType="13cdc9d9-ddb5-4fa4-a97d-d965ccfc6d4b" outcome="Passed" testListId="8c84fa94-04c1-424b-9868-57a2d4851a1d" relativeResultsDirectory="448991fa-c3df-4880-8efa-fa8afa7becd1" />
    <UnitTestResult executionId="04161df8-f4dd-4874-9120-4e16d20668d4" testId="e320e74c-e51f-a38e-33ca-1e5f6409bb12" testName="InventoryControl.Tests.InventoryIntegrationOutboxRelayTests.given_the_same_claimed_row_when_publish_is_retried_then_delivery_identity_and_event_time_are_stable" computerName="0c140fbf1ac6" duration="00:00:00.4540000" startTime="2026-09-26T03:31:43.4794180+00:00" endTime="2026-09-26T03:31:43.9337879+00:00" testType="13cdc9d9-ddb5-4fa4-a97d-d965ccfc6d4b" outcome="Passed" testListId="8c84fa94-04c1-424b-9868-57a2d4851a1d" relativeResultsDirectory="04161df8-f4dd-4874-9120-4e16d20668d4" />
    <UnitTestResult executionId="48d83ffd-28db-4b47-b5a5-5e8dfa33a08d" testId="5d6d1ac1-de66-d056-3dcb-02a7772354b1" testName="InventoryControl.Tests.ReserveInventoryUseCaseTests.given_outbox_staging_fails_when_reserving_then_state_and_outbox_are_rolled_back" computerName="0c140fbf1ac6" duration="00:00:00.0040000" startTime="2026-09-26T03:31:41.7412888+00:00" endTime="2026-09-26T03:31:41.7459994+00:00" testType="13cdc9d9-ddb5-4fa4-a97d-d965ccfc6d4b" outcome="Passed" testListId="8c84fa94-04c1-424b-9868-57a2d4851a1d" relativeResultsDirectory="48d83ffd-28db-4b47-b5a5-5e8dfa33a08d" />
    <UnitTestResult executionId="64828538-1047-4d05-91a4-620568a08851" testId="67e54b6d-dc6b-4537-0c44-fe32c831da0a" testName="InventoryControl.Tests.PostgresInventoryGoodsReceiptStoreTests.R05_given_two_distinct_receipts_when_applied_concurrently_then_both_stock_increments_are_serialized" computerName="0c140fbf1ac6" duration="00:00:00.3250000" startTime="2026-09-26T03:31:43.4100748+00:00" endTime="2026-09-26T03:31:43.7360728+00:00" testType="13cdc9d9-ddb5-4fa4-a97d-d965ccfc6d4b" outcome="Passed" testListId="8c84fa94-04c1-424b-9868-57a2d4851a1d" relativeResultsDirectory="64828538-1047-4d05-91a4-620568a08851" />
    <UnitTestResult executionId="afe8107f-6d00-43d7-addd-53d4f51e1bea" testId="1ded2800-8a4b-2112-a192-085521e8ce50" testName="InventoryControl.Tests.InventoryEfPersistenceTests.given_existing_inventory_schema_when_model_is_built_then_only_persisted_domain_fields_are_mapped" computerName="0c140fbf1ac6" duration="00:00:00.5780000" startTime="2026-09-26T03:31:41.5583504+00:00" endTime="2026-09-26T03:31:42.1484866+00:00" testType="13cdc9d9-ddb5-4fa4-a97d-d965ccfc6d4b" outcome="Passed" testListId="8c84fa94-04c1-424b-9868-57a2d4851a1d" relativeResultsDirectory="afe8107f-6d00-43d7-addd-53d4f51e1bea" />
    <UnitTestResult executionId="d4826401-3f25-4c21-b302-16340e4b9e13" testId="9783aabb-dcdb-206a-2dd9-fc545afad039" testName="InventoryControl.Tests.InventoryIntegrationEventContractTests.given_a_staged_decrease_event_when_deserialized_then_the_original_occurrence_time_is_preserved" computerName="0c140fbf1ac6" duration="00:00:00.0130000" startTime="2026-09-26T03:31:41.6572373+00:00" endTime="2026-09-26T03:31:41.6710137+00:00" testType="13cdc9d9-ddb5-4fa4-a97d-d965ccfc6d4b" outcome="Passed" testListId="8c84fa94-04c1-424b-9868-57a2d4851a1d" relativeResultsDirectory="d4826401-3f25-4c21-b302-16340e4b9e13" />
    <UnitTestResult executionId="69b17e0a-7d47-4691-8bec-a574e075eeb7" testId="7c96d02a-fcf8-6199-2aa8-d482addda95c" testName="InventoryControl.Tests.InventoryEfPersistenceTests.given_a_new_inventory_item_when_repository_saves_then_a_fresh_context_can_query_it" computerName="0c140fbf1ac6" duration="00:00:00.5080000" startTime="2026-09-26T03:31:42.1781909+00:00" endTime="2026-09-26T03:31:42.6865789+00:00" testType="13cdc9d9-ddb5-4fa4-a97d-d965ccfc6d4b" outcome="Passed" testListId="8c84fa94-04c1-424b-9868-57a2d4851a1d" relativeResultsDirectory="69b17e0a-7d47-4691-8bec-a574e075eeb7" />
    <UnitTestResult executionId="38bdebce-24c4-4ed5-9281-3378bd9c4639" testId="9104363d-4ffc-438c-c561-384d09ed4b66" testName="InventoryControl.Tests.PostgresInventoryGoodsReceiptStoreTests.R05_given_one_receipt_when_two_identical_messages_arrive_concurrently_then_only_one_claim_increments_stock" computerName="0c140fbf1ac6" duration="00:00:01.3080000" startTime="2026-09-26T03:31:41.5582593+00:00" endTime="2026-09-26T03:31:42.8789194+00:00" testType="13cdc9d9-ddb5-4fa4-a97d-d965ccfc6d4b" outcome="Passed" testListId="8c84fa94-04c1-424b-9868-57a2d4851a1d" relativeResultsDirectory="38bdebce-24c4-4ed5-9281-3378bd9c4639" />
    <UnitTestResult executionId="169d3098-5268-42fc-a2fb-d2e09db2e3d0" testId="85d5f2fa-33f5-4830-e3ac-0ba8cf42e1ab" testName="InventoryControl.Tests.PostgresInventoryReservationRepositoryTests.given_one_operation_when_duplicate_requests_run_concurrently_then_the_outcome_and_message_are_replayed_once" computerName="0c140fbf1ac6" duration="00:00:00.2170000" startTime="2026-09-26T03:31:43.7907918+00:00" endTime="2026-09-26T03:31:44.0081552+00:00" testType="13cdc9d9-ddb5-4fa4-a97d-d965ccfc6d4b" outcome="Passed" testListId="8c84fa94-04c1-424b-9868-57a2d4851a1d" relativeResultsDirectory="169d3098-5268-42fc-a2fb-d2e09db2e3d0" />
    <UnitTestResult executionId="bfad6fbe-5e2d-497c-8e26-d8a3ccd080f1" testId="7724d251-0b97-8d90-54a6-efc51a50ed1c" testName="InventoryControl.Tests.InventoryReservationIdempotencyTests.given_cancellation_before_reservation_when_executed_then_state_is_not_mutated" computerName="0c140fbf1ac6" duration="00:00:00.0630000" startTime="2026-09-26T03:31:41.5584267+00:00" endTime="2026-09-26T03:31:41.6377557+00:00" testType="13cdc9d9-ddb5-4fa4-a97d-d965ccfc6d4b" outcome="Passed" testListId="8c84fa94-04c1-424b-9868-57a2d4851a1d" relativeResultsDirectory="bfad6fbe-5e2d-497c-8e26-d8a3ccd080f1" />
    <UnitTestResult executionId="9ee8adc0-376c-4557-8294-db664f67968b" testId="484fb1ff-1cc8-5c7d-ba6b-5c9c6104db92" testName="InventoryControl.Tests.ApplyGoodsReceiptUseCaseTests.given_invalid_receipt_identity_or_quantity_when_applied_then_store_is_not_called(invalidField: 3, quantity: 0)" computerName="0c140fbf1ac6" duration="00:00:00.0010000" startTime="2026-09-26T03:31:41.7369202+00:00" endTime="2026-09-26T03:31:41.7379266+00:00" testType="13cdc9d9-ddb5-4fa4-a97d-d965ccfc6d4b" outcome="Passed" testListId="8c84fa94-04c1-424b-9868-57a2d4851a1d" relativeResultsDirectory="9ee8adc0-376c-4557-8294-db664f67968b" />
    <UnitTestResult executionId="fd161cc7-bac2-4827-a567-ed2f3b18c7f1" testId="692b5a31-069b-ec1c-0ac9-3569ff039d4f" testName="InventoryControl.Tests.InventoryIntegrationOutboxRelayTests.given_a_stable_delivery_when_published_then_wolverine_metadata_matches_the_outbox_identity" computerName="0c140fbf1ac6" duration="00:00:00.0150000" startTime="2026-09-26T03:31:45.1855231+00:00" endTime="2026-09-26T03:31:45.2013842+00:00" testType="13cdc9d9-ddb5-4fa4-a97d-d965ccfc6d4b" outcome="Passed" testListId="8c84fa94-04c1-424b-9868-57a2d4851a1d" relativeResultsDirectory="fd161cc7-bac2-4827-a567-ed2f3b18c7f1" />
    <UnitTestResult executionId="f39b4e8a-4a13-4877-a995-efcfa5b2212c" testId="87a8cac2-715b-e17f-f58a-3cd9757415d1" testName="InventoryControl.Tests.InventoryReservationIdempotencyTests.given_a_completed_operation_when_it_is_replayed_then_stock_is_decremented_once" computerName="0c140fbf1ac6" duration="00:00:00.0010000" startTime="2026-09-26T03:31:41.6889565+00:00" endTime="2026-09-26T03:31:41.6899127+00:00" testType="13cdc9d9-ddb5-4fa4-a97d-d965ccfc6d4b" outcome="Passed" testListId="8c84fa94-04c1-424b-9868-57a2d4851a1d" relativeResultsDirectory="f39b4e8a-4a13-4877-a995-efcfa5b2212c" />
    <UnitTestResult executionId="228409b9-d164-46e8-903a-6a288acbc570" testId="ecb194b9-fdd8-9c39-15e6-7dd8df40b68f" testName="InventoryControl.Tests.GoodsReceivedHandlerTests.R03_given_a_procurement_receipt_when_consumed_then_exact_identity_is_applied_once" computerName="0c140fbf1ac6" duration="00:00:00.0040000" startTime="2026-09-26T03:31:41.7471685+00:00" endTime="2026-09-26T03:31:41.7512379+00:00" testType="13cdc9d9-ddb5-4fa4-a97d-d965ccfc6d4b" outcome="Passed" testListId="8c84fa94-04c1-424b-9868-57a2d4851a1d" relativeResultsDirectory="228409b9-d164-46e8-903a-6a288acbc570" />
    <UnitTestResult executionId="0425e20e-4a9a-40fb-b096-7bf22ae58306" testId="85183c30-5775-6713-fd1d-0abbdef3aab3" testName="InventoryControl.Tests.ApplyGoodsReceiptUseCaseTests.given_a_valid_physical_receipt_when_applied_then_inventory_event_uses_the_receipt_identity" computerName="0c140fbf1ac6" duration="00:00:00.0110000" startTime="2026-09-26T03:31:41.7384197+00:00" endTime="2026-09-26T03:31:41.7495327+00:00" testType="13cdc9d9-ddb5-4fa4-a97d-d965ccfc6d4b" outcome="Passed" testListId="8c84fa94-04c1-424b-9868-57a2d4851a1d" relativeResultsDirectory="0425e20e-4a9a-40fb-b096-7bf22ae58306" />
    <UnitTestResult executionId="990c8de7-5a75-4a23-a324-298881b43a15" testId="72150dcf-7e43-8aad-64f5-69e21480ee9b" testName="InventoryControl.Tests.ApplyGoodsReceiptUseCaseTests.given_invalid_receipt_identity_or_quantity_when_applied_then_store_is_not_called(invalidField: 0, quantity: 1)" computerName="0c140fbf1ac6" duration="00:00:00.1530000" startTime="2026-09-26T03:31:41.5583140+00:00" endTime="2026-09-26T03:31:41.7236139+00:00" testType="13cdc9d9-ddb5-4fa4-a97d-d965ccfc6d4b" outcome="Passed" testListId="8c84fa94-04c1-424b-9868-57a2d4851a1d" relativeResultsDirectory="990c8de7-5a75-4a23-a324-298881b43a15" />
    <UnitTestResult executionId="bea7860b-5782-4ab0-9b05-18f6a433da11" testId="7d978729-e014-fb8e-5683-b9f46476b7ec" testName="InventoryControl.Tests.ReserveInventoryUseCaseTests.given_non_positive_quantity_when_reserving_then_request_is_rejected_before_side_effects(quantity: 0)" computerName="0c140fbf1ac6" duration="00:00:00.0020000" startTime="2026-09-26T03:31:41.7248056+00:00" endTime="2026-09-26T03:31:41.7271671+00:00" testType="13cdc9d9-ddb5-4fa4-a97d-d965ccfc6d4b" outcome="Passed" testListId="8c84fa94-04c1-424b-9868-57a2d4851a1d" relativeResultsDirectory="bea7860b-5782-4ab0-9b05-18f6a433da11" />
    <UnitTestResult executionId="a5d2f965-0669-480e-9ce0-c8de07c320e0" testId="6578b26c-648d-6b1c-76a9-600e44eaa8d7" testName="InventoryControl.Tests.PostgresInventoryGoodsReceiptStoreTests.R03_given_a_completed_receipt_and_removed_outbox_when_replayed_then_original_outcome_is_returned_without_new_effects" computerName="0c140fbf1ac6" duration="00:00:00.2530000" startTime="2026-09-26T03:31:43.9952657+00:00" endTime="2026-09-26T03:31:44.2484728+00:00" testType="13cdc9d9-ddb5-4fa4-a97d-d965ccfc6d4b" outcome="Passed" testListId="8c84fa94-04c1-424b-9868-57a2d4851a1d" relativeResultsDirectory="a5d2f965-0669-480e-9ce0-c8de07c320e0" />
    <UnitTestResult executionId="141b817e-2e0d-4e83-92ee-df479c7aef2c" testId="1c1e6999-6a68-ba8d-8cfd-5c63d5cbf9b3" testName="InventoryControl.Tests.InventoryStockUseCaseTests.given_sufficient_stock_when_stock_is_decreased_then_state_and_event_are_staged" computerName="0c140fbf1ac6" duration="00:00:00.0030000" startTime="2026-09-26T03:31:41.7805589+00:00" endTime="2026-09-26T03:31:41.7839583+00:00" testType="13cdc9d9-ddb5-4fa4-a97d-d965ccfc6d4b" outcome="Passed" testListId="8c84fa94-04c1-424b-9868-57a2d4851a1d" relativeResultsDirectory="141b817e-2e0d-4e83-92ee-df479c7aef2c" />
  </Results>
  <TestDefinitions>
    <UnitTest name="InventoryControl.Tests.PostgresInventoryGoodsReceiptStoreTests.R05_given_two_distinct_receipts_when_applied_concurrently_then_both_stock_increments_are_serialized" storage="/workspace/tests/inventorycontrol.tests/bin/release/net10.0/inventorycontrol.tests.dll" id="67e54b6d-dc6b-4537-0c44-fe32c831da0a">
      <Execution id="64828538-1047-4d05-91a4-620568a08851" />
      <TestMethod codeBase="/workspace/tests/InventoryControl.Tests/bin/Release/net10.0/InventoryControl.Tests.dll" adapterTypeName="executor://xunit/VsTestRunner3/netcore/" className="InventoryControl.Tests.PostgresInventoryGoodsReceiptStoreTests" name="R05_given_two_distinct_receipts_when_applied_concurrently_then_both_stock_increments_are_serialized" />
    </UnitTest>
    <UnitTest name="InventoryControl.Tests.GoodsReceivedHandlerTests.R03_given_a_procurement_receipt_when_consumed_then_exact_identity_is_applied_once" storage="/workspace/tests/inventorycontrol.tests/bin/release/net10.0/inventorycontrol.tests.dll" id="ecb194b9-fdd8-9c39-15e6-7dd8df40b68f">
      <Execution id="228409b9-d164-46e8-903a-6a288acbc570" />
      <TestMethod codeBase="/workspace/tests/InventoryControl.Tests/bin/Release/net10.0/InventoryControl.Tests.dll" adapterTypeName="executor://xunit/VsTestRunner3/netcore/" className="InventoryControl.Tests.GoodsReceivedHandlerTests" name="R03_given_a_procurement_receipt_when_consumed_then_exact_identity_is_applied_once" />
    </UnitTest>
    <UnitTest name="InventoryControl.Tests.InventoryOutboxRelayOptionsTests.given_finite_retention_without_positive_days_when_configuration_is_parsed_then_startup_fails" storage="/workspace/tests/inventorycontrol.tests/bin/release/net10.0/inventorycontrol.tests.dll" id="15b08716-c42d-6e2d-1425-f3d20bdda25c">
      <Execution id="f6e6b554-f31c-49d6-8664-f3ac6533baf6" />
      <TestMethod codeBase="/workspace/tests/InventoryControl.Tests/bin/Release/net10.0/InventoryControl.Tests.dll" adapterTypeName="executor://xunit/VsTestRunner3/netcore/" className="InventoryControl.Tests.InventoryOutboxRelayOptionsTests" name="given_finite_retention_without_positive_days_when_configuration_is_parsed_then_startup_fails" />
    </UnitTest>
    <UnitTest name="InventoryControl.Tests.PostgresInventoryGoodsReceiptStoreTests.R05_given_one_receipt_when_two_identical_messages_arrive_concurrently_then_only_one_claim_increments_stock" storage="/workspace/tests/inventorycontrol.tests/bin/release/net10.0/inventorycontrol.tests.dll" id="9104363d-4ffc-438c-c561-384d09ed4b66">
      <Execution id="38bdebce-24c4-4ed5-9281-3378bd9c4639" />
      <TestMethod codeBase="/workspace/tests/InventoryControl.Tests/bin/Release/net10.0/InventoryControl.Tests.dll" adapterTypeName="executor://xunit/VsTestRunner3/netcore/" className="InventoryControl.Tests.PostgresInventoryGoodsReceiptStoreTests" name="R05_given_one_receipt_when_two_identical_messages_arrive_concurrently_then_only_one_claim_increments_stock" />
    </UnitTest>
    <UnitTest name="InventoryControl.Tests.PostgresInventoryStockOutboxTests.given_invalid_outbox_metadata_when_staging_fails_then_stock_rolls_back_and_the_scope_can_reload" storage="/workspace/tests/inventorycontrol.tests/bin/release/net10.0/inventorycontrol.tests.dll" id="cb51bf81-b227-ecc9-d250-e5a47f3f3527">
      <Execution id="fbb475c4-546d-4602-ac55-939e78b8e9c0" />
      <TestMethod codeBase="/workspace/tests/InventoryControl.Tests/bin/Release/net10.0/InventoryControl.Tests.dll" adapterTypeName="executor://xunit/VsTestRunner3/netcore/" className="InventoryControl.Tests.PostgresInventoryStockOutboxTests" name="given_invalid_outbox_metadata_when_staging_fails_then_stock_rolls_back_and_the_scope_can_reload" />
    </UnitTest>
    <UnitTest name="InventoryControl.Tests.InventoryIntegrationOutboxRelayTests.given_finite_published_retention_when_relay_runs_then_only_expired_published_rows_are_pruned" storage="/workspace/tests/inventorycontrol.tests/bin/release/net10.0/inventorycontrol.tests.dll" id="fd27966b-3d49-ec39-7118-c5d3ff3e6e6e">
      <Execution id="1676c546-33e0-4630-9023-8875e6c636dc" />
      <TestMethod codeBase="/workspace/tests/InventoryControl.Tests/bin/Release/net10.0/InventoryControl.Tests.dll" adapterTypeName="executor://xunit/VsTestRunner3/netcore/" className="InventoryControl.Tests.InventoryIntegrationOutboxRelayTests" name="given_finite_published_retention_when_relay_runs_then_only_expired_published_rows_are_pruned" />
    </UnitTest>
    <UnitTest name="InventoryControl.Tests.InventoryIntegrationEventContractTests.given_a_staged_decrease_event_when_deserialized_then_the_original_occurrence_time_is_preserved" storage="/workspace/tests/inventorycontrol.tests/bin/release/net10.0/inventorycontrol.tests.dll" id="9783aabb-dcdb-206a-2dd9-fc545afad039">
      <Execution id="d4826401-3f25-4c21-b302-16340e4b9e13" />
      <TestMethod codeBase="/workspace/tests/InventoryControl.Tests/bin/Release/net10.0/InventoryControl.Tests.dll" adapterTypeName="executor://xunit/VsTestRunner3/netcore/" className="InventoryControl.Tests.InventoryIntegrationEventContractTests" name="given_a_staged_decrease_event_when_deserialized_then_the_original_occurrence_time_is_preserved" />
    </UnitTest>
    <UnitTest name="InventoryControl.Tests.PostgresInventoryReservationRepositoryTests.given_stock_for_only_one_request_when_two_reservations_run_concurrently_then_stock_and_outcomes_are_atomic" storage="/workspace/tests/inventorycontrol.tests/bin/release/net10.0/inventorycontrol.tests.dll" id="f767a1e0-a8d1-aea9-fc3f-a26182ffb2b6">
      <Execution id="204af9e4-b8f7-457b-a87b-943bba3fcf2a" />
      <TestMethod codeBase="/workspace/tests/InventoryControl.Tests/bin/Release/net10.0/InventoryControl.Tests.dll" adapterTypeName="executor://xunit/VsTestRunner3/netcore/" className="InventoryControl.Tests.PostgresInventoryReservationRepositoryTests" name="given_stock_for_only_one_request_when_two_reservations_run_concurrently_then_stock_and_outcomes_are_atomic" />
    </UnitTest>
    <UnitTest name="InventoryControl.Tests.InventoryEfPersistenceTests.given_a_new_inventory_item_when_repository_saves_then_a_fresh_context_can_query_it" storage="/workspace/tests/inventorycontrol.tests/bin/release/net10.0/inventorycontrol.tests.dll" id="7c96d02a-fcf8-6199-2aa8-d482addda95c">
      <Execution id="69b17e0a-7d47-4691-8bec-a574e075eeb7" />
      <TestMethod codeBase="/workspace/tests/InventoryControl.Tests/bin/Release/net10.0/InventoryControl.Tests.dll" adapterTypeName="executor://xunit/VsTestRunner3/netcore/" className="InventoryControl.Tests.InventoryEfPersistenceTests" name="given_a_new_inventory_item_when_repository_saves_then_a_fresh_context_can_query_it" />
    </UnitTest>
    <UnitTest name="InventoryControl.Tests.InventoryIntegrationOutboxRelayTests.given_one_pending_row_when_two_relays_claim_concurrently_then_only_one_lease_publishes_it" storage="/workspace/tests/inventorycontrol.tests/bin/release/net10.0/inventorycontrol.tests.dll" id="e8eb40db-1b7e-709a-6a67-2f6c38e47a9f">
      <Execution id="5cc5d079-1360-42c9-9de2-b4edda853e65" />
      <TestMethod codeBase="/workspace/tests/InventoryControl.Tests/bin/Release/net10.0/InventoryControl.Tests.dll" adapterTypeName="executor://xunit/VsTestRunner3/netcore/" className="InventoryControl.Tests.InventoryIntegrationOutboxRelayTests" name="given_one_pending_row_when_two_relays_claim_concurrently_then_only_one_lease_publishes_it" />
    </UnitTest>
    <UnitTest name="InventoryControl.Tests.ReserveInventoryUseCaseTests.given_sufficient_stock_when_reserving_then_state_and_outbox_commit_with_stable_delivery_identity" storage="/workspace/tests/inventorycontrol.tests/bin/release/net10.0/inventorycontrol.tests.dll" id="26034882-897c-695b-1022-51c47619d60e">
      <Execution id="e9d077e5-ae36-4e9f-b797-da460146e94d" />
      <TestMethod codeBase="/workspace/tests/InventoryControl.Tests/bin/Release/net10.0/InventoryControl.Tests.dll" adapterTypeName="executor://xunit/VsTestRunner3/netcore/" className="InventoryControl.Tests.ReserveInventoryUseCaseTests" name="given_sufficient_stock_when_reserving_then_state_and_outbox_commit_with_stable_delivery_identity" />
    </UnitTest>
    <UnitTest name="InventoryControl.Tests.InventoryIntegrationEventContractTests.given_a_return_event_when_serialized_then_the_quantity_name_matches_its_business_meaning" storage="/workspace/tests/inventorycontrol.tests/bin/release/net10.0/inventorycontrol.tests.dll" id="deb63ec4-37df-f822-d566-60be36ec5d2a">
      <Execution id="39fef07b-50ff-4e0f-b10a-d11c7b7597f0" />
      <TestMethod codeBase="/workspace/tests/InventoryControl.Tests/bin/Release/net10.0/InventoryControl.Tests.dll" adapterTypeName="executor://xunit/VsTestRunner3/netcore/" className="InventoryControl.Tests.InventoryIntegrationEventContractTests" name="given_a_return_event_when_serialized_then_the_quantity_name_matches_its_business_meaning" />
    </UnitTest>
    <UnitTest name="InventoryControl.Tests.InventoryEfPersistenceTests.given_inventory_registration_when_scopes_are_resolved_then_repository_ports_share_the_scoped_context_boundary" storage="/workspace/tests/inventorycontrol.tests/bin/release/net10.0/inventorycontrol.tests.dll" id="6bdd8976-4742-de1f-8457-1d7319c85f14">
      <Execution id="23ff9769-2d68-4d93-ab13-e92dec94199f" />
      <TestMethod codeBase="/workspace/tests/InventoryControl.Tests/bin/Release/net10.0/InventoryControl.Tests.dll" adapterTypeName="executor://xunit/VsTestRunner3/netcore/" className="InventoryControl.Tests.InventoryEfPersistenceTests" name="given_inventory_registration_when_scopes_are_resolved_then_repository_ports_share_the_scoped_context_boundary" />
    </UnitTest>
    <UnitTest name="InventoryControl.Tests.PostgresInventoryGoodsReceiptStoreTests.R07_given_outbox_staging_failure_when_same_receipt_is_retried_then_claim_and_stock_roll_back_before_success" storage="/workspace/tests/inventorycontrol.tests/bin/release/net10.0/inventorycontrol.tests.dll" id="038fa5f9-d9bb-8525-069c-1ab498209125">
      <Execution id="badcb581-30f1-4440-8a80-227b8ec77018" />
      <TestMethod codeBase="/workspace/tests/InventoryControl.Tests/bin/Release/net10.0/InventoryControl.Tests.dll" adapterTypeName="executor://xunit/VsTestRunner3/netcore/" className="InventoryControl.Tests.PostgresInventoryGoodsReceiptStoreTests" name="R07_given_outbox_staging_failure_when_same_receipt_is_retried_then_claim_and_stock_roll_back_before_success" />
    </UnitTest>
    <UnitTest name="InventoryControl.Tests.InventoryReservationIdempotencyTests.given_a_completed_operation_when_it_is_replayed_then_stock_is_decremented_once" storage="/workspace/tests/inventorycontrol.tests/bin/release/net10.0/inventorycontrol.tests.dll" id="87a8cac2-715b-e17f-f58a-3cd9757415d1">
      <Execution id="f39b4e8a-4a13-4877-a995-efcfa5b2212c" />
      <TestMethod codeBase="/workspace/tests/InventoryControl.Tests/bin/Release/net10.0/InventoryControl.Tests.dll" adapterTypeName="executor://xunit/VsTestRunner3/netcore/" className="InventoryControl.Tests.InventoryReservationIdempotencyTests" name="given_a_completed_operation_when_it_is_replayed_then_stock_is_decremented_once" />
    </UnitTest>
    <UnitTest name="InventoryControl.Tests.InventoryReservationIdempotencyTests.given_cancellation_before_reservation_when_executed_then_state_is_not_mutated" storage="/workspace/tests/inventorycontrol.tests/bin/release/net10.0/inventorycontrol.tests.dll" id="7724d251-0b97-8d90-54a6-efc51a50ed1c">
      <Execution id="bfad6fbe-5e2d-497c-8e26-d8a3ccd080f1" />
      <TestMethod codeBase="/workspace/tests/InventoryControl.Tests/bin/Release/net10.0/InventoryControl.Tests.dll" adapterTypeName="executor://xunit/VsTestRunner3/netcore/" className="InventoryControl.Tests.InventoryReservationIdempotencyTests" name="given_cancellation_before_reservation_when_executed_then_state_is_not_mutated" />
    </UnitTest>
    <UnitTest name="InventoryControl.Tests.ReserveInventoryUseCaseTests.given_empty_product_id_when_reserving_then_request_is_rejected_before_side_effects" storage="/workspace/tests/inventorycontrol.tests/bin/release/net10.0/inventorycontrol.tests.dll" id="73363928-73b6-16a6-440f-85ad694e8d13">
      <Execution id="a5ac7a31-c7f1-4e2f-9d29-cf1901a514d2" />
      <TestMethod codeBase="/workspace/tests/InventoryControl.Tests/bin/Release/net10.0/InventoryControl.Tests.dll" adapterTypeName="executor://xunit/VsTestRunner3/netcore/" className="InventoryControl.Tests.ReserveInventoryUseCaseTests" name="given_empty_product_id_when_reserving_then_request_is_rejected_before_side_effects" />
    </UnitTest>
    <UnitTest name="InventoryControl.Tests.ReserveInventoryUseCaseTests.given_outbox_staging_fails_when_reserving_then_state_and_outbox_are_rolled_back" storage="/workspace/tests/inventorycontrol.tests/bin/release/net10.0/inventorycontrol.tests.dll" id="5d6d1ac1-de66-d056-3dcb-02a7772354b1">
      <Execution id="48d83ffd-28db-4b47-b5a5-5e8dfa33a08d" />
      <TestMethod codeBase="/workspace/tests/InventoryControl.Tests/bin/Release/net10.0/InventoryControl.Tests.dll" adapterTypeName="executor://xunit/VsTestRunner3/netcore/" className="InventoryControl.Tests.ReserveInventoryUseCaseTests" name="given_outbox_staging_fails_when_reserving_then_state_and_outbox_are_rolled_back" />
    </UnitTest>
    <UnitTest name="InventoryControl.Tests.PostgresInventoryReservationRepositoryTests.given_a_completed_operation_when_payload_changes_then_the_conflict_preserves_the_original_state" storage="/workspace/tests/inventorycontrol.tests/bin/release/net10.0/inventorycontrol.tests.dll" id="8f5e8bb9-e96d-1fd9-6eee-cf70384349e8">
      <Execution id="7484615e-cd13-4f4e-9bb8-da92a52ef1e5" />
      <TestMethod codeBase="/workspace/tests/InventoryControl.Tests/bin/Release/net10.0/InventoryControl.Tests.dll" adapterTypeName="executor://xunit/VsTestRunner3/netcore/" className="InventoryControl.Tests.PostgresInventoryReservationRepositoryTests" name="given_a_completed_operation_when_payload_changes_then_the_conflict_preserves_the_original_state" />
    </UnitTest>
    <UnitTest name="InventoryControl.Tests.ReserveInventoryUseCaseTests.given_insufficient_stock_when_reserving_then_failure_is_committed_without_an_outbox_message" storage="/workspace/tests/inventorycontrol.tests/bin/release/net10.0/inventorycontrol.tests.dll" id="93eb783a-f5d6-606e-2042-a8ced005e946">
      <Execution id="5ffe0d09-a687-45e6-81c1-fa5bb9f6b388" />
      <TestMethod codeBase="/workspace/tests/InventoryControl.Tests/bin/Release/net10.0/InventoryControl.Tests.dll" adapterTypeName="executor://xunit/VsTestRunner3/netcore/" className="InventoryControl.Tests.ReserveInventoryUseCaseTests" name="given_insufficient_stock_when_reserving_then_failure_is_committed_without_an_outbox_message" />
    </UnitTest>
    <UnitTest name="InventoryControl.Tests.ReserveInventoryUseCaseTests.given_non_positive_quantity_when_reserving_then_request_is_rejected_before_side_effects(quantity: 0)" storage="/workspace/tests/inventorycontrol.tests/bin/release/net10.0/inventorycontrol.tests.dll" id="7d978729-e014-fb8e-5683-b9f46476b7ec">
      <Execution id="bea7860b-5782-4ab0-9b05-18f6a433da11" />
      <TestMethod codeBase="/workspace/tests/InventoryControl.Tests/bin/Release/net10.0/InventoryControl.Tests.dll" adapterTypeName="executor://xunit/VsTestRunner3/netcore/" className="InventoryControl.Tests.ReserveInventoryUseCaseTests" name="given_non_positive_quantity_when_reserving_then_request_is_rejected_before_side_effects" />
    </UnitTest>
    <UnitTest name="InventoryControl.Tests.PostgresInventoryStockOutboxTests.given_a_concurrent_stock_change_when_outbox_commit_runs_then_it_fails_without_an_event_row" storage="/workspace/tests/inventorycontrol.tests/bin/release/net10.0/inventorycontrol.tests.dll" id="cb54dc95-e423-443b-d4d4-89d045417413">
      <Execution id="ce7682fd-03c8-4e63-8b86-4075b5f11cab" />
      <TestMethod codeBase="/workspace/tests/InventoryControl.Tests/bin/Release/net10.0/InventoryControl.Tests.dll" adapterTypeName="executor://xunit/VsTestRunner3/netcore/" className="InventoryControl.Tests.PostgresInventoryStockOutboxTests" name="given_a_concurrent_stock_change_when_outbox_commit_runs_then_it_fails_without_an_event_row" />
    </UnitTest>
    <UnitTest name="InventoryControl.Tests.PostgresInventoryGoodsReceiptStoreTests.R07_given_stock_near_integer_limit_when_receipt_overflows_then_no_effect_is_committed" storage="/workspace/tests/inventorycontrol.tests/bin/release/net10.0/inventorycontrol.tests.dll" id="cd525e34-7276-827b-ee05-1bb4681e6315">
      <Execution id="8bf4137a-52f2-4bdd-b68e-21b889a2789a" />
      <TestMethod codeBase="/workspace/tests/InventoryControl.Tests/bin/Release/net10.0/InventoryControl.Tests.dll" adapterTypeName="executor://xunit/VsTestRunner3/netcore/" className="InventoryControl.Tests.PostgresInventoryGoodsReceiptStoreTests" name="R07_given_stock_near_integer_limit_when_receipt_overflows_then_no_effect_is_committed" />
    </UnitTest>
    <UnitTest name="InventoryControl.Tests.InventoryReservationIdempotencyTests.reservation_failure_policy_has_bounded_cooldowns_and_terminal_routing_configuration" storage="/workspace/tests/inventorycontrol.tests/bin/release/net10.0/inventorycontrol.tests.dll" id="ae7e4ce0-8759-48a3-8f8f-8f10de60351c">
      <Execution id="45a2da5d-10ea-4efd-91da-21c058a19595" />
      <TestMethod codeBase="/workspace/tests/InventoryControl.Tests/bin/Release/net10.0/InventoryControl.Tests.dll" adapterTypeName="executor://xunit/VsTestRunner3/netcore/" className="InventoryControl.Tests.InventoryReservationIdempotencyTests" name="reservation_failure_policy_has_bounded_cooldowns_and_terminal_routing_configuration" />
    </UnitTest>
    <UnitTest name="InventoryControl.Tests.InventoryIntegrationOutboxRelayTests.given_a_published_reservation_was_purged_when_replayed_then_no_new_publication_is_staged" storage="/workspace/tests/inventorycontrol.tests/bin/release/net10.0/inventorycontrol.tests.dll" id="74e9b3f9-f961-5911-6804-31cb32ad8787">
      <Execution id="f295d96f-4241-4c8b-a43d-4eccfa3ddfdf" />
      <TestMethod codeBase="/workspace/tests/InventoryControl.Tests/bin/Release/net10.0/InventoryControl.Tests.dll" adapterTypeName="executor://xunit/VsTestRunner3/netcore/" className="InventoryControl.Tests.InventoryIntegrationOutboxRelayTests" name="given_a_published_reservation_was_purged_when_replayed_then_no_new_publication_is_staged" />
    </UnitTest>
    <UnitTest name="InventoryControl.Tests.PostgresInventoryGoodsReceiptStoreTests.R07_given_missing_stock_when_receipt_is_retried_after_initialization_then_only_later_attempt_commits" storage="/workspace/tests/inventorycontrol.tests/bin/release/net10.0/inventorycontrol.tests.dll" id="7d8e6901-efcd-98bc-6b56-6e62bba55e0f">
      <Execution id="32b64695-86dd-4089-a59f-afe3e4d2076e" />
      <TestMethod codeBase="/workspace/tests/InventoryControl.Tests/bin/Release/net10.0/InventoryControl.Tests.dll" adapterTypeName="executor://xunit/VsTestRunner3/netcore/" className="InventoryControl.Tests.PostgresInventoryGoodsReceiptStoreTests" name="R07_given_missing_stock_when_receipt_is_retried_after_initialization_then_only_later_attempt_commits" />
    </UnitTest>
    <UnitTest name="InventoryControl.Tests.InventoryReservationIdempotencyTests.given_a_terminal_failure_when_stock_changes_then_replay_preserves_the_original_outcome" storage="/workspace/tests/inventorycontrol.tests/bin/release/net10.0/inventorycontrol.tests.dll" id="474c635d-34a1-691d-a807-71db66dd65a0">
      <Execution id="3c8cf73b-7ad2-4384-8ea9-b0e82d14dccc" />
      <TestMethod codeBase="/workspace/tests/InventoryControl.Tests/bin/Release/net10.0/InventoryControl.Tests.dll" adapterTypeName="executor://xunit/VsTestRunner3/netcore/" className="InventoryControl.Tests.InventoryReservationIdempotencyTests" name="given_a_terminal_failure_when_stock_changes_then_replay_preserves_the_original_outcome" />
    </UnitTest>
    <UnitTest name="InventoryControl.Tests.PostgresInventoryReservationRepositoryTests.given_one_operation_when_duplicate_requests_run_concurrently_then_the_outcome_and_message_are_replayed_once" storage="/workspace/tests/inventorycontrol.tests/bin/release/net10.0/inventorycontrol.tests.dll" id="85d5f2fa-33f5-4830-e3ac-0ba8cf42e1ab">
      <Execution id="169d3098-5268-42fc-a2fb-d2e09db2e3d0" />
      <TestMethod codeBase="/workspace/tests/InventoryControl.Tests/bin/Release/net10.0/InventoryControl.Tests.dll" adapterTypeName="executor://xunit/VsTestRunner3/netcore/" className="InventoryControl.Tests.PostgresInventoryReservationRepositoryTests" name="given_one_operation_when_duplicate_requests_run_concurrently_then_the_outcome_and_message_are_replayed_once" />
    </UnitTest>
    <UnitTest name="InventoryControl.Tests.InventoryOutboxRelayOptionsTests.given_no_retention_settings_when_configuration_is_parsed_then_rows_are_retained_without_limit" storage="/workspace/tests/inventorycontrol.tests/bin/release/net10.0/inventorycontrol.tests.dll" id="c6e3fa23-a81b-65ac-e9d9-1184da43a091">
      <Execution id="b94eb08c-7719-4065-bc30-5ef8d4544833" />
      <TestMethod codeBase="/workspace/tests/InventoryControl.Tests/bin/Release/net10.0/InventoryControl.Tests.dll" adapterTypeName="executor://xunit/VsTestRunner3/netcore/" className="InventoryControl.Tests.InventoryOutboxRelayOptionsTests" name="given_no_retention_settings_when_configuration_is_parsed_then_rows_are_retained_without_limit" />
    </UnitTest>
    <UnitTest name="InventoryControl.Tests.ApplyGoodsReceiptUseCaseTests.given_invalid_receipt_identity_or_quantity_when_applied_then_store_is_not_called(invalidField: 2, quantity: 0)" storage="/workspace/tests/inventorycontrol.tests/bin/release/net10.0/inventorycontrol.tests.dll" id="289ce3d2-ab3d-c903-a952-df42d076f4ed">
      <Execution id="448991fa-c3df-4880-8efa-fa8afa7becd1" />
      <TestMethod codeBase="/workspace/tests/InventoryControl.Tests/bin/Release/net10.0/InventoryControl.Tests.dll" adapterTypeName="executor://xunit/VsTestRunner3/netcore/" className="InventoryControl.Tests.ApplyGoodsReceiptUseCaseTests" name="given_invalid_receipt_identity_or_quantity_when_applied_then_store_is_not_called" />
    </UnitTest>
    <UnitTest name="InventoryControl.Tests.PostgresInventoryGoodsReceiptStoreTests.R03_given_a_completed_receipt_and_removed_outbox_when_replayed_then_original_outcome_is_returned_without_new_effects" storage="/workspace/tests/inventorycontrol.tests/bin/release/net10.0/inventorycontrol.tests.dll" id="6578b26c-648d-6b1c-76a9-600e44eaa8d7">
      <Execution id="a5d2f965-0669-480e-9ce0-c8de07c320e0" />
      <TestMethod codeBase="/workspace/tests/InventoryControl.Tests/bin/Release/net10.0/InventoryControl.Tests.dll" adapterTypeName="executor://xunit/VsTestRunner3/netcore/" className="InventoryControl.Tests.PostgresInventoryGoodsReceiptStoreTests" name="R03_given_a_completed_receipt_and_removed_outbox_when_replayed_then_original_outcome_is_returned_without_new_effects" />
    </UnitTest>
    <UnitTest name="InventoryControl.Tests.InventoryStockUseCaseTests.given_insufficient_stock_when_stock_is_decreased_then_state_and_side_effects_are_unchanged" storage="/workspace/tests/inventorycontrol.tests/bin/release/net10.0/inventorycontrol.tests.dll" id="d03d7b99-690c-22ec-2837-eb3749bd59b3">
      <Execution id="23ab647a-4e05-4db2-bde3-636873d645f1" />
      <TestMethod codeBase="/workspace/tests/InventoryControl.Tests/bin/Release/net10.0/InventoryControl.Tests.dll" adapterTypeName="executor://xunit/VsTestRunner3/netcore/" className="InventoryControl.Tests.InventoryStockUseCaseTests" name="given_insufficient_stock_when_stock_is_decreased_then_state_and_side_effects_are_unchanged" />
    </UnitTest>
    <UnitTest name="InventoryControl.Tests.ApplyGoodsReceiptUseCaseTests.given_a_valid_physical_receipt_when_applied_then_inventory_event_uses_the_receipt_identity" storage="/workspace/tests/inventorycontrol.tests/bin/release/net10.0/inventorycontrol.tests.dll" id="85183c30-5775-6713-fd1d-0abbdef3aab3">
      <Execution id="0425e20e-4a9a-40fb-b096-7bf22ae58306" />
      <TestMethod codeBase="/workspace/tests/InventoryControl.Tests/bin/Release/net10.0/InventoryControl.Tests.dll" adapterTypeName="executor://xunit/VsTestRunner3/netcore/" className="InventoryControl.Tests.ApplyGoodsReceiptUseCaseTests" name="given_a_valid_physical_receipt_when_applied_then_inventory_event_uses_the_receipt_identity" />
    </UnitTest>
    <UnitTest name="InventoryControl.Tests.InventoryEfPersistenceTests.given_existing_inventory_schema_when_model_is_built_then_only_persisted_domain_fields_are_mapped" storage="/workspace/tests/inventorycontrol.tests/bin/release/net10.0/inventorycontrol.tests.dll" id="1ded2800-8a4b-2112-a192-085521e8ce50">
      <Execution id="afe8107f-6d00-43d7-addd-53d4f51e1bea" />
      <TestMethod codeBase="/workspace/tests/InventoryControl.Tests/bin/Release/net10.0/InventoryControl.Tests.dll" adapterTypeName="executor://xunit/VsTestRunner3/netcore/" className="InventoryControl.Tests.InventoryEfPersistenceTests" name="given_existing_inventory_schema_when_model_is_built_then_only_persisted_domain_fields_are_mapped" />
    </UnitTest>
    <UnitTest name="InventoryControl.Tests.ApplyGoodsReceiptUseCaseTests.given_invalid_receipt_identity_or_quantity_when_applied_then_store_is_not_called(invalidField: 3, quantity: 0)" storage="/workspace/tests/inventorycontrol.tests/bin/release/net10.0/inventorycontrol.tests.dll" id="484fb1ff-1cc8-5c7d-ba6b-5c9c6104db92">
      <Execution id="9ee8adc0-376c-4557-8294-db664f67968b" />
      <TestMethod codeBase="/workspace/tests/InventoryControl.Tests/bin/Release/net10.0/InventoryControl.Tests.dll" adapterTypeName="executor://xunit/VsTestRunner3/netcore/" className="InventoryControl.Tests.ApplyGoodsReceiptUseCaseTests" name="given_invalid_receipt_identity_or_quantity_when_applied_then_store_is_not_called" />
    </UnitTest>
    <UnitTest name="InventoryControl.Tests.InventoryIntegrationOutboxRelayTests.given_a_completed_reservation_has_no_outbox_row_when_replayed_then_no_recovery_publication_is_staged" storage="/workspace/tests/inventorycontrol.tests/bin/release/net10.0/inventorycontrol.tests.dll" id="cb71e4b1-477f-65ab-e000-fcc3e808dc05">
      <Execution id="4e441f64-98c6-451b-a43b-a29fa292aa0b" />
      <TestMethod codeBase="/workspace/tests/InventoryControl.Tests/bin/Release/net10.0/InventoryControl.Tests.dll" adapterTypeName="executor://xunit/VsTestRunner3/netcore/" className="InventoryControl.Tests.InventoryIntegrationOutboxRelayTests" name="given_a_completed_reservation_has_no_outbox_row_when_replayed_then_no_recovery_publication_is_staged" />
    </UnitTest>
    <UnitTest name="InventoryControl.Tests.PostgresInventoryReservationRepositoryTests.given_invalid_outbox_metadata_when_reservation_staging_fails_then_stock_operation_and_message_roll_back" storage="/workspace/tests/inventorycontrol.tests/bin/release/net10.0/inventorycontrol.tests.dll" id="553b4493-8932-2af4-c62c-89f0d15c912b">
      <Execution id="5c646c6f-3c23-4cc6-8885-9f3321f1ba62" />
      <TestMethod codeBase="/workspace/tests/InventoryControl.Tests/bin/Release/net10.0/InventoryControl.Tests.dll" adapterTypeName="executor://xunit/VsTestRunner3/netcore/" className="InventoryControl.Tests.PostgresInventoryReservationRepositoryTests" name="given_invalid_outbox_metadata_when_reservation_staging_fails_then_stock_operation_and_message_roll_back" />
    </UnitTest>
    <UnitTest name="InventoryControl.Tests.InventoryIntegrationOutboxRelayTests.given_a_cancelled_batch_when_relay_runs_then_no_message_is_claimed_or_published" storage="/workspace/tests/inventorycontrol.tests/bin/release/net10.0/inventorycontrol.tests.dll" id="28143cea-7654-1359-159b-0264a016fc2c">
      <Execution id="d396eb7a-23c2-405d-b6e6-e59aeb80f799" />
      <TestMethod codeBase="/workspace/tests/InventoryControl.Tests/bin/Release/net10.0/InventoryControl.Tests.dll" adapterTypeName="executor://xunit/VsTestRunner3/netcore/" className="InventoryControl.Tests.InventoryIntegrationOutboxRelayTests" name="given_a_cancelled_batch_when_relay_runs_then_no_message_is_claimed_or_published" />
    </UnitTest>
    <UnitTest name="InventoryControl.Tests.InventoryReservationIdempotencyTests.given_a_successful_reservation_when_replayed_then_the_message_factory_is_not_called" storage="/workspace/tests/inventorycontrol.tests/bin/release/net10.0/inventorycontrol.tests.dll" id="07577a2a-0728-7f6a-3a17-1648c264c216">
      <Execution id="dbf8e7df-6ae2-4787-a997-652052a7eda3" />
      <TestMethod codeBase="/workspace/tests/InventoryControl.Tests/bin/Release/net10.0/InventoryControl.Tests.dll" adapterTypeName="executor://xunit/VsTestRunner3/netcore/" className="InventoryControl.Tests.InventoryReservationIdempotencyTests" name="given_a_successful_reservation_when_replayed_then_the_message_factory_is_not_called" />
    </UnitTest>
    <UnitTest name="InventoryControl.Tests.InventoryIntegrationOutboxRelayTests.given_the_same_claimed_row_when_publish_is_retried_then_delivery_identity_and_event_time_are_stable" storage="/workspace/tests/inventorycontrol.tests/bin/release/net10.0/inventorycontrol.tests.dll" id="e320e74c-e51f-a38e-33ca-1e5f6409bb12">
      <Execution id="04161df8-f4dd-4874-9120-4e16d20668d4" />
      <TestMethod codeBase="/workspace/tests/InventoryControl.Tests/bin/Release/net10.0/InventoryControl.Tests.dll" adapterTypeName="executor://xunit/VsTestRunner3/netcore/" className="InventoryControl.Tests.InventoryIntegrationOutboxRelayTests" name="given_the_same_claimed_row_when_publish_is_retried_then_delivery_identity_and_event_time_are_stable" />
    </UnitTest>
    <UnitTest name="InventoryControl.Tests.ApplyGoodsReceiptUseCaseTests.given_invalid_receipt_identity_or_quantity_when_applied_then_store_is_not_called(invalidField: 0, quantity: 1)" storage="/workspace/tests/inventorycontrol.tests/bin/release/net10.0/inventorycontrol.tests.dll" id="72150dcf-7e43-8aad-64f5-69e21480ee9b">
      <Execution id="990c8de7-5a75-4a23-a324-298881b43a15" />
      <TestMethod codeBase="/workspace/tests/InventoryControl.Tests/bin/Release/net10.0/InventoryControl.Tests.dll" adapterTypeName="executor://xunit/VsTestRunner3/netcore/" className="InventoryControl.Tests.ApplyGoodsReceiptUseCaseTests" name="given_invalid_receipt_identity_or_quantity_when_applied_then_store_is_not_called" />
    </UnitTest>
    <UnitTest name="InventoryControl.Tests.InventoryStockUseCaseTests.given_inventory_item_exists_when_stock_is_restocked_then_state_and_event_are_staged" storage="/workspace/tests/inventorycontrol.tests/bin/release/net10.0/inventorycontrol.tests.dll" id="c54e4af9-9634-b65d-518e-41f83ad25f3d">
      <Execution id="5b2c890b-da63-4307-a231-dcc2b46ef2d4" />
      <TestMethod codeBase="/workspace/tests/InventoryControl.Tests/bin/Release/net10.0/InventoryControl.Tests.dll" adapterTypeName="executor://xunit/VsTestRunner3/netcore/" className="InventoryControl.Tests.InventoryStockUseCaseTests" name="given_inventory_item_exists_when_stock_is_restocked_then_state_and_event_are_staged" />
    </UnitTest>
    <UnitTest name="InventoryControl.Tests.InventoryEfPersistenceTests.given_a_row_created_with_existing_sql_when_queried_then_the_no_tracking_projection_preserves_its_values" storage="/workspace/tests/inventorycontrol.tests/bin/release/net10.0/inventorycontrol.tests.dll" id="05b566b0-211d-b65b-287b-b7286b0e1950">
      <Execution id="ef036079-e6c5-48aa-8fc2-2234c1c7ff40" />
      <TestMethod codeBase="/workspace/tests/InventoryControl.Tests/bin/Release/net10.0/InventoryControl.Tests.dll" adapterTypeName="executor://xunit/VsTestRunner3/netcore/" className="InventoryControl.Tests.InventoryEfPersistenceTests" name="given_a_row_created_with_existing_sql_when_queried_then_the_no_tracking_projection_preserves_its_values" />
    </UnitTest>
    <UnitTest name="InventoryControl.Tests.PostgresInventoryStockOutboxTests.given_a_stock_change_when_outbox_commit_succeeds_then_state_and_event_are_durable_together" storage="/workspace/tests/inventorycontrol.tests/bin/release/net10.0/inventorycontrol.tests.dll" id="53f3dce4-4e31-b30d-c97d-fdb5a6d3bc76">
      <Execution id="8e072d47-0354-4a46-a8c2-f0232ae3d721" />
      <TestMethod codeBase="/workspace/tests/InventoryControl.Tests/bin/Release/net10.0/InventoryControl.Tests.dll" adapterTypeName="executor://xunit/VsTestRunner3/netcore/" className="InventoryControl.Tests.PostgresInventoryStockOutboxTests" name="given_a_stock_change_when_outbox_commit_succeeds_then_state_and_event_are_durable_together" />
    </UnitTest>
    <UnitTest name="InventoryControl.Tests.PostgresInventoryReservationRepositoryTests.given_a_rolled_back_scope_when_the_operation_is_retried_then_only_the_retry_commits" storage="/workspace/tests/inventorycontrol.tests/bin/release/net10.0/inventorycontrol.tests.dll" id="36ee13b2-10fd-7c8f-033c-961be87879e4">
      <Execution id="2ce13d4b-d643-4367-b586-f3a3d3781aa7" />
      <TestMethod codeBase="/workspace/tests/InventoryControl.Tests/bin/Release/net10.0/InventoryControl.Tests.dll" adapterTypeName="executor://xunit/VsTestRunner3/netcore/" className="InventoryControl.Tests.PostgresInventoryReservationRepositoryTests" name="given_a_rolled_back_scope_when_the_operation_is_retried_then_only_the_retry_commits" />
    </UnitTest>
    <UnitTest name="InventoryControl.Tests.ReserveInventoryUseCaseTests.given_a_successful_replay_when_committed_then_stock_and_outbox_are_not_duplicated" storage="/workspace/tests/inventorycontrol.tests/bin/release/net10.0/inventorycontrol.tests.dll" id="3b7cb539-1d8f-0979-a048-57e5371a24b3">
      <Execution id="57aa1502-5379-4146-89d7-f24d09074a89" />
      <TestMethod codeBase="/workspace/tests/InventoryControl.Tests/bin/Release/net10.0/InventoryControl.Tests.dll" adapterTypeName="executor://xunit/VsTestRunner3/netcore/" className="InventoryControl.Tests.ReserveInventoryUseCaseTests" name="given_a_successful_replay_when_committed_then_stock_and_outbox_are_not_duplicated" />
    </UnitTest>
    <UnitTest name="InventoryControl.Tests.InventoryReservationIdempotencyTests.given_a_successful_replay_when_the_event_is_staged_then_delivery_identity_is_stable" storage="/workspace/tests/inventorycontrol.tests/bin/release/net10.0/inventorycontrol.tests.dll" id="ee2311f3-0b6d-dece-2842-a7d008c713ef">
      <Execution id="21ed89da-0168-4c30-8262-45e23fb1a107" />
      <TestMethod codeBase="/workspace/tests/InventoryControl.Tests/bin/Release/net10.0/InventoryControl.Tests.dll" adapterTypeName="executor://xunit/VsTestRunner3/netcore/" className="InventoryControl.Tests.InventoryReservationIdempotencyTests" name="given_a_successful_replay_when_the_event_is_staged_then_delivery_identity_is_stable" />
    </UnitTest>
    <UnitTest name="InventoryControl.Tests.ReserveInventoryUseCaseTests.given_non_positive_quantity_when_reserving_then_request_is_rejected_before_side_effects(quantity: -1)" storage="/workspace/tests/inventorycontrol.tests/bin/release/net10.0/inventorycontrol.tests.dll" id="5546368b-2249-0845-4283-1d96516b8070">
      <Execution id="669ebf79-765a-43b3-87be-cfe85ba44de1" />
      <TestMethod codeBase="/workspace/tests/InventoryControl.Tests/bin/Release/net10.0/InventoryControl.Tests.dll" adapterTypeName="executor://xunit/VsTestRunner3/netcore/" className="InventoryControl.Tests.ReserveInventoryUseCaseTests" name="given_non_positive_quantity_when_reserving_then_request_is_rejected_before_side_effects" />
    </UnitTest>
    <UnitTest name="InventoryControl.Tests.InventoryReservationIdempotencyTests.given_an_operation_identity_when_payload_changes_then_the_conflict_is_terminal" storage="/workspace/tests/inventorycontrol.tests/bin/release/net10.0/inventorycontrol.tests.dll" id="ee2b1223-801d-0842-2c63-44334463d49b">
      <Execution id="9cb04db6-efc9-44cf-ae1b-f9f1205f7351" />
      <TestMethod codeBase="/workspace/tests/InventoryControl.Tests/bin/Release/net10.0/InventoryControl.Tests.dll" adapterTypeName="executor://xunit/VsTestRunner3/netcore/" className="InventoryControl.Tests.InventoryReservationIdempotencyTests" name="given_an_operation_identity_when_payload_changes_then_the_conflict_is_terminal" />
    </UnitTest>
    <UnitTest name="InventoryControl.Tests.InventoryIntegrationOutboxRelayTests.given_five_transport_failures_when_relay_runs_again_then_the_row_is_parked_and_not_republished" storage="/workspace/tests/inventorycontrol.tests/bin/release/net10.0/inventorycontrol.tests.dll" id="f9f5ee6b-cc85-2b82-c9e0-f5aa687b41ec">
      <Execution id="ac0a7279-7e91-4533-a708-1912dda8948b" />
      <TestMethod codeBase="/workspace/tests/InventoryControl.Tests/bin/Release/net10.0/InventoryControl.Tests.dll" adapterTypeName="executor://xunit/VsTestRunner3/netcore/" className="InventoryControl.Tests.InventoryIntegrationOutboxRelayTests" name="given_five_transport_failures_when_relay_runs_again_then_the_row_is_parked_and_not_republished" />
    </UnitTest>
    <UnitTest name="InventoryControl.Tests.PostgresInventoryStockOutboxTests.given_a_tracked_stock_item_when_a_set_based_commit_succeeds_then_later_reads_see_current_state" storage="/workspace/tests/inventorycontrol.tests/bin/release/net10.0/inventorycontrol.tests.dll" id="4af1cc07-8970-5776-858e-e723bccb79e2">
      <Execution id="4a9ab7b0-cbd7-4001-8222-3a1dc3421ff3" />
      <TestMethod codeBase="/workspace/tests/InventoryControl.Tests/bin/Release/net10.0/InventoryControl.Tests.dll" adapterTypeName="executor://xunit/VsTestRunner3/netcore/" className="InventoryControl.Tests.PostgresInventoryStockOutboxTests" name="given_a_tracked_stock_item_when_a_set_based_commit_succeeds_then_later_reads_see_current_state" />
    </UnitTest>
    <UnitTest name="InventoryControl.Tests.InventoryIntegrationOutboxRelayTests.given_a_stable_delivery_when_published_then_wolverine_metadata_matches_the_outbox_identity" storage="/workspace/tests/inventorycontrol.tests/bin/release/net10.0/inventorycontrol.tests.dll" id="692b5a31-069b-ec1c-0ac9-3569ff039d4f">
      <Execution id="fd161cc7-bac2-4827-a567-ed2f3b18c7f1" />
      <TestMethod codeBase="/workspace/tests/InventoryControl.Tests/bin/Release/net10.0/InventoryControl.Tests.dll" adapterTypeName="executor://xunit/VsTestRunner3/netcore/" className="InventoryControl.Tests.InventoryIntegrationOutboxRelayTests" name="given_a_stable_delivery_when_published_then_wolverine_metadata_matches_the_outbox_identity" />
    </UnitTest>
    <UnitTest name="InventoryControl.Tests.InventoryIntegrationEventContractTests.given_an_increase_event_when_serialized_then_the_quantity_name_matches_its_business_meaning" storage="/workspace/tests/inventorycontrol.tests/bin/release/net10.0/inventorycontrol.tests.dll" id="d4d8d3d3-c24c-24a2-2005-baf73a252c2b">
      <Execution id="335777ee-c94d-4597-a3b5-554a1578b95e" />
      <TestMethod codeBase="/workspace/tests/InventoryControl.Tests/bin/Release/net10.0/InventoryControl.Tests.dll" adapterTypeName="executor://xunit/VsTestRunner3/netcore/" className="InventoryControl.Tests.InventoryIntegrationEventContractTests" name="given_an_increase_event_when_serialized_then_the_quantity_name_matches_its_business_meaning" />
    </UnitTest>
    <UnitTest name="InventoryControl.Tests.ApplyGoodsReceiptUseCaseTests.given_invalid_receipt_identity_or_quantity_when_applied_then_store_is_not_called(invalidField: 1, quantity: 0)" storage="/workspace/tests/inventorycontrol.tests/bin/release/net10.0/inventorycontrol.tests.dll" id="db630fe5-7620-6049-4bfb-21a2c73b0e96">
      <Execution id="da615f30-553a-4c27-9dad-928766d369c5" />
      <TestMethod codeBase="/workspace/tests/InventoryControl.Tests/bin/Release/net10.0/InventoryControl.Tests.dll" adapterTypeName="executor://xunit/VsTestRunner3/netcore/" className="InventoryControl.Tests.ApplyGoodsReceiptUseCaseTests" name="given_invalid_receipt_identity_or_quantity_when_applied_then_store_is_not_called" />
    </UnitTest>
    <UnitTest name="InventoryControl.Tests.ReserveInventoryUseCaseTests.given_a_transient_store_failure_when_reserving_then_exception_propagates_without_commit" storage="/workspace/tests/inventorycontrol.tests/bin/release/net10.0/inventorycontrol.tests.dll" id="80b736b3-55a1-7b18-8702-c3c2a4b80b4b">
      <Execution id="53e02ffa-cd49-422b-94bf-5bfe62dc14e7" />
      <TestMethod codeBase="/workspace/tests/InventoryControl.Tests/bin/Release/net10.0/InventoryControl.Tests.dll" adapterTypeName="executor://xunit/VsTestRunner3/netcore/" className="InventoryControl.Tests.ReserveInventoryUseCaseTests" name="given_a_transient_store_failure_when_reserving_then_exception_propagates_without_commit" />
    </UnitTest>
    <UnitTest name="InventoryControl.Tests.ReserveInventoryUseCaseTests.given_empty_operation_id_when_reserving_then_request_is_rejected_before_side_effects" storage="/workspace/tests/inventorycontrol.tests/bin/release/net10.0/inventorycontrol.tests.dll" id="cc7c580a-0ebc-1d35-8325-0094be293f74">
      <Execution id="a6f43a00-b5b0-46c4-91c7-a79423656202" />
      <TestMethod codeBase="/workspace/tests/InventoryControl.Tests/bin/Release/net10.0/InventoryControl.Tests.dll" adapterTypeName="executor://xunit/VsTestRunner3/netcore/" className="InventoryControl.Tests.ReserveInventoryUseCaseTests" name="given_empty_operation_id_when_reserving_then_request_is_rejected_before_side_effects" />
    </UnitTest>
    <UnitTest name="InventoryControl.Tests.InventoryStockUseCaseTests.given_inventory_item_exists_when_stock_is_increased_then_state_and_event_are_staged" storage="/workspace/tests/inventorycontrol.tests/bin/release/net10.0/inventorycontrol.tests.dll" id="0c0a0dee-9122-5132-9465-70b18bdc5340">
      <Execution id="f4102018-2090-4382-bdf0-c15bd1b8fea4" />
      <TestMethod codeBase="/workspace/tests/InventoryControl.Tests/bin/Release/net10.0/InventoryControl.Tests.dll" adapterTypeName="executor://xunit/VsTestRunner3/netcore/" className="InventoryControl.Tests.InventoryStockUseCaseTests" name="given_inventory_item_exists_when_stock_is_increased_then_state_and_event_are_staged" />
    </UnitTest>
    <UnitTest name="InventoryControl.Tests.InventoryStockUseCaseTests.given_inventory_item_is_missing_when_stock_is_decreased_then_failure_has_no_side_effects" storage="/workspace/tests/inventorycontrol.tests/bin/release/net10.0/inventorycontrol.tests.dll" id="0a25e6a0-dead-5915-b203-4f6dbf40fcc7">
      <Execution id="ee9a7ed6-fdc5-4a18-9601-918ae55a3069" />
      <TestMethod codeBase="/workspace/tests/InventoryControl.Tests/bin/Release/net10.0/InventoryControl.Tests.dll" adapterTypeName="executor://xunit/VsTestRunner3/netcore/" className="InventoryControl.Tests.InventoryStockUseCaseTests" name="given_inventory_item_is_missing_when_stock_is_decreased_then_failure_has_no_side_effects" />
    </UnitTest>
    <UnitTest name="InventoryControl.Tests.PostgresInventoryGoodsReceiptStoreTests.R04_given_a_completed_receipt_when_any_immutable_payload_field_changes_then_identity_conflicts_without_mutation" storage="/workspace/tests/inventorycontrol.tests/bin/release/net10.0/inventorycontrol.tests.dll" id="7c7390cc-379c-c1f2-b1a7-0d73cb44d032">
      <Execution id="7e8be39f-5a27-4b10-84d5-7d9be1c12e34" />
      <TestMethod codeBase="/workspace/tests/InventoryControl.Tests/bin/Release/net10.0/InventoryControl.Tests.dll" adapterTypeName="executor://xunit/VsTestRunner3/netcore/" className="InventoryControl.Tests.PostgresInventoryGoodsReceiptStoreTests" name="R04_given_a_completed_receipt_when_any_immutable_payload_field_changes_then_identity_conflicts_without_mutation" />
    </UnitTest>
    <UnitTest name="InventoryControl.Tests.GoodsReceivedHandlerTests.R04_given_a_receipt_identity_conflict_when_consumed_then_exception_reaches_the_failure_policy" storage="/workspace/tests/inventorycontrol.tests/bin/release/net10.0/inventorycontrol.tests.dll" id="db8cc4f6-ff1e-ac13-be5f-6254ba8c28af">
      <Execution id="2becd85c-5993-4f63-ba76-2a558555415f" />
      <TestMethod codeBase="/workspace/tests/InventoryControl.Tests/bin/Release/net10.0/InventoryControl.Tests.dll" adapterTypeName="executor://xunit/VsTestRunner3/netcore/" className="InventoryControl.Tests.GoodsReceivedHandlerTests" name="R04_given_a_receipt_identity_conflict_when_consumed_then_exception_reaches_the_failure_policy" />
    </UnitTest>
    <UnitTest name="InventoryControl.Tests.InventoryIntegrationOutboxRelayTests.given_an_expired_lease_when_relay_recovers_then_original_delivery_identity_is_preserved" storage="/workspace/tests/inventorycontrol.tests/bin/release/net10.0/inventorycontrol.tests.dll" id="9b511cb1-26ad-fafe-12a5-22d527ca6f8a">
      <Execution id="9e7ab47b-a0b2-4f1a-a9a1-4bca96c95f42" />
      <TestMethod codeBase="/workspace/tests/InventoryControl.Tests/bin/Release/net10.0/InventoryControl.Tests.dll" adapterTypeName="executor://xunit/VsTestRunner3/netcore/" className="InventoryControl.Tests.InventoryIntegrationOutboxRelayTests" name="given_an_expired_lease_when_relay_recovers_then_original_delivery_identity_is_preserved" />
    </UnitTest>
    <UnitTest name="InventoryControl.Tests.PostgresInventoryReservationRepositoryTests.given_a_failed_operation_when_stock_changes_then_replay_preserves_the_terminal_outcome" storage="/workspace/tests/inventorycontrol.tests/bin/release/net10.0/inventorycontrol.tests.dll" id="bc1e7a39-9320-6a09-c7ee-29209f8b9fdc">
      <Execution id="3187b3a0-52f5-43eb-8bad-94c267c9a786" />
      <TestMethod codeBase="/workspace/tests/InventoryControl.Tests/bin/Release/net10.0/InventoryControl.Tests.dll" adapterTypeName="executor://xunit/VsTestRunner3/netcore/" className="InventoryControl.Tests.PostgresInventoryReservationRepositoryTests" name="given_a_failed_operation_when_stock_changes_then_replay_preserves_the_terminal_outcome" />
    </UnitTest>
    <UnitTest name="InventoryControl.Tests.InventoryStockUseCaseTests.given_sufficient_stock_when_stock_is_decreased_then_state_and_event_are_staged" storage="/workspace/tests/inventorycontrol.tests/bin/release/net10.0/inventorycontrol.tests.dll" id="1c1e6999-6a68-ba8d-8cfd-5c63d5cbf9b3">
      <Execution id="141b817e-2e0d-4e83-92ee-df479c7aef2c" />
      <TestMethod codeBase="/workspace/tests/InventoryControl.Tests/bin/Release/net10.0/InventoryControl.Tests.dll" adapterTypeName="executor://xunit/VsTestRunner3/netcore/" className="InventoryControl.Tests.InventoryStockUseCaseTests" name="given_sufficient_stock_when_stock_is_decreased_then_state_and_event_are_staged" />
    </UnitTest>
    <UnitTest name="InventoryControl.Tests.ReserveInventoryUseCaseTests.given_an_operation_identity_conflict_when_reserving_then_only_the_original_outbox_message_remains" storage="/workspace/tests/inventorycontrol.tests/bin/release/net10.0/inventorycontrol.tests.dll" id="015f402e-753d-a427-9df1-b1876ca7f5bc">
      <Execution id="5ebbc661-06e0-422f-b3f3-234c7c57ff0e" />
      <TestMethod codeBase="/workspace/tests/InventoryControl.Tests/bin/Release/net10.0/InventoryControl.Tests.dll" adapterTypeName="executor://xunit/VsTestRunner3/netcore/" className="InventoryControl.Tests.ReserveInventoryUseCaseTests" name="given_an_operation_identity_conflict_when_reserving_then_only_the_original_outbox_message_remains" />
    </UnitTest>
  </TestDefinitions>
  <TestEntries>
    <TestEntry testId="ee2311f3-0b6d-dece-2842-a7d008c713ef" executionId="21ed89da-0168-4c30-8262-45e23fb1a107" testListId="8c84fa94-04c1-424b-9868-57a2d4851a1d" />
    <TestEntry testId="74e9b3f9-f961-5911-6804-31cb32ad8787" executionId="f295d96f-4241-4c8b-a43d-4eccfa3ddfdf" testListId="8c84fa94-04c1-424b-9868-57a2d4851a1d" />
    <TestEntry testId="0c0a0dee-9122-5132-9465-70b18bdc5340" executionId="f4102018-2090-4382-bdf0-c15bd1b8fea4" testListId="8c84fa94-04c1-424b-9868-57a2d4851a1d" />
    <TestEntry testId="7c7390cc-379c-c1f2-b1a7-0d73cb44d032" executionId="7e8be39f-5a27-4b10-84d5-7d9be1c12e34" testListId="8c84fa94-04c1-424b-9868-57a2d4851a1d" />
    <TestEntry testId="553b4493-8932-2af4-c62c-89f0d15c912b" executionId="5c646c6f-3c23-4cc6-8885-9f3321f1ba62" testListId="8c84fa94-04c1-424b-9868-57a2d4851a1d" />
    <TestEntry testId="d03d7b99-690c-22ec-2837-eb3749bd59b3" executionId="23ab647a-4e05-4db2-bde3-636873d645f1" testListId="8c84fa94-04c1-424b-9868-57a2d4851a1d" />
    <TestEntry testId="c54e4af9-9634-b65d-518e-41f83ad25f3d" executionId="5b2c890b-da63-4307-a231-dcc2b46ef2d4" testListId="8c84fa94-04c1-424b-9868-57a2d4851a1d" />
    <TestEntry testId="93eb783a-f5d6-606e-2042-a8ced005e946" executionId="5ffe0d09-a687-45e6-81c1-fa5bb9f6b388" testListId="8c84fa94-04c1-424b-9868-57a2d4851a1d" />
    <TestEntry testId="cd525e34-7276-827b-ee05-1bb4681e6315" executionId="8bf4137a-52f2-4bdd-b68e-21b889a2789a" testListId="8c84fa94-04c1-424b-9868-57a2d4851a1d" />
    <TestEntry testId="15b08716-c42d-6e2d-1425-f3d20bdda25c" executionId="f6e6b554-f31c-49d6-8664-f3ac6533baf6" testListId="8c84fa94-04c1-424b-9868-57a2d4851a1d" />
    <TestEntry testId="53f3dce4-4e31-b30d-c97d-fdb5a6d3bc76" executionId="8e072d47-0354-4a46-a8c2-f0232ae3d721" testListId="8c84fa94-04c1-424b-9868-57a2d4851a1d" />
    <TestEntry testId="db8cc4f6-ff1e-ac13-be5f-6254ba8c28af" executionId="2becd85c-5993-4f63-ba76-2a558555415f" testListId="8c84fa94-04c1-424b-9868-57a2d4851a1d" />
    <TestEntry testId="73363928-73b6-16a6-440f-85ad694e8d13" executionId="a5ac7a31-c7f1-4e2f-9d29-cf1901a514d2" testListId="8c84fa94-04c1-424b-9868-57a2d4851a1d" />
    <TestEntry testId="5546368b-2249-0845-4283-1d96516b8070" executionId="669ebf79-765a-43b3-87be-cfe85ba44de1" testListId="8c84fa94-04c1-424b-9868-57a2d4851a1d" />
    <TestEntry testId="bc1e7a39-9320-6a09-c7ee-29209f8b9fdc" executionId="3187b3a0-52f5-43eb-8bad-94c267c9a786" testListId="8c84fa94-04c1-424b-9868-57a2d4851a1d" />
    <TestEntry testId="ae7e4ce0-8759-48a3-8f8f-8f10de60351c" executionId="45a2da5d-10ea-4efd-91da-21c058a19595" testListId="8c84fa94-04c1-424b-9868-57a2d4851a1d" />
    <TestEntry testId="8f5e8bb9-e96d-1fd9-6eee-cf70384349e8" executionId="7484615e-cd13-4f4e-9bb8-da92a52ef1e5" testListId="8c84fa94-04c1-424b-9868-57a2d4851a1d" />
    <TestEntry testId="ee2b1223-801d-0842-2c63-44334463d49b" executionId="9cb04db6-efc9-44cf-ae1b-f9f1205f7351" testListId="8c84fa94-04c1-424b-9868-57a2d4851a1d" />
    <TestEntry testId="36ee13b2-10fd-7c8f-033c-961be87879e4" executionId="2ce13d4b-d643-4367-b586-f3a3d3781aa7" testListId="8c84fa94-04c1-424b-9868-57a2d4851a1d" />
    <TestEntry testId="474c635d-34a1-691d-a807-71db66dd65a0" executionId="3c8cf73b-7ad2-4384-8ea9-b0e82d14dccc" testListId="8c84fa94-04c1-424b-9868-57a2d4851a1d" />
    <TestEntry testId="d4d8d3d3-c24c-24a2-2005-baf73a252c2b" executionId="335777ee-c94d-4597-a3b5-554a1578b95e" testListId="8c84fa94-04c1-424b-9868-57a2d4851a1d" />
    <TestEntry testId="e8eb40db-1b7e-709a-6a67-2f6c38e47a9f" executionId="5cc5d079-1360-42c9-9de2-b4edda853e65" testListId="8c84fa94-04c1-424b-9868-57a2d4851a1d" />
    <TestEntry testId="f767a1e0-a8d1-aea9-fc3f-a26182ffb2b6" executionId="204af9e4-b8f7-457b-a87b-943bba3fcf2a" testListId="8c84fa94-04c1-424b-9868-57a2d4851a1d" />
    <TestEntry testId="7d8e6901-efcd-98bc-6b56-6e62bba55e0f" executionId="32b64695-86dd-4089-a59f-afe3e4d2076e" testListId="8c84fa94-04c1-424b-9868-57a2d4851a1d" />
    <TestEntry testId="038fa5f9-d9bb-8525-069c-1ab498209125" executionId="badcb581-30f1-4440-8a80-227b8ec77018" testListId="8c84fa94-04c1-424b-9868-57a2d4851a1d" />
    <TestEntry testId="4af1cc07-8970-5776-858e-e723bccb79e2" executionId="4a9ab7b0-cbd7-4001-8222-3a1dc3421ff3" testListId="8c84fa94-04c1-424b-9868-57a2d4851a1d" />
    <TestEntry testId="cb51bf81-b227-ecc9-d250-e5a47f3f3527" executionId="fbb475c4-546d-4602-ac55-939e78b8e9c0" testListId="8c84fa94-04c1-424b-9868-57a2d4851a1d" />
    <TestEntry testId="6bdd8976-4742-de1f-8457-1d7319c85f14" executionId="23ff9769-2d68-4d93-ab13-e92dec94199f" testListId="8c84fa94-04c1-424b-9868-57a2d4851a1d" />
    <TestEntry testId="3b7cb539-1d8f-0979-a048-57e5371a24b3" executionId="57aa1502-5379-4146-89d7-f24d09074a89" testListId="8c84fa94-04c1-424b-9868-57a2d4851a1d" />
    <TestEntry testId="deb63ec4-37df-f822-d566-60be36ec5d2a" executionId="39fef07b-50ff-4e0f-b10a-d11c7b7597f0" testListId="8c84fa94-04c1-424b-9868-57a2d4851a1d" />
    <TestEntry testId="28143cea-7654-1359-159b-0264a016fc2c" executionId="d396eb7a-23c2-405d-b6e6-e59aeb80f799" testListId="8c84fa94-04c1-424b-9868-57a2d4851a1d" />
    <TestEntry testId="0a25e6a0-dead-5915-b203-4f6dbf40fcc7" executionId="ee9a7ed6-fdc5-4a18-9601-918ae55a3069" testListId="8c84fa94-04c1-424b-9868-57a2d4851a1d" />
    <TestEntry testId="cc7c580a-0ebc-1d35-8325-0094be293f74" executionId="a6f43a00-b5b0-46c4-91c7-a79423656202" testListId="8c84fa94-04c1-424b-9868-57a2d4851a1d" />
    <TestEntry testId="9b511cb1-26ad-fafe-12a5-22d527ca6f8a" executionId="9e7ab47b-a0b2-4f1a-a9a1-4bca96c95f42" testListId="8c84fa94-04c1-424b-9868-57a2d4851a1d" />
    <TestEntry testId="f9f5ee6b-cc85-2b82-c9e0-f5aa687b41ec" executionId="ac0a7279-7e91-4533-a708-1912dda8948b" testListId="8c84fa94-04c1-424b-9868-57a2d4851a1d" />
    <TestEntry testId="db630fe5-7620-6049-4bfb-21a2c73b0e96" executionId="da615f30-553a-4c27-9dad-928766d369c5" testListId="8c84fa94-04c1-424b-9868-57a2d4851a1d" />
    <TestEntry testId="c6e3fa23-a81b-65ac-e9d9-1184da43a091" executionId="b94eb08c-7719-4065-bc30-5ef8d4544833" testListId="8c84fa94-04c1-424b-9868-57a2d4851a1d" />
    <TestEntry testId="fd27966b-3d49-ec39-7118-c5d3ff3e6e6e" executionId="1676c546-33e0-4630-9023-8875e6c636dc" testListId="8c84fa94-04c1-424b-9868-57a2d4851a1d" />
    <TestEntry testId="07577a2a-0728-7f6a-3a17-1648c264c216" executionId="dbf8e7df-6ae2-4787-a997-652052a7eda3" testListId="8c84fa94-04c1-424b-9868-57a2d4851a1d" />
    <TestEntry testId="cb71e4b1-477f-65ab-e000-fcc3e808dc05" executionId="4e441f64-98c6-451b-a43b-a29fa292aa0b" testListId="8c84fa94-04c1-424b-9868-57a2d4851a1d" />
    <TestEntry testId="05b566b0-211d-b65b-287b-b7286b0e1950" executionId="ef036079-e6c5-48aa-8fc2-2234c1c7ff40" testListId="8c84fa94-04c1-424b-9868-57a2d4851a1d" />
    <TestEntry testId="26034882-897c-695b-1022-51c47619d60e" executionId="e9d077e5-ae36-4e9f-b797-da460146e94d" testListId="8c84fa94-04c1-424b-9868-57a2d4851a1d" />
    <TestEntry testId="015f402e-753d-a427-9df1-b1876ca7f5bc" executionId="5ebbc661-06e0-422f-b3f3-234c7c57ff0e" testListId="8c84fa94-04c1-424b-9868-57a2d4851a1d" />
    <TestEntry testId="80b736b3-55a1-7b18-8702-c3c2a4b80b4b" executionId="53e02ffa-cd49-422b-94bf-5bfe62dc14e7" testListId="8c84fa94-04c1-424b-9868-57a2d4851a1d" />
    <TestEntry testId="cb54dc95-e423-443b-d4d4-89d045417413" executionId="ce7682fd-03c8-4e63-8b86-4075b5f11cab" testListId="8c84fa94-04c1-424b-9868-57a2d4851a1d" />
    <TestEntry testId="289ce3d2-ab3d-c903-a952-df42d076f4ed" executionId="448991fa-c3df-4880-8efa-fa8afa7becd1" testListId="8c84fa94-04c1-424b-9868-57a2d4851a1d" />
    <TestEntry testId="e320e74c-e51f-a38e-33ca-1e5f6409bb12" executionId="04161df8-f4dd-4874-9120-4e16d20668d4" testListId="8c84fa94-04c1-424b-9868-57a2d4851a1d" />
    <TestEntry testId="5d6d1ac1-de66-d056-3dcb-02a7772354b1" executionId="48d83ffd-28db-4b47-b5a5-5e8dfa33a08d" testListId="8c84fa94-04c1-424b-9868-57a2d4851a1d" />
    <TestEntry testId="67e54b6d-dc6b-4537-0c44-fe32c831da0a" executionId="64828538-1047-4d05-91a4-620568a08851" testListId="8c84fa94-04c1-424b-9868-57a2d4851a1d" />
    <TestEntry testId="1ded2800-8a4b-2112-a192-085521e8ce50" executionId="afe8107f-6d00-43d7-addd-53d4f51e1bea" testListId="8c84fa94-04c1-424b-9868-57a2d4851a1d" />
    <TestEntry testId="9783aabb-dcdb-206a-2dd9-fc545afad039" executionId="d4826401-3f25-4c21-b302-16340e4b9e13" testListId="8c84fa94-04c1-424b-9868-57a2d4851a1d" />
    <TestEntry testId="7c96d02a-fcf8-6199-2aa8-d482addda95c" executionId="69b17e0a-7d47-4691-8bec-a574e075eeb7" testListId="8c84fa94-04c1-424b-9868-57a2d4851a1d" />
    <TestEntry testId="9104363d-4ffc-438c-c561-384d09ed4b66" executionId="38bdebce-24c4-4ed5-9281-3378bd9c4639" testListId="8c84fa94-04c1-424b-9868-57a2d4851a1d" />
    <TestEntry testId="85d5f2fa-33f5-4830-e3ac-0ba8cf42e1ab" executionId="169d3098-5268-42fc-a2fb-d2e09db2e3d0" testListId="8c84fa94-04c1-424b-9868-57a2d4851a1d" />
    <TestEntry testId="7724d251-0b97-8d90-54a6-efc51a50ed1c" executionId="bfad6fbe-5e2d-497c-8e26-d8a3ccd080f1" testListId="8c84fa94-04c1-424b-9868-57a2d4851a1d" />
    <TestEntry testId="484fb1ff-1cc8-5c7d-ba6b-5c9c6104db92" executionId="9ee8adc0-376c-4557-8294-db664f67968b" testListId="8c84fa94-04c1-424b-9868-57a2d4851a1d" />
    <TestEntry testId="692b5a31-069b-ec1c-0ac9-3569ff039d4f" executionId="fd161cc7-bac2-4827-a567-ed2f3b18c7f1" testListId="8c84fa94-04c1-424b-9868-57a2d4851a1d" />
    <TestEntry testId="87a8cac2-715b-e17f-f58a-3cd9757415d1" executionId="f39b4e8a-4a13-4877-a995-efcfa5b2212c" testListId="8c84fa94-04c1-424b-9868-57a2d4851a1d" />
    <TestEntry testId="ecb194b9-fdd8-9c39-15e6-7dd8df40b68f" executionId="228409b9-d164-46e8-903a-6a288acbc570" testListId="8c84fa94-04c1-424b-9868-57a2d4851a1d" />
    <TestEntry testId="85183c30-5775-6713-fd1d-0abbdef3aab3" executionId="0425e20e-4a9a-40fb-b096-7bf22ae58306" testListId="8c84fa94-04c1-424b-9868-57a2d4851a1d" />
    <TestEntry testId="72150dcf-7e43-8aad-64f5-69e21480ee9b" executionId="990c8de7-5a75-4a23-a324-298881b43a15" testListId="8c84fa94-04c1-424b-9868-57a2d4851a1d" />
    <TestEntry testId="7d978729-e014-fb8e-5683-b9f46476b7ec" executionId="bea7860b-5782-4ab0-9b05-18f6a433da11" testListId="8c84fa94-04c1-424b-9868-57a2d4851a1d" />
    <TestEntry testId="6578b26c-648d-6b1c-76a9-600e44eaa8d7" executionId="a5d2f965-0669-480e-9ce0-c8de07c320e0" testListId="8c84fa94-04c1-424b-9868-57a2d4851a1d" />
    <TestEntry testId="1c1e6999-6a68-ba8d-8cfd-5c63d5cbf9b3" executionId="141b817e-2e0d-4e83-92ee-df479c7aef2c" testListId="8c84fa94-04c1-424b-9868-57a2d4851a1d" />
  </TestEntries>
  <TestLists>
    <TestList name="Results Not in a List" id="8c84fa94-04c1-424b-9868-57a2d4851a1d" />
    <TestList name="All Loaded Results" id="19431567-8539-422a-85d7-44ee4e166bda" />
  </TestLists>
  <ResultSummary outcome="Completed">
    <Counters total="64" executed="64" passed="64" failed="0" error="0" timeout="0" aborted="0" inconclusive="0" passedButRunAborted="0" notRunnable="0" notExecuted="0" disconnected="0" warning="0" completed="0" inProgress="0" pending="0" />
    <Output>
      <StdOut>[xUnit.net 00:00:00.00] xUnit.net VSTest Adapter v4.0.0+05679a7ab5 (64-bit .NET 10.0.12)
[xUnit.net 00:00:00.20]   Discovering: InventoryControl.Tests
[xUnit.net 00:00:00.48]   Discovered:  InventoryControl.Tests
[xUnit.net 00:00:00.69]   Starting:    InventoryControl.Tests
[xUnit.net 00:00:04.69]   Finished:    InventoryControl.Tests (ID = '9d9fbf092f721a75a5dad7e926000819a6758b2109b0cef81aa1532a8428f947')
</StdOut>
    </Output>
  </ResultSummary>
</TestRun>